<?xml version="1.0" encoding="UTF-8"?>
<testng-results ignored="0" total="105" passed="0" failed="105" skipped="0">
  <reporter-output>
  </reporter-output>
  <suite started-at="2023-09-13T16:56:04 EDT" name="Default suite" finished-at="2023-09-13T16:56:48 EDT" duration-ms="43912">
    <groups>
      <group name="cucumber">
        <method signature="AbstractTestNGCucumberTests.runScenario(io.cucumber.testng.PickleWrapper,io.cucumber.testng.FeatureWrapper)[pri:0, instance:com.LMS.testRunner.TestRunner@105b693d]" name="runScenario" class="io.cucumber.testng.AbstractTestNGCucumberTests"/>
      </group> <!-- cucumber -->
    </groups>
    <test started-at="2023-09-13T16:56:04 EDT" name="Default test" finished-at="2023-09-13T16:56:48 EDT" duration-ms="43912">
      <class name="com.LMS.testRunner.TestRunner">
        <test-method is-config="true" signature="setUpClass(org.testng.ITestContext)[pri:0, instance:com.LMS.testRunner.TestRunner@105b693d]" started-at="2023-09-13T16:56:04 EDT" name="setUpClass" finished-at="2023-09-13T16:56:15 EDT" duration-ms="11467" status="PASS">
          <params>
            <param index="0">
              <value>
                <![CDATA[org.testng.TestRunner@283fe454]]>
              </value>
            </param>
          </params>
          <reporter-output>
          </reporter-output>
        </test-method> <!-- setUpClass -->
        <test-method signature="runScenario(io.cucumber.testng.PickleWrapper,io.cucumber.testng.FeatureWrapper)[pri:0, instance:com.LMS.testRunner.TestRunner@105b693d]" started-at="2023-09-13T16:56:15 EDT" name="runScenario" description="Runs Cucumber Scenarios" data-provider="scenarios" finished-at="2023-09-13T16:56:16 EDT" duration-ms="946" status="FAIL">
          <params>
            <param index="0">
              <value>
                <![CDATA["Validate the Presence of the Fields in the Manage Attendance Page"]]>
              </value>
            </param>
            <param index="1">
              <value>
                <![CDATA["Attendance Page verification"]]>
              </value>
            </param>
          </params>
          <exception class="org.openqa.selenium.InvalidArgumentException">
            <message>
              <![CDATA[invalid argument
  (Session info: MicrosoftEdge=116.0.1938.76)
Build info: version: '4.10.0', revision: 'c14d967899'
System info: os.name: 'Windows 11', os.arch: 'amd64', os.version: '10.0', java.version: '20.0.2'
Driver info: org.openqa.selenium.edge.EdgeDriver
Command: [49d1b28bfcbbd22870cf5172a66c55de, get {url=LMSsite}]
Capabilities {acceptInsecureCerts: false, browserName: msedge, browserVersion: 116.0.1938.76, fedcm:accounts: true, ms:edgeOptions: {debuggerAddress: localhost:52688}, msedge: {msedgedriverVersion: 116.0.1938.76 (3ea752a1990a..., userDataDir: C:\Users\subul\AppData\Loca...}, networkConnectionEnabled: false, pageLoadStrategy: normal, platformName: windows, proxy: Proxy(), se:cdp: ws://localhost:52688/devtoo..., se:cdpVersion: 116.0.1938.76, setWindowRect: true, strictFileInteractability: false, timeouts: {implicit: 0, pageLoad: 300000, script: 30000}, unhandledPromptBehavior: dismiss and notify, webauthn:extension:credBlob: true, webauthn:extension:largeBlob: true, webauthn:extension:minPinLength: true, webauthn:extension:prf: true, webauthn:virtualAuthenticators: true}
Session ID: 49d1b28bfcbbd22870cf5172a66c55de]]>
            </message>
            <full-stacktrace>
              <![CDATA[org.openqa.selenium.InvalidArgumentException: invalid argument
  (Session info: MicrosoftEdge=116.0.1938.76)
Build info: version: '4.10.0', revision: 'c14d967899'
System info: os.name: 'Windows 11', os.arch: 'amd64', os.version: '10.0', java.version: '20.0.2'
Driver info: org.openqa.selenium.edge.EdgeDriver
Command: [49d1b28bfcbbd22870cf5172a66c55de, get {url=LMSsite}]
Capabilities {acceptInsecureCerts: false, browserName: msedge, browserVersion: 116.0.1938.76, fedcm:accounts: true, ms:edgeOptions: {debuggerAddress: localhost:52688}, msedge: {msedgedriverVersion: 116.0.1938.76 (3ea752a1990a..., userDataDir: C:\Users\subul\AppData\Loca...}, networkConnectionEnabled: false, pageLoadStrategy: normal, platformName: windows, proxy: Proxy(), se:cdp: ws://localhost:52688/devtoo..., se:cdpVersion: 116.0.1938.76, setWindowRect: true, strictFileInteractability: false, timeouts: {implicit: 0, pageLoad: 300000, script: 30000}, unhandledPromptBehavior: dismiss and notify, webauthn:extension:credBlob: true, webauthn:extension:largeBlob: true, webauthn:extension:minPinLength: true, webauthn:extension:prf: true, webauthn:virtualAuthenticators: true}
Session ID: 49d1b28bfcbbd22870cf5172a66c55de
at java.base/jdk.internal.reflect.DirectConstructorHandleAccessor.newInstance(DirectConstructorHandleAccessor.java:67)
at java.base/java.lang.reflect.Constructor.newInstanceWithCaller(Constructor.java:500)
at java.base/java.lang.reflect.Constructor.newInstance(Constructor.java:484)
at org.openqa.selenium.remote.codec.w3c.W3CHttpResponseCodec.createException(W3CHttpResponseCodec.java:199)
at org.openqa.selenium.remote.codec.w3c.W3CHttpResponseCodec.decode(W3CHttpResponseCodec.java:132)
at org.openqa.selenium.remote.codec.w3c.W3CHttpResponseCodec.decode(W3CHttpResponseCodec.java:51)
at org.openqa.selenium.remote.HttpCommandExecutor.execute(HttpCommandExecutor.java:191)
at org.openqa.selenium.remote.service.DriverCommandExecutor.invokeExecute(DriverCommandExecutor.java:196)
at org.openqa.selenium.remote.service.DriverCommandExecutor.execute(DriverCommandExecutor.java:171)
at org.openqa.selenium.remote.RemoteWebDriver.execute(RemoteWebDriver.java:531)
at org.openqa.selenium.remote.RemoteWebDriver.get(RemoteWebDriver.java:295)
at com.LMS.stepDefinitions.AttendanceSteps.admin_is_on_dashboard_page_after_login(AttendanceSteps.java:17)
at ?.Admin is on dashboard page after login(file:///C:/Users/subul/eclipse-workspace/LMSPhase2Team2/src/test/resources/features/I_attendance.feature:5)
]]>
            </full-stacktrace>
          </exception> <!-- org.openqa.selenium.InvalidArgumentException -->
          <reporter-output>
          </reporter-output>
        </test-method> <!-- runScenario -->
        <test-method signature="runScenario(io.cucumber.testng.PickleWrapper,io.cucumber.testng.FeatureWrapper)[pri:0, instance:com.LMS.testRunner.TestRunner@105b693d]" started-at="2023-09-13T16:56:16 EDT" name="runScenario" description="Runs Cucumber Scenarios" data-provider="scenarios" finished-at="2023-09-13T16:56:17 EDT" duration-ms="376" status="FAIL">
          <params>
            <param index="0">
              <value>
                <![CDATA["Validate the Presence of the Fields in the Manage Attendance Page"]]>
              </value>
            </param>
            <param index="1">
              <value>
                <![CDATA["Attendance Page verification"]]>
              </value>
            </param>
          </params>
          <exception class="org.openqa.selenium.InvalidArgumentException">
            <message>
              <![CDATA[invalid argument
  (Session info: MicrosoftEdge=116.0.1938.76)
Build info: version: '4.10.0', revision: 'c14d967899'
System info: os.name: 'Windows 11', os.arch: 'amd64', os.version: '10.0', java.version: '20.0.2'
Driver info: org.openqa.selenium.edge.EdgeDriver
Command: [49d1b28bfcbbd22870cf5172a66c55de, get {url=LMSsite}]
Capabilities {acceptInsecureCerts: false, browserName: msedge, browserVersion: 116.0.1938.76, fedcm:accounts: true, ms:edgeOptions: {debuggerAddress: localhost:52688}, msedge: {msedgedriverVersion: 116.0.1938.76 (3ea752a1990a..., userDataDir: C:\Users\subul\AppData\Loca...}, networkConnectionEnabled: false, pageLoadStrategy: normal, platformName: windows, proxy: Proxy(), se:cdp: ws://localhost:52688/devtoo..., se:cdpVersion: 116.0.1938.76, setWindowRect: true, strictFileInteractability: false, timeouts: {implicit: 0, pageLoad: 300000, script: 30000}, unhandledPromptBehavior: dismiss and notify, webauthn:extension:credBlob: true, webauthn:extension:largeBlob: true, webauthn:extension:minPinLength: true, webauthn:extension:prf: true, webauthn:virtualAuthenticators: true}
Session ID: 49d1b28bfcbbd22870cf5172a66c55de]]>
            </message>
            <full-stacktrace>
              <![CDATA[org.openqa.selenium.InvalidArgumentException: invalid argument
  (Session info: MicrosoftEdge=116.0.1938.76)
Build info: version: '4.10.0', revision: 'c14d967899'
System info: os.name: 'Windows 11', os.arch: 'amd64', os.version: '10.0', java.version: '20.0.2'
Driver info: org.openqa.selenium.edge.EdgeDriver
Command: [49d1b28bfcbbd22870cf5172a66c55de, get {url=LMSsite}]
Capabilities {acceptInsecureCerts: false, browserName: msedge, browserVersion: 116.0.1938.76, fedcm:accounts: true, ms:edgeOptions: {debuggerAddress: localhost:52688}, msedge: {msedgedriverVersion: 116.0.1938.76 (3ea752a1990a..., userDataDir: C:\Users\subul\AppData\Loca...}, networkConnectionEnabled: false, pageLoadStrategy: normal, platformName: windows, proxy: Proxy(), se:cdp: ws://localhost:52688/devtoo..., se:cdpVersion: 116.0.1938.76, setWindowRect: true, strictFileInteractability: false, timeouts: {implicit: 0, pageLoad: 300000, script: 30000}, unhandledPromptBehavior: dismiss and notify, webauthn:extension:credBlob: true, webauthn:extension:largeBlob: true, webauthn:extension:minPinLength: true, webauthn:extension:prf: true, webauthn:virtualAuthenticators: true}
Session ID: 49d1b28bfcbbd22870cf5172a66c55de
at java.base/jdk.internal.reflect.DirectConstructorHandleAccessor.newInstance(DirectConstructorHandleAccessor.java:67)
at java.base/java.lang.reflect.Constructor.newInstanceWithCaller(Constructor.java:500)
at java.base/java.lang.reflect.Constructor.newInstance(Constructor.java:484)
at org.openqa.selenium.remote.codec.w3c.W3CHttpResponseCodec.createException(W3CHttpResponseCodec.java:199)
at org.openqa.selenium.remote.codec.w3c.W3CHttpResponseCodec.decode(W3CHttpResponseCodec.java:132)
at org.openqa.selenium.remote.codec.w3c.W3CHttpResponseCodec.decode(W3CHttpResponseCodec.java:51)
at org.openqa.selenium.remote.HttpCommandExecutor.execute(HttpCommandExecutor.java:191)
at org.openqa.selenium.remote.service.DriverCommandExecutor.invokeExecute(DriverCommandExecutor.java:196)
at org.openqa.selenium.remote.service.DriverCommandExecutor.execute(DriverCommandExecutor.java:171)
at org.openqa.selenium.remote.RemoteWebDriver.execute(RemoteWebDriver.java:531)
at org.openqa.selenium.remote.RemoteWebDriver.get(RemoteWebDriver.java:295)
at com.LMS.stepDefinitions.AttendanceSteps.admin_is_on_dashboard_page_after_login(AttendanceSteps.java:17)
at ?.Admin is on dashboard page after login(file:///C:/Users/subul/eclipse-workspace/LMSPhase2Team2/src/test/resources/features/I_attendance.feature:5)
]]>
            </full-stacktrace>
          </exception> <!-- org.openqa.selenium.InvalidArgumentException -->
          <reporter-output>
          </reporter-output>
        </test-method> <!-- runScenario -->
        <test-method signature="runScenario(io.cucumber.testng.PickleWrapper,io.cucumber.testng.FeatureWrapper)[pri:0, instance:com.LMS.testRunner.TestRunner@105b693d]" started-at="2023-09-13T16:56:17 EDT" name="runScenario" description="Runs Cucumber Scenarios" data-provider="scenarios" finished-at="2023-09-13T16:56:18 EDT" duration-ms="1269" status="FAIL">
          <params>
            <param index="0">
              <value>
                <![CDATA["Validate the Presence of the Fields in the Manage Attendance Page"]]>
              </value>
            </param>
            <param index="1">
              <value>
                <![CDATA["Attendance Page verification"]]>
              </value>
            </param>
          </params>
          <exception class="org.openqa.selenium.InvalidArgumentException">
            <message>
              <![CDATA[invalid argument
  (Session info: MicrosoftEdge=116.0.1938.76)
Build info: version: '4.10.0', revision: 'c14d967899'
System info: os.name: 'Windows 11', os.arch: 'amd64', os.version: '10.0', java.version: '20.0.2'
Driver info: org.openqa.selenium.edge.EdgeDriver
Command: [49d1b28bfcbbd22870cf5172a66c55de, get {url=LMSsite}]
Capabilities {acceptInsecureCerts: false, browserName: msedge, browserVersion: 116.0.1938.76, fedcm:accounts: true, ms:edgeOptions: {debuggerAddress: localhost:52688}, msedge: {msedgedriverVersion: 116.0.1938.76 (3ea752a1990a..., userDataDir: C:\Users\subul\AppData\Loca...}, networkConnectionEnabled: false, pageLoadStrategy: normal, platformName: windows, proxy: Proxy(), se:cdp: ws://localhost:52688/devtoo..., se:cdpVersion: 116.0.1938.76, setWindowRect: true, strictFileInteractability: false, timeouts: {implicit: 0, pageLoad: 300000, script: 30000}, unhandledPromptBehavior: dismiss and notify, webauthn:extension:credBlob: true, webauthn:extension:largeBlob: true, webauthn:extension:minPinLength: true, webauthn:extension:prf: true, webauthn:virtualAuthenticators: true}
Session ID: 49d1b28bfcbbd22870cf5172a66c55de]]>
            </message>
            <full-stacktrace>
              <![CDATA[org.openqa.selenium.InvalidArgumentException: invalid argument
  (Session info: MicrosoftEdge=116.0.1938.76)
Build info: version: '4.10.0', revision: 'c14d967899'
System info: os.name: 'Windows 11', os.arch: 'amd64', os.version: '10.0', java.version: '20.0.2'
Driver info: org.openqa.selenium.edge.EdgeDriver
Command: [49d1b28bfcbbd22870cf5172a66c55de, get {url=LMSsite}]
Capabilities {acceptInsecureCerts: false, browserName: msedge, browserVersion: 116.0.1938.76, fedcm:accounts: true, ms:edgeOptions: {debuggerAddress: localhost:52688}, msedge: {msedgedriverVersion: 116.0.1938.76 (3ea752a1990a..., userDataDir: C:\Users\subul\AppData\Loca...}, networkConnectionEnabled: false, pageLoadStrategy: normal, platformName: windows, proxy: Proxy(), se:cdp: ws://localhost:52688/devtoo..., se:cdpVersion: 116.0.1938.76, setWindowRect: true, strictFileInteractability: false, timeouts: {implicit: 0, pageLoad: 300000, script: 30000}, unhandledPromptBehavior: dismiss and notify, webauthn:extension:credBlob: true, webauthn:extension:largeBlob: true, webauthn:extension:minPinLength: true, webauthn:extension:prf: true, webauthn:virtualAuthenticators: true}
Session ID: 49d1b28bfcbbd22870cf5172a66c55de
at java.base/jdk.internal.reflect.DirectConstructorHandleAccessor.newInstance(DirectConstructorHandleAccessor.java:67)
at java.base/java.lang.reflect.Constructor.newInstanceWithCaller(Constructor.java:500)
at java.base/java.lang.reflect.Constructor.newInstance(Constructor.java:484)
at org.openqa.selenium.remote.codec.w3c.W3CHttpResponseCodec.createException(W3CHttpResponseCodec.java:199)
at org.openqa.selenium.remote.codec.w3c.W3CHttpResponseCodec.decode(W3CHttpResponseCodec.java:132)
at org.openqa.selenium.remote.codec.w3c.W3CHttpResponseCodec.decode(W3CHttpResponseCodec.java:51)
at org.openqa.selenium.remote.HttpCommandExecutor.execute(HttpCommandExecutor.java:191)
at org.openqa.selenium.remote.service.DriverCommandExecutor.invokeExecute(DriverCommandExecutor.java:196)
at org.openqa.selenium.remote.service.DriverCommandExecutor.execute(DriverCommandExecutor.java:171)
at org.openqa.selenium.remote.RemoteWebDriver.execute(RemoteWebDriver.java:531)
at org.openqa.selenium.remote.RemoteWebDriver.get(RemoteWebDriver.java:295)
at com.LMS.stepDefinitions.AttendanceSteps.admin_is_on_dashboard_page_after_login(AttendanceSteps.java:17)
at ?.Admin is on dashboard page after login(file:///C:/Users/subul/eclipse-workspace/LMSPhase2Team2/src/test/resources/features/I_attendance.feature:5)
]]>
            </full-stacktrace>
          </exception> <!-- org.openqa.selenium.InvalidArgumentException -->
          <reporter-output>
          </reporter-output>
        </test-method> <!-- runScenario -->
        <test-method signature="runScenario(io.cucumber.testng.PickleWrapper,io.cucumber.testng.FeatureWrapper)[pri:0, instance:com.LMS.testRunner.TestRunner@105b693d]" started-at="2023-09-13T16:56:18 EDT" name="runScenario" description="Runs Cucumber Scenarios" data-provider="scenarios" finished-at="2023-09-13T16:56:18 EDT" duration-ms="223" status="FAIL">
          <params>
            <param index="0">
              <value>
                <![CDATA["Validate the Presence of the Fields in the Manage Attendance Page"]]>
              </value>
            </param>
            <param index="1">
              <value>
                <![CDATA["Attendance Page verification"]]>
              </value>
            </param>
          </params>
          <exception class="org.openqa.selenium.InvalidArgumentException">
            <message>
              <![CDATA[invalid argument
  (Session info: MicrosoftEdge=116.0.1938.76)
Build info: version: '4.10.0', revision: 'c14d967899'
System info: os.name: 'Windows 11', os.arch: 'amd64', os.version: '10.0', java.version: '20.0.2'
Driver info: org.openqa.selenium.edge.EdgeDriver
Command: [49d1b28bfcbbd22870cf5172a66c55de, get {url=LMSsite}]
Capabilities {acceptInsecureCerts: false, browserName: msedge, browserVersion: 116.0.1938.76, fedcm:accounts: true, ms:edgeOptions: {debuggerAddress: localhost:52688}, msedge: {msedgedriverVersion: 116.0.1938.76 (3ea752a1990a..., userDataDir: C:\Users\subul\AppData\Loca...}, networkConnectionEnabled: false, pageLoadStrategy: normal, platformName: windows, proxy: Proxy(), se:cdp: ws://localhost:52688/devtoo..., se:cdpVersion: 116.0.1938.76, setWindowRect: true, strictFileInteractability: false, timeouts: {implicit: 0, pageLoad: 300000, script: 30000}, unhandledPromptBehavior: dismiss and notify, webauthn:extension:credBlob: true, webauthn:extension:largeBlob: true, webauthn:extension:minPinLength: true, webauthn:extension:prf: true, webauthn:virtualAuthenticators: true}
Session ID: 49d1b28bfcbbd22870cf5172a66c55de]]>
            </message>
            <full-stacktrace>
              <![CDATA[org.openqa.selenium.InvalidArgumentException: invalid argument
  (Session info: MicrosoftEdge=116.0.1938.76)
Build info: version: '4.10.0', revision: 'c14d967899'
System info: os.name: 'Windows 11', os.arch: 'amd64', os.version: '10.0', java.version: '20.0.2'
Driver info: org.openqa.selenium.edge.EdgeDriver
Command: [49d1b28bfcbbd22870cf5172a66c55de, get {url=LMSsite}]
Capabilities {acceptInsecureCerts: false, browserName: msedge, browserVersion: 116.0.1938.76, fedcm:accounts: true, ms:edgeOptions: {debuggerAddress: localhost:52688}, msedge: {msedgedriverVersion: 116.0.1938.76 (3ea752a1990a..., userDataDir: C:\Users\subul\AppData\Loca...}, networkConnectionEnabled: false, pageLoadStrategy: normal, platformName: windows, proxy: Proxy(), se:cdp: ws://localhost:52688/devtoo..., se:cdpVersion: 116.0.1938.76, setWindowRect: true, strictFileInteractability: false, timeouts: {implicit: 0, pageLoad: 300000, script: 30000}, unhandledPromptBehavior: dismiss and notify, webauthn:extension:credBlob: true, webauthn:extension:largeBlob: true, webauthn:extension:minPinLength: true, webauthn:extension:prf: true, webauthn:virtualAuthenticators: true}
Session ID: 49d1b28bfcbbd22870cf5172a66c55de
at java.base/jdk.internal.reflect.DirectConstructorHandleAccessor.newInstance(DirectConstructorHandleAccessor.java:67)
at java.base/java.lang.reflect.Constructor.newInstanceWithCaller(Constructor.java:500)
at java.base/java.lang.reflect.Constructor.newInstance(Constructor.java:484)
at org.openqa.selenium.remote.codec.w3c.W3CHttpResponseCodec.createException(W3CHttpResponseCodec.java:199)
at org.openqa.selenium.remote.codec.w3c.W3CHttpResponseCodec.decode(W3CHttpResponseCodec.java:132)
at org.openqa.selenium.remote.codec.w3c.W3CHttpResponseCodec.decode(W3CHttpResponseCodec.java:51)
at org.openqa.selenium.remote.HttpCommandExecutor.execute(HttpCommandExecutor.java:191)
at org.openqa.selenium.remote.service.DriverCommandExecutor.invokeExecute(DriverCommandExecutor.java:196)
at org.openqa.selenium.remote.service.DriverCommandExecutor.execute(DriverCommandExecutor.java:171)
at org.openqa.selenium.remote.RemoteWebDriver.execute(RemoteWebDriver.java:531)
at org.openqa.selenium.remote.RemoteWebDriver.get(RemoteWebDriver.java:295)
at com.LMS.stepDefinitions.AttendanceSteps.admin_is_on_dashboard_page_after_login(AttendanceSteps.java:17)
at ?.Admin is on dashboard page after login(file:///C:/Users/subul/eclipse-workspace/LMSPhase2Team2/src/test/resources/features/I_attendance.feature:5)
]]>
            </full-stacktrace>
          </exception> <!-- org.openqa.selenium.InvalidArgumentException -->
          <reporter-output>
          </reporter-output>
        </test-method> <!-- runScenario -->
        <test-method signature="runScenario(io.cucumber.testng.PickleWrapper,io.cucumber.testng.FeatureWrapper)[pri:0, instance:com.LMS.testRunner.TestRunner@105b693d]" started-at="2023-09-13T16:56:18 EDT" name="runScenario" description="Runs Cucumber Scenarios" data-provider="scenarios" finished-at="2023-09-13T16:56:18 EDT" duration-ms="209" status="FAIL">
          <params>
            <param index="0">
              <value>
                <![CDATA["Validate the Presence of the Fields in the Manage Attendance Page"]]>
              </value>
            </param>
            <param index="1">
              <value>
                <![CDATA["Attendance Page verification"]]>
              </value>
            </param>
          </params>
          <exception class="org.openqa.selenium.InvalidArgumentException">
            <message>
              <![CDATA[invalid argument
  (Session info: MicrosoftEdge=116.0.1938.76)
Build info: version: '4.10.0', revision: 'c14d967899'
System info: os.name: 'Windows 11', os.arch: 'amd64', os.version: '10.0', java.version: '20.0.2'
Driver info: org.openqa.selenium.edge.EdgeDriver
Command: [49d1b28bfcbbd22870cf5172a66c55de, get {url=LMSsite}]
Capabilities {acceptInsecureCerts: false, browserName: msedge, browserVersion: 116.0.1938.76, fedcm:accounts: true, ms:edgeOptions: {debuggerAddress: localhost:52688}, msedge: {msedgedriverVersion: 116.0.1938.76 (3ea752a1990a..., userDataDir: C:\Users\subul\AppData\Loca...}, networkConnectionEnabled: false, pageLoadStrategy: normal, platformName: windows, proxy: Proxy(), se:cdp: ws://localhost:52688/devtoo..., se:cdpVersion: 116.0.1938.76, setWindowRect: true, strictFileInteractability: false, timeouts: {implicit: 0, pageLoad: 300000, script: 30000}, unhandledPromptBehavior: dismiss and notify, webauthn:extension:credBlob: true, webauthn:extension:largeBlob: true, webauthn:extension:minPinLength: true, webauthn:extension:prf: true, webauthn:virtualAuthenticators: true}
Session ID: 49d1b28bfcbbd22870cf5172a66c55de]]>
            </message>
            <full-stacktrace>
              <![CDATA[org.openqa.selenium.InvalidArgumentException: invalid argument
  (Session info: MicrosoftEdge=116.0.1938.76)
Build info: version: '4.10.0', revision: 'c14d967899'
System info: os.name: 'Windows 11', os.arch: 'amd64', os.version: '10.0', java.version: '20.0.2'
Driver info: org.openqa.selenium.edge.EdgeDriver
Command: [49d1b28bfcbbd22870cf5172a66c55de, get {url=LMSsite}]
Capabilities {acceptInsecureCerts: false, browserName: msedge, browserVersion: 116.0.1938.76, fedcm:accounts: true, ms:edgeOptions: {debuggerAddress: localhost:52688}, msedge: {msedgedriverVersion: 116.0.1938.76 (3ea752a1990a..., userDataDir: C:\Users\subul\AppData\Loca...}, networkConnectionEnabled: false, pageLoadStrategy: normal, platformName: windows, proxy: Proxy(), se:cdp: ws://localhost:52688/devtoo..., se:cdpVersion: 116.0.1938.76, setWindowRect: true, strictFileInteractability: false, timeouts: {implicit: 0, pageLoad: 300000, script: 30000}, unhandledPromptBehavior: dismiss and notify, webauthn:extension:credBlob: true, webauthn:extension:largeBlob: true, webauthn:extension:minPinLength: true, webauthn:extension:prf: true, webauthn:virtualAuthenticators: true}
Session ID: 49d1b28bfcbbd22870cf5172a66c55de
at java.base/jdk.internal.reflect.DirectConstructorHandleAccessor.newInstance(DirectConstructorHandleAccessor.java:67)
at java.base/java.lang.reflect.Constructor.newInstanceWithCaller(Constructor.java:500)
at java.base/java.lang.reflect.Constructor.newInstance(Constructor.java:484)
at org.openqa.selenium.remote.codec.w3c.W3CHttpResponseCodec.createException(W3CHttpResponseCodec.java:199)
at org.openqa.selenium.remote.codec.w3c.W3CHttpResponseCodec.decode(W3CHttpResponseCodec.java:132)
at org.openqa.selenium.remote.codec.w3c.W3CHttpResponseCodec.decode(W3CHttpResponseCodec.java:51)
at org.openqa.selenium.remote.HttpCommandExecutor.execute(HttpCommandExecutor.java:191)
at org.openqa.selenium.remote.service.DriverCommandExecutor.invokeExecute(DriverCommandExecutor.java:196)
at org.openqa.selenium.remote.service.DriverCommandExecutor.execute(DriverCommandExecutor.java:171)
at org.openqa.selenium.remote.RemoteWebDriver.execute(RemoteWebDriver.java:531)
at org.openqa.selenium.remote.RemoteWebDriver.get(RemoteWebDriver.java:295)
at com.LMS.stepDefinitions.AttendanceSteps.admin_is_on_dashboard_page_after_login(AttendanceSteps.java:17)
at ?.Admin is on dashboard page after login(file:///C:/Users/subul/eclipse-workspace/LMSPhase2Team2/src/test/resources/features/I_attendance.feature:5)
]]>
            </full-stacktrace>
          </exception> <!-- org.openqa.selenium.InvalidArgumentException -->
          <reporter-output>
          </reporter-output>
        </test-method> <!-- runScenario -->
        <test-method signature="runScenario(io.cucumber.testng.PickleWrapper,io.cucumber.testng.FeatureWrapper)[pri:0, instance:com.LMS.testRunner.TestRunner@105b693d]" started-at="2023-09-13T16:56:19 EDT" name="runScenario" description="Runs Cucumber Scenarios" data-provider="scenarios" finished-at="2023-09-13T16:56:19 EDT" duration-ms="232" status="FAIL">
          <params>
            <param index="0">
              <value>
                <![CDATA["Validate the Presence of the Fields in the Manage Attendance Page"]]>
              </value>
            </param>
            <param index="1">
              <value>
                <![CDATA["Attendance Page verification"]]>
              </value>
            </param>
          </params>
          <exception class="org.openqa.selenium.InvalidArgumentException">
            <message>
              <![CDATA[invalid argument
  (Session info: MicrosoftEdge=116.0.1938.76)
Build info: version: '4.10.0', revision: 'c14d967899'
System info: os.name: 'Windows 11', os.arch: 'amd64', os.version: '10.0', java.version: '20.0.2'
Driver info: org.openqa.selenium.edge.EdgeDriver
Command: [49d1b28bfcbbd22870cf5172a66c55de, get {url=LMSsite}]
Capabilities {acceptInsecureCerts: false, browserName: msedge, browserVersion: 116.0.1938.76, fedcm:accounts: true, ms:edgeOptions: {debuggerAddress: localhost:52688}, msedge: {msedgedriverVersion: 116.0.1938.76 (3ea752a1990a..., userDataDir: C:\Users\subul\AppData\Loca...}, networkConnectionEnabled: false, pageLoadStrategy: normal, platformName: windows, proxy: Proxy(), se:cdp: ws://localhost:52688/devtoo..., se:cdpVersion: 116.0.1938.76, setWindowRect: true, strictFileInteractability: false, timeouts: {implicit: 0, pageLoad: 300000, script: 30000}, unhandledPromptBehavior: dismiss and notify, webauthn:extension:credBlob: true, webauthn:extension:largeBlob: true, webauthn:extension:minPinLength: true, webauthn:extension:prf: true, webauthn:virtualAuthenticators: true}
Session ID: 49d1b28bfcbbd22870cf5172a66c55de]]>
            </message>
            <full-stacktrace>
              <![CDATA[org.openqa.selenium.InvalidArgumentException: invalid argument
  (Session info: MicrosoftEdge=116.0.1938.76)
Build info: version: '4.10.0', revision: 'c14d967899'
System info: os.name: 'Windows 11', os.arch: 'amd64', os.version: '10.0', java.version: '20.0.2'
Driver info: org.openqa.selenium.edge.EdgeDriver
Command: [49d1b28bfcbbd22870cf5172a66c55de, get {url=LMSsite}]
Capabilities {acceptInsecureCerts: false, browserName: msedge, browserVersion: 116.0.1938.76, fedcm:accounts: true, ms:edgeOptions: {debuggerAddress: localhost:52688}, msedge: {msedgedriverVersion: 116.0.1938.76 (3ea752a1990a..., userDataDir: C:\Users\subul\AppData\Loca...}, networkConnectionEnabled: false, pageLoadStrategy: normal, platformName: windows, proxy: Proxy(), se:cdp: ws://localhost:52688/devtoo..., se:cdpVersion: 116.0.1938.76, setWindowRect: true, strictFileInteractability: false, timeouts: {implicit: 0, pageLoad: 300000, script: 30000}, unhandledPromptBehavior: dismiss and notify, webauthn:extension:credBlob: true, webauthn:extension:largeBlob: true, webauthn:extension:minPinLength: true, webauthn:extension:prf: true, webauthn:virtualAuthenticators: true}
Session ID: 49d1b28bfcbbd22870cf5172a66c55de
at java.base/jdk.internal.reflect.DirectConstructorHandleAccessor.newInstance(DirectConstructorHandleAccessor.java:67)
at java.base/java.lang.reflect.Constructor.newInstanceWithCaller(Constructor.java:500)
at java.base/java.lang.reflect.Constructor.newInstance(Constructor.java:484)
at org.openqa.selenium.remote.codec.w3c.W3CHttpResponseCodec.createException(W3CHttpResponseCodec.java:199)
at org.openqa.selenium.remote.codec.w3c.W3CHttpResponseCodec.decode(W3CHttpResponseCodec.java:132)
at org.openqa.selenium.remote.codec.w3c.W3CHttpResponseCodec.decode(W3CHttpResponseCodec.java:51)
at org.openqa.selenium.remote.HttpCommandExecutor.execute(HttpCommandExecutor.java:191)
at org.openqa.selenium.remote.service.DriverCommandExecutor.invokeExecute(DriverCommandExecutor.java:196)
at org.openqa.selenium.remote.service.DriverCommandExecutor.execute(DriverCommandExecutor.java:171)
at org.openqa.selenium.remote.RemoteWebDriver.execute(RemoteWebDriver.java:531)
at org.openqa.selenium.remote.RemoteWebDriver.get(RemoteWebDriver.java:295)
at com.LMS.stepDefinitions.AttendanceSteps.admin_is_on_dashboard_page_after_login(AttendanceSteps.java:17)
at ?.Admin is on dashboard page after login(file:///C:/Users/subul/eclipse-workspace/LMSPhase2Team2/src/test/resources/features/I_attendance.feature:5)
]]>
            </full-stacktrace>
          </exception> <!-- org.openqa.selenium.InvalidArgumentException -->
          <reporter-output>
          </reporter-output>
        </test-method> <!-- runScenario -->
        <test-method signature="runScenario(io.cucumber.testng.PickleWrapper,io.cucumber.testng.FeatureWrapper)[pri:0, instance:com.LMS.testRunner.TestRunner@105b693d]" started-at="2023-09-13T16:56:19 EDT" name="runScenario" description="Runs Cucumber Scenarios" data-provider="scenarios" finished-at="2023-09-13T16:56:19 EDT" duration-ms="214" status="FAIL">
          <params>
            <param index="0">
              <value>
                <![CDATA["Validate the Presence of the Fields in the Manage Attendance Page"]]>
              </value>
            </param>
            <param index="1">
              <value>
                <![CDATA["Attendance Page verification"]]>
              </value>
            </param>
          </params>
          <exception class="org.openqa.selenium.InvalidArgumentException">
            <message>
              <![CDATA[invalid argument
  (Session info: MicrosoftEdge=116.0.1938.76)
Build info: version: '4.10.0', revision: 'c14d967899'
System info: os.name: 'Windows 11', os.arch: 'amd64', os.version: '10.0', java.version: '20.0.2'
Driver info: org.openqa.selenium.edge.EdgeDriver
Command: [49d1b28bfcbbd22870cf5172a66c55de, get {url=LMSsite}]
Capabilities {acceptInsecureCerts: false, browserName: msedge, browserVersion: 116.0.1938.76, fedcm:accounts: true, ms:edgeOptions: {debuggerAddress: localhost:52688}, msedge: {msedgedriverVersion: 116.0.1938.76 (3ea752a1990a..., userDataDir: C:\Users\subul\AppData\Loca...}, networkConnectionEnabled: false, pageLoadStrategy: normal, platformName: windows, proxy: Proxy(), se:cdp: ws://localhost:52688/devtoo..., se:cdpVersion: 116.0.1938.76, setWindowRect: true, strictFileInteractability: false, timeouts: {implicit: 0, pageLoad: 300000, script: 30000}, unhandledPromptBehavior: dismiss and notify, webauthn:extension:credBlob: true, webauthn:extension:largeBlob: true, webauthn:extension:minPinLength: true, webauthn:extension:prf: true, webauthn:virtualAuthenticators: true}
Session ID: 49d1b28bfcbbd22870cf5172a66c55de]]>
            </message>
            <full-stacktrace>
              <![CDATA[org.openqa.selenium.InvalidArgumentException: invalid argument
  (Session info: MicrosoftEdge=116.0.1938.76)
Build info: version: '4.10.0', revision: 'c14d967899'
System info: os.name: 'Windows 11', os.arch: 'amd64', os.version: '10.0', java.version: '20.0.2'
Driver info: org.openqa.selenium.edge.EdgeDriver
Command: [49d1b28bfcbbd22870cf5172a66c55de, get {url=LMSsite}]
Capabilities {acceptInsecureCerts: false, browserName: msedge, browserVersion: 116.0.1938.76, fedcm:accounts: true, ms:edgeOptions: {debuggerAddress: localhost:52688}, msedge: {msedgedriverVersion: 116.0.1938.76 (3ea752a1990a..., userDataDir: C:\Users\subul\AppData\Loca...}, networkConnectionEnabled: false, pageLoadStrategy: normal, platformName: windows, proxy: Proxy(), se:cdp: ws://localhost:52688/devtoo..., se:cdpVersion: 116.0.1938.76, setWindowRect: true, strictFileInteractability: false, timeouts: {implicit: 0, pageLoad: 300000, script: 30000}, unhandledPromptBehavior: dismiss and notify, webauthn:extension:credBlob: true, webauthn:extension:largeBlob: true, webauthn:extension:minPinLength: true, webauthn:extension:prf: true, webauthn:virtualAuthenticators: true}
Session ID: 49d1b28bfcbbd22870cf5172a66c55de
at java.base/jdk.internal.reflect.DirectConstructorHandleAccessor.newInstance(DirectConstructorHandleAccessor.java:67)
at java.base/java.lang.reflect.Constructor.newInstanceWithCaller(Constructor.java:500)
at java.base/java.lang.reflect.Constructor.newInstance(Constructor.java:484)
at org.openqa.selenium.remote.codec.w3c.W3CHttpResponseCodec.createException(W3CHttpResponseCodec.java:199)
at org.openqa.selenium.remote.codec.w3c.W3CHttpResponseCodec.decode(W3CHttpResponseCodec.java:132)
at org.openqa.selenium.remote.codec.w3c.W3CHttpResponseCodec.decode(W3CHttpResponseCodec.java:51)
at org.openqa.selenium.remote.HttpCommandExecutor.execute(HttpCommandExecutor.java:191)
at org.openqa.selenium.remote.service.DriverCommandExecutor.invokeExecute(DriverCommandExecutor.java:196)
at org.openqa.selenium.remote.service.DriverCommandExecutor.execute(DriverCommandExecutor.java:171)
at org.openqa.selenium.remote.RemoteWebDriver.execute(RemoteWebDriver.java:531)
at org.openqa.selenium.remote.RemoteWebDriver.get(RemoteWebDriver.java:295)
at com.LMS.stepDefinitions.AttendanceSteps.admin_is_on_dashboard_page_after_login(AttendanceSteps.java:17)
at ?.Admin is on dashboard page after login(file:///C:/Users/subul/eclipse-workspace/LMSPhase2Team2/src/test/resources/features/I_attendance.feature:5)
]]>
            </full-stacktrace>
          </exception> <!-- org.openqa.selenium.InvalidArgumentException -->
          <reporter-output>
          </reporter-output>
        </test-method> <!-- runScenario -->
        <test-method signature="runScenario(io.cucumber.testng.PickleWrapper,io.cucumber.testng.FeatureWrapper)[pri:0, instance:com.LMS.testRunner.TestRunner@105b693d]" started-at="2023-09-13T16:56:19 EDT" name="runScenario" description="Runs Cucumber Scenarios" data-provider="scenarios" finished-at="2023-09-13T16:56:19 EDT" duration-ms="222" status="FAIL">
          <params>
            <param index="0">
              <value>
                <![CDATA["Validate the Presence of the Fields in the Manage Attendance Page"]]>
              </value>
            </param>
            <param index="1">
              <value>
                <![CDATA["Attendance Page verification"]]>
              </value>
            </param>
          </params>
          <exception class="org.openqa.selenium.InvalidArgumentException">
            <message>
              <![CDATA[invalid argument
  (Session info: MicrosoftEdge=116.0.1938.76)
Build info: version: '4.10.0', revision: 'c14d967899'
System info: os.name: 'Windows 11', os.arch: 'amd64', os.version: '10.0', java.version: '20.0.2'
Driver info: org.openqa.selenium.edge.EdgeDriver
Command: [49d1b28bfcbbd22870cf5172a66c55de, get {url=LMSsite}]
Capabilities {acceptInsecureCerts: false, browserName: msedge, browserVersion: 116.0.1938.76, fedcm:accounts: true, ms:edgeOptions: {debuggerAddress: localhost:52688}, msedge: {msedgedriverVersion: 116.0.1938.76 (3ea752a1990a..., userDataDir: C:\Users\subul\AppData\Loca...}, networkConnectionEnabled: false, pageLoadStrategy: normal, platformName: windows, proxy: Proxy(), se:cdp: ws://localhost:52688/devtoo..., se:cdpVersion: 116.0.1938.76, setWindowRect: true, strictFileInteractability: false, timeouts: {implicit: 0, pageLoad: 300000, script: 30000}, unhandledPromptBehavior: dismiss and notify, webauthn:extension:credBlob: true, webauthn:extension:largeBlob: true, webauthn:extension:minPinLength: true, webauthn:extension:prf: true, webauthn:virtualAuthenticators: true}
Session ID: 49d1b28bfcbbd22870cf5172a66c55de]]>
            </message>
            <full-stacktrace>
              <![CDATA[org.openqa.selenium.InvalidArgumentException: invalid argument
  (Session info: MicrosoftEdge=116.0.1938.76)
Build info: version: '4.10.0', revision: 'c14d967899'
System info: os.name: 'Windows 11', os.arch: 'amd64', os.version: '10.0', java.version: '20.0.2'
Driver info: org.openqa.selenium.edge.EdgeDriver
Command: [49d1b28bfcbbd22870cf5172a66c55de, get {url=LMSsite}]
Capabilities {acceptInsecureCerts: false, browserName: msedge, browserVersion: 116.0.1938.76, fedcm:accounts: true, ms:edgeOptions: {debuggerAddress: localhost:52688}, msedge: {msedgedriverVersion: 116.0.1938.76 (3ea752a1990a..., userDataDir: C:\Users\subul\AppData\Loca...}, networkConnectionEnabled: false, pageLoadStrategy: normal, platformName: windows, proxy: Proxy(), se:cdp: ws://localhost:52688/devtoo..., se:cdpVersion: 116.0.1938.76, setWindowRect: true, strictFileInteractability: false, timeouts: {implicit: 0, pageLoad: 300000, script: 30000}, unhandledPromptBehavior: dismiss and notify, webauthn:extension:credBlob: true, webauthn:extension:largeBlob: true, webauthn:extension:minPinLength: true, webauthn:extension:prf: true, webauthn:virtualAuthenticators: true}
Session ID: 49d1b28bfcbbd22870cf5172a66c55de
at java.base/jdk.internal.reflect.DirectConstructorHandleAccessor.newInstance(DirectConstructorHandleAccessor.java:67)
at java.base/java.lang.reflect.Constructor.newInstanceWithCaller(Constructor.java:500)
at java.base/java.lang.reflect.Constructor.newInstance(Constructor.java:484)
at org.openqa.selenium.remote.codec.w3c.W3CHttpResponseCodec.createException(W3CHttpResponseCodec.java:199)
at org.openqa.selenium.remote.codec.w3c.W3CHttpResponseCodec.decode(W3CHttpResponseCodec.java:132)
at org.openqa.selenium.remote.codec.w3c.W3CHttpResponseCodec.decode(W3CHttpResponseCodec.java:51)
at org.openqa.selenium.remote.HttpCommandExecutor.execute(HttpCommandExecutor.java:191)
at org.openqa.selenium.remote.service.DriverCommandExecutor.invokeExecute(DriverCommandExecutor.java:196)
at org.openqa.selenium.remote.service.DriverCommandExecutor.execute(DriverCommandExecutor.java:171)
at org.openqa.selenium.remote.RemoteWebDriver.execute(RemoteWebDriver.java:531)
at org.openqa.selenium.remote.RemoteWebDriver.get(RemoteWebDriver.java:295)
at com.LMS.stepDefinitions.AttendanceSteps.admin_is_on_dashboard_page_after_login(AttendanceSteps.java:17)
at ?.Admin is on dashboard page after login(file:///C:/Users/subul/eclipse-workspace/LMSPhase2Team2/src/test/resources/features/I_attendance.feature:5)
]]>
            </full-stacktrace>
          </exception> <!-- org.openqa.selenium.InvalidArgumentException -->
          <reporter-output>
          </reporter-output>
        </test-method> <!-- runScenario -->
        <test-method signature="runScenario(io.cucumber.testng.PickleWrapper,io.cucumber.testng.FeatureWrapper)[pri:0, instance:com.LMS.testRunner.TestRunner@105b693d]" started-at="2023-09-13T16:56:19 EDT" name="runScenario" description="Runs Cucumber Scenarios" data-provider="scenarios" finished-at="2023-09-13T16:56:19 EDT" duration-ms="230" status="FAIL">
          <params>
            <param index="0">
              <value>
                <![CDATA["Validate the Presence of the Fields in the Manage Attendance Page"]]>
              </value>
            </param>
            <param index="1">
              <value>
                <![CDATA["Attendance Page verification"]]>
              </value>
            </param>
          </params>
          <exception class="org.openqa.selenium.InvalidArgumentException">
            <message>
              <![CDATA[invalid argument
  (Session info: MicrosoftEdge=116.0.1938.76)
Build info: version: '4.10.0', revision: 'c14d967899'
System info: os.name: 'Windows 11', os.arch: 'amd64', os.version: '10.0', java.version: '20.0.2'
Driver info: org.openqa.selenium.edge.EdgeDriver
Command: [49d1b28bfcbbd22870cf5172a66c55de, get {url=LMSsite}]
Capabilities {acceptInsecureCerts: false, browserName: msedge, browserVersion: 116.0.1938.76, fedcm:accounts: true, ms:edgeOptions: {debuggerAddress: localhost:52688}, msedge: {msedgedriverVersion: 116.0.1938.76 (3ea752a1990a..., userDataDir: C:\Users\subul\AppData\Loca...}, networkConnectionEnabled: false, pageLoadStrategy: normal, platformName: windows, proxy: Proxy(), se:cdp: ws://localhost:52688/devtoo..., se:cdpVersion: 116.0.1938.76, setWindowRect: true, strictFileInteractability: false, timeouts: {implicit: 0, pageLoad: 300000, script: 30000}, unhandledPromptBehavior: dismiss and notify, webauthn:extension:credBlob: true, webauthn:extension:largeBlob: true, webauthn:extension:minPinLength: true, webauthn:extension:prf: true, webauthn:virtualAuthenticators: true}
Session ID: 49d1b28bfcbbd22870cf5172a66c55de]]>
            </message>
            <full-stacktrace>
              <![CDATA[org.openqa.selenium.InvalidArgumentException: invalid argument
  (Session info: MicrosoftEdge=116.0.1938.76)
Build info: version: '4.10.0', revision: 'c14d967899'
System info: os.name: 'Windows 11', os.arch: 'amd64', os.version: '10.0', java.version: '20.0.2'
Driver info: org.openqa.selenium.edge.EdgeDriver
Command: [49d1b28bfcbbd22870cf5172a66c55de, get {url=LMSsite}]
Capabilities {acceptInsecureCerts: false, browserName: msedge, browserVersion: 116.0.1938.76, fedcm:accounts: true, ms:edgeOptions: {debuggerAddress: localhost:52688}, msedge: {msedgedriverVersion: 116.0.1938.76 (3ea752a1990a..., userDataDir: C:\Users\subul\AppData\Loca...}, networkConnectionEnabled: false, pageLoadStrategy: normal, platformName: windows, proxy: Proxy(), se:cdp: ws://localhost:52688/devtoo..., se:cdpVersion: 116.0.1938.76, setWindowRect: true, strictFileInteractability: false, timeouts: {implicit: 0, pageLoad: 300000, script: 30000}, unhandledPromptBehavior: dismiss and notify, webauthn:extension:credBlob: true, webauthn:extension:largeBlob: true, webauthn:extension:minPinLength: true, webauthn:extension:prf: true, webauthn:virtualAuthenticators: true}
Session ID: 49d1b28bfcbbd22870cf5172a66c55de
at java.base/jdk.internal.reflect.DirectConstructorHandleAccessor.newInstance(DirectConstructorHandleAccessor.java:67)
at java.base/java.lang.reflect.Constructor.newInstanceWithCaller(Constructor.java:500)
at java.base/java.lang.reflect.Constructor.newInstance(Constructor.java:484)
at org.openqa.selenium.remote.codec.w3c.W3CHttpResponseCodec.createException(W3CHttpResponseCodec.java:199)
at org.openqa.selenium.remote.codec.w3c.W3CHttpResponseCodec.decode(W3CHttpResponseCodec.java:132)
at org.openqa.selenium.remote.codec.w3c.W3CHttpResponseCodec.decode(W3CHttpResponseCodec.java:51)
at org.openqa.selenium.remote.HttpCommandExecutor.execute(HttpCommandExecutor.java:191)
at org.openqa.selenium.remote.service.DriverCommandExecutor.invokeExecute(DriverCommandExecutor.java:196)
at org.openqa.selenium.remote.service.DriverCommandExecutor.execute(DriverCommandExecutor.java:171)
at org.openqa.selenium.remote.RemoteWebDriver.execute(RemoteWebDriver.java:531)
at org.openqa.selenium.remote.RemoteWebDriver.get(RemoteWebDriver.java:295)
at com.LMS.stepDefinitions.AttendanceSteps.admin_is_on_dashboard_page_after_login(AttendanceSteps.java:17)
at ?.Admin is on dashboard page after login(file:///C:/Users/subul/eclipse-workspace/LMSPhase2Team2/src/test/resources/features/I_attendance.feature:5)
]]>
            </full-stacktrace>
          </exception> <!-- org.openqa.selenium.InvalidArgumentException -->
          <reporter-output>
          </reporter-output>
        </test-method> <!-- runScenario -->
        <test-method signature="runScenario(io.cucumber.testng.PickleWrapper,io.cucumber.testng.FeatureWrapper)[pri:0, instance:com.LMS.testRunner.TestRunner@105b693d]" started-at="2023-09-13T16:56:20 EDT" name="runScenario" description="Runs Cucumber Scenarios" data-provider="scenarios" finished-at="2023-09-13T16:56:20 EDT" duration-ms="191" status="FAIL">
          <params>
            <param index="0">
              <value>
                <![CDATA["Validate the Presence of the Fields in the Manage Attendance Page"]]>
              </value>
            </param>
            <param index="1">
              <value>
                <![CDATA["Attendance Page verification"]]>
              </value>
            </param>
          </params>
          <exception class="org.openqa.selenium.InvalidArgumentException">
            <message>
              <![CDATA[invalid argument
  (Session info: MicrosoftEdge=116.0.1938.76)
Build info: version: '4.10.0', revision: 'c14d967899'
System info: os.name: 'Windows 11', os.arch: 'amd64', os.version: '10.0', java.version: '20.0.2'
Driver info: org.openqa.selenium.edge.EdgeDriver
Command: [49d1b28bfcbbd22870cf5172a66c55de, get {url=LMSsite}]
Capabilities {acceptInsecureCerts: false, browserName: msedge, browserVersion: 116.0.1938.76, fedcm:accounts: true, ms:edgeOptions: {debuggerAddress: localhost:52688}, msedge: {msedgedriverVersion: 116.0.1938.76 (3ea752a1990a..., userDataDir: C:\Users\subul\AppData\Loca...}, networkConnectionEnabled: false, pageLoadStrategy: normal, platformName: windows, proxy: Proxy(), se:cdp: ws://localhost:52688/devtoo..., se:cdpVersion: 116.0.1938.76, setWindowRect: true, strictFileInteractability: false, timeouts: {implicit: 0, pageLoad: 300000, script: 30000}, unhandledPromptBehavior: dismiss and notify, webauthn:extension:credBlob: true, webauthn:extension:largeBlob: true, webauthn:extension:minPinLength: true, webauthn:extension:prf: true, webauthn:virtualAuthenticators: true}
Session ID: 49d1b28bfcbbd22870cf5172a66c55de]]>
            </message>
            <full-stacktrace>
              <![CDATA[org.openqa.selenium.InvalidArgumentException: invalid argument
  (Session info: MicrosoftEdge=116.0.1938.76)
Build info: version: '4.10.0', revision: 'c14d967899'
System info: os.name: 'Windows 11', os.arch: 'amd64', os.version: '10.0', java.version: '20.0.2'
Driver info: org.openqa.selenium.edge.EdgeDriver
Command: [49d1b28bfcbbd22870cf5172a66c55de, get {url=LMSsite}]
Capabilities {acceptInsecureCerts: false, browserName: msedge, browserVersion: 116.0.1938.76, fedcm:accounts: true, ms:edgeOptions: {debuggerAddress: localhost:52688}, msedge: {msedgedriverVersion: 116.0.1938.76 (3ea752a1990a..., userDataDir: C:\Users\subul\AppData\Loca...}, networkConnectionEnabled: false, pageLoadStrategy: normal, platformName: windows, proxy: Proxy(), se:cdp: ws://localhost:52688/devtoo..., se:cdpVersion: 116.0.1938.76, setWindowRect: true, strictFileInteractability: false, timeouts: {implicit: 0, pageLoad: 300000, script: 30000}, unhandledPromptBehavior: dismiss and notify, webauthn:extension:credBlob: true, webauthn:extension:largeBlob: true, webauthn:extension:minPinLength: true, webauthn:extension:prf: true, webauthn:virtualAuthenticators: true}
Session ID: 49d1b28bfcbbd22870cf5172a66c55de
at java.base/jdk.internal.reflect.DirectConstructorHandleAccessor.newInstance(DirectConstructorHandleAccessor.java:67)
at java.base/java.lang.reflect.Constructor.newInstanceWithCaller(Constructor.java:500)
at java.base/java.lang.reflect.Constructor.newInstance(Constructor.java:484)
at org.openqa.selenium.remote.codec.w3c.W3CHttpResponseCodec.createException(W3CHttpResponseCodec.java:199)
at org.openqa.selenium.remote.codec.w3c.W3CHttpResponseCodec.decode(W3CHttpResponseCodec.java:132)
at org.openqa.selenium.remote.codec.w3c.W3CHttpResponseCodec.decode(W3CHttpResponseCodec.java:51)
at org.openqa.selenium.remote.HttpCommandExecutor.execute(HttpCommandExecutor.java:191)
at org.openqa.selenium.remote.service.DriverCommandExecutor.invokeExecute(DriverCommandExecutor.java:196)
at org.openqa.selenium.remote.service.DriverCommandExecutor.execute(DriverCommandExecutor.java:171)
at org.openqa.selenium.remote.RemoteWebDriver.execute(RemoteWebDriver.java:531)
at org.openqa.selenium.remote.RemoteWebDriver.get(RemoteWebDriver.java:295)
at com.LMS.stepDefinitions.AttendanceSteps.admin_is_on_dashboard_page_after_login(AttendanceSteps.java:17)
at ?.Admin is on dashboard page after login(file:///C:/Users/subul/eclipse-workspace/LMSPhase2Team2/src/test/resources/features/I_attendance.feature:5)
]]>
            </full-stacktrace>
          </exception> <!-- org.openqa.selenium.InvalidArgumentException -->
          <reporter-output>
          </reporter-output>
        </test-method> <!-- runScenario -->
        <test-method signature="runScenario(io.cucumber.testng.PickleWrapper,io.cucumber.testng.FeatureWrapper)[pri:0, instance:com.LMS.testRunner.TestRunner@105b693d]" started-at="2023-09-13T16:56:20 EDT" name="runScenario" description="Runs Cucumber Scenarios" data-provider="scenarios" finished-at="2023-09-13T16:56:20 EDT" duration-ms="212" status="FAIL">
          <params>
            <param index="0">
              <value>
                <![CDATA["Validate the Presence of the Fields in the Manage Attendance Page"]]>
              </value>
            </param>
            <param index="1">
              <value>
                <![CDATA["Attendance Page verification"]]>
              </value>
            </param>
          </params>
          <exception class="org.openqa.selenium.InvalidArgumentException">
            <message>
              <![CDATA[invalid argument
  (Session info: MicrosoftEdge=116.0.1938.76)
Build info: version: '4.10.0', revision: 'c14d967899'
System info: os.name: 'Windows 11', os.arch: 'amd64', os.version: '10.0', java.version: '20.0.2'
Driver info: org.openqa.selenium.edge.EdgeDriver
Command: [49d1b28bfcbbd22870cf5172a66c55de, get {url=LMSsite}]
Capabilities {acceptInsecureCerts: false, browserName: msedge, browserVersion: 116.0.1938.76, fedcm:accounts: true, ms:edgeOptions: {debuggerAddress: localhost:52688}, msedge: {msedgedriverVersion: 116.0.1938.76 (3ea752a1990a..., userDataDir: C:\Users\subul\AppData\Loca...}, networkConnectionEnabled: false, pageLoadStrategy: normal, platformName: windows, proxy: Proxy(), se:cdp: ws://localhost:52688/devtoo..., se:cdpVersion: 116.0.1938.76, setWindowRect: true, strictFileInteractability: false, timeouts: {implicit: 0, pageLoad: 300000, script: 30000}, unhandledPromptBehavior: dismiss and notify, webauthn:extension:credBlob: true, webauthn:extension:largeBlob: true, webauthn:extension:minPinLength: true, webauthn:extension:prf: true, webauthn:virtualAuthenticators: true}
Session ID: 49d1b28bfcbbd22870cf5172a66c55de]]>
            </message>
            <full-stacktrace>
              <![CDATA[org.openqa.selenium.InvalidArgumentException: invalid argument
  (Session info: MicrosoftEdge=116.0.1938.76)
Build info: version: '4.10.0', revision: 'c14d967899'
System info: os.name: 'Windows 11', os.arch: 'amd64', os.version: '10.0', java.version: '20.0.2'
Driver info: org.openqa.selenium.edge.EdgeDriver
Command: [49d1b28bfcbbd22870cf5172a66c55de, get {url=LMSsite}]
Capabilities {acceptInsecureCerts: false, browserName: msedge, browserVersion: 116.0.1938.76, fedcm:accounts: true, ms:edgeOptions: {debuggerAddress: localhost:52688}, msedge: {msedgedriverVersion: 116.0.1938.76 (3ea752a1990a..., userDataDir: C:\Users\subul\AppData\Loca...}, networkConnectionEnabled: false, pageLoadStrategy: normal, platformName: windows, proxy: Proxy(), se:cdp: ws://localhost:52688/devtoo..., se:cdpVersion: 116.0.1938.76, setWindowRect: true, strictFileInteractability: false, timeouts: {implicit: 0, pageLoad: 300000, script: 30000}, unhandledPromptBehavior: dismiss and notify, webauthn:extension:credBlob: true, webauthn:extension:largeBlob: true, webauthn:extension:minPinLength: true, webauthn:extension:prf: true, webauthn:virtualAuthenticators: true}
Session ID: 49d1b28bfcbbd22870cf5172a66c55de
at java.base/jdk.internal.reflect.DirectConstructorHandleAccessor.newInstance(DirectConstructorHandleAccessor.java:67)
at java.base/java.lang.reflect.Constructor.newInstanceWithCaller(Constructor.java:500)
at java.base/java.lang.reflect.Constructor.newInstance(Constructor.java:484)
at org.openqa.selenium.remote.codec.w3c.W3CHttpResponseCodec.createException(W3CHttpResponseCodec.java:199)
at org.openqa.selenium.remote.codec.w3c.W3CHttpResponseCodec.decode(W3CHttpResponseCodec.java:132)
at org.openqa.selenium.remote.codec.w3c.W3CHttpResponseCodec.decode(W3CHttpResponseCodec.java:51)
at org.openqa.selenium.remote.HttpCommandExecutor.execute(HttpCommandExecutor.java:191)
at org.openqa.selenium.remote.service.DriverCommandExecutor.invokeExecute(DriverCommandExecutor.java:196)
at org.openqa.selenium.remote.service.DriverCommandExecutor.execute(DriverCommandExecutor.java:171)
at org.openqa.selenium.remote.RemoteWebDriver.execute(RemoteWebDriver.java:531)
at org.openqa.selenium.remote.RemoteWebDriver.get(RemoteWebDriver.java:295)
at com.LMS.stepDefinitions.AttendanceSteps.admin_is_on_dashboard_page_after_login(AttendanceSteps.java:17)
at ?.Admin is on dashboard page after login(file:///C:/Users/subul/eclipse-workspace/LMSPhase2Team2/src/test/resources/features/I_attendance.feature:5)
]]>
            </full-stacktrace>
          </exception> <!-- org.openqa.selenium.InvalidArgumentException -->
          <reporter-output>
          </reporter-output>
        </test-method> <!-- runScenario -->
        <test-method signature="runScenario(io.cucumber.testng.PickleWrapper,io.cucumber.testng.FeatureWrapper)[pri:0, instance:com.LMS.testRunner.TestRunner@105b693d]" started-at="2023-09-13T16:56:20 EDT" name="runScenario" description="Runs Cucumber Scenarios" data-provider="scenarios" finished-at="2023-09-13T16:56:20 EDT" duration-ms="221" status="FAIL">
          <params>
            <param index="0">
              <value>
                <![CDATA["Validate the Presence of the Fields in the Manage Attendance Page"]]>
              </value>
            </param>
            <param index="1">
              <value>
                <![CDATA["Attendance Page verification"]]>
              </value>
            </param>
          </params>
          <exception class="org.openqa.selenium.InvalidArgumentException">
            <message>
              <![CDATA[invalid argument
  (Session info: MicrosoftEdge=116.0.1938.76)
Build info: version: '4.10.0', revision: 'c14d967899'
System info: os.name: 'Windows 11', os.arch: 'amd64', os.version: '10.0', java.version: '20.0.2'
Driver info: org.openqa.selenium.edge.EdgeDriver
Command: [49d1b28bfcbbd22870cf5172a66c55de, get {url=LMSsite}]
Capabilities {acceptInsecureCerts: false, browserName: msedge, browserVersion: 116.0.1938.76, fedcm:accounts: true, ms:edgeOptions: {debuggerAddress: localhost:52688}, msedge: {msedgedriverVersion: 116.0.1938.76 (3ea752a1990a..., userDataDir: C:\Users\subul\AppData\Loca...}, networkConnectionEnabled: false, pageLoadStrategy: normal, platformName: windows, proxy: Proxy(), se:cdp: ws://localhost:52688/devtoo..., se:cdpVersion: 116.0.1938.76, setWindowRect: true, strictFileInteractability: false, timeouts: {implicit: 0, pageLoad: 300000, script: 30000}, unhandledPromptBehavior: dismiss and notify, webauthn:extension:credBlob: true, webauthn:extension:largeBlob: true, webauthn:extension:minPinLength: true, webauthn:extension:prf: true, webauthn:virtualAuthenticators: true}
Session ID: 49d1b28bfcbbd22870cf5172a66c55de]]>
            </message>
            <full-stacktrace>
              <![CDATA[org.openqa.selenium.InvalidArgumentException: invalid argument
  (Session info: MicrosoftEdge=116.0.1938.76)
Build info: version: '4.10.0', revision: 'c14d967899'
System info: os.name: 'Windows 11', os.arch: 'amd64', os.version: '10.0', java.version: '20.0.2'
Driver info: org.openqa.selenium.edge.EdgeDriver
Command: [49d1b28bfcbbd22870cf5172a66c55de, get {url=LMSsite}]
Capabilities {acceptInsecureCerts: false, browserName: msedge, browserVersion: 116.0.1938.76, fedcm:accounts: true, ms:edgeOptions: {debuggerAddress: localhost:52688}, msedge: {msedgedriverVersion: 116.0.1938.76 (3ea752a1990a..., userDataDir: C:\Users\subul\AppData\Loca...}, networkConnectionEnabled: false, pageLoadStrategy: normal, platformName: windows, proxy: Proxy(), se:cdp: ws://localhost:52688/devtoo..., se:cdpVersion: 116.0.1938.76, setWindowRect: true, strictFileInteractability: false, timeouts: {implicit: 0, pageLoad: 300000, script: 30000}, unhandledPromptBehavior: dismiss and notify, webauthn:extension:credBlob: true, webauthn:extension:largeBlob: true, webauthn:extension:minPinLength: true, webauthn:extension:prf: true, webauthn:virtualAuthenticators: true}
Session ID: 49d1b28bfcbbd22870cf5172a66c55de
at java.base/jdk.internal.reflect.DirectConstructorHandleAccessor.newInstance(DirectConstructorHandleAccessor.java:67)
at java.base/java.lang.reflect.Constructor.newInstanceWithCaller(Constructor.java:500)
at java.base/java.lang.reflect.Constructor.newInstance(Constructor.java:484)
at org.openqa.selenium.remote.codec.w3c.W3CHttpResponseCodec.createException(W3CHttpResponseCodec.java:199)
at org.openqa.selenium.remote.codec.w3c.W3CHttpResponseCodec.decode(W3CHttpResponseCodec.java:132)
at org.openqa.selenium.remote.codec.w3c.W3CHttpResponseCodec.decode(W3CHttpResponseCodec.java:51)
at org.openqa.selenium.remote.HttpCommandExecutor.execute(HttpCommandExecutor.java:191)
at org.openqa.selenium.remote.service.DriverCommandExecutor.invokeExecute(DriverCommandExecutor.java:196)
at org.openqa.selenium.remote.service.DriverCommandExecutor.execute(DriverCommandExecutor.java:171)
at org.openqa.selenium.remote.RemoteWebDriver.execute(RemoteWebDriver.java:531)
at org.openqa.selenium.remote.RemoteWebDriver.get(RemoteWebDriver.java:295)
at com.LMS.stepDefinitions.AttendanceSteps.admin_is_on_dashboard_page_after_login(AttendanceSteps.java:17)
at ?.Admin is on dashboard page after login(file:///C:/Users/subul/eclipse-workspace/LMSPhase2Team2/src/test/resources/features/I_attendance.feature:5)
]]>
            </full-stacktrace>
          </exception> <!-- org.openqa.selenium.InvalidArgumentException -->
          <reporter-output>
          </reporter-output>
        </test-method> <!-- runScenario -->
        <test-method signature="runScenario(io.cucumber.testng.PickleWrapper,io.cucumber.testng.FeatureWrapper)[pri:0, instance:com.LMS.testRunner.TestRunner@105b693d]" started-at="2023-09-13T16:56:20 EDT" name="runScenario" description="Runs Cucumber Scenarios" data-provider="scenarios" finished-at="2023-09-13T16:56:20 EDT" duration-ms="176" status="FAIL">
          <params>
            <param index="0">
              <value>
                <![CDATA["Validate the Presence of the Fields in the Manage Attendance Page"]]>
              </value>
            </param>
            <param index="1">
              <value>
                <![CDATA["Attendance Page verification"]]>
              </value>
            </param>
          </params>
          <exception class="org.openqa.selenium.InvalidArgumentException">
            <message>
              <![CDATA[invalid argument
  (Session info: MicrosoftEdge=116.0.1938.76)
Build info: version: '4.10.0', revision: 'c14d967899'
System info: os.name: 'Windows 11', os.arch: 'amd64', os.version: '10.0', java.version: '20.0.2'
Driver info: org.openqa.selenium.edge.EdgeDriver
Command: [49d1b28bfcbbd22870cf5172a66c55de, get {url=LMSsite}]
Capabilities {acceptInsecureCerts: false, browserName: msedge, browserVersion: 116.0.1938.76, fedcm:accounts: true, ms:edgeOptions: {debuggerAddress: localhost:52688}, msedge: {msedgedriverVersion: 116.0.1938.76 (3ea752a1990a..., userDataDir: C:\Users\subul\AppData\Loca...}, networkConnectionEnabled: false, pageLoadStrategy: normal, platformName: windows, proxy: Proxy(), se:cdp: ws://localhost:52688/devtoo..., se:cdpVersion: 116.0.1938.76, setWindowRect: true, strictFileInteractability: false, timeouts: {implicit: 0, pageLoad: 300000, script: 30000}, unhandledPromptBehavior: dismiss and notify, webauthn:extension:credBlob: true, webauthn:extension:largeBlob: true, webauthn:extension:minPinLength: true, webauthn:extension:prf: true, webauthn:virtualAuthenticators: true}
Session ID: 49d1b28bfcbbd22870cf5172a66c55de]]>
            </message>
            <full-stacktrace>
              <![CDATA[org.openqa.selenium.InvalidArgumentException: invalid argument
  (Session info: MicrosoftEdge=116.0.1938.76)
Build info: version: '4.10.0', revision: 'c14d967899'
System info: os.name: 'Windows 11', os.arch: 'amd64', os.version: '10.0', java.version: '20.0.2'
Driver info: org.openqa.selenium.edge.EdgeDriver
Command: [49d1b28bfcbbd22870cf5172a66c55de, get {url=LMSsite}]
Capabilities {acceptInsecureCerts: false, browserName: msedge, browserVersion: 116.0.1938.76, fedcm:accounts: true, ms:edgeOptions: {debuggerAddress: localhost:52688}, msedge: {msedgedriverVersion: 116.0.1938.76 (3ea752a1990a..., userDataDir: C:\Users\subul\AppData\Loca...}, networkConnectionEnabled: false, pageLoadStrategy: normal, platformName: windows, proxy: Proxy(), se:cdp: ws://localhost:52688/devtoo..., se:cdpVersion: 116.0.1938.76, setWindowRect: true, strictFileInteractability: false, timeouts: {implicit: 0, pageLoad: 300000, script: 30000}, unhandledPromptBehavior: dismiss and notify, webauthn:extension:credBlob: true, webauthn:extension:largeBlob: true, webauthn:extension:minPinLength: true, webauthn:extension:prf: true, webauthn:virtualAuthenticators: true}
Session ID: 49d1b28bfcbbd22870cf5172a66c55de
at java.base/jdk.internal.reflect.DirectConstructorHandleAccessor.newInstance(DirectConstructorHandleAccessor.java:67)
at java.base/java.lang.reflect.Constructor.newInstanceWithCaller(Constructor.java:500)
at java.base/java.lang.reflect.Constructor.newInstance(Constructor.java:484)
at org.openqa.selenium.remote.codec.w3c.W3CHttpResponseCodec.createException(W3CHttpResponseCodec.java:199)
at org.openqa.selenium.remote.codec.w3c.W3CHttpResponseCodec.decode(W3CHttpResponseCodec.java:132)
at org.openqa.selenium.remote.codec.w3c.W3CHttpResponseCodec.decode(W3CHttpResponseCodec.java:51)
at org.openqa.selenium.remote.HttpCommandExecutor.execute(HttpCommandExecutor.java:191)
at org.openqa.selenium.remote.service.DriverCommandExecutor.invokeExecute(DriverCommandExecutor.java:196)
at org.openqa.selenium.remote.service.DriverCommandExecutor.execute(DriverCommandExecutor.java:171)
at org.openqa.selenium.remote.RemoteWebDriver.execute(RemoteWebDriver.java:531)
at org.openqa.selenium.remote.RemoteWebDriver.get(RemoteWebDriver.java:295)
at com.LMS.stepDefinitions.AttendanceSteps.admin_is_on_dashboard_page_after_login(AttendanceSteps.java:17)
at ?.Admin is on dashboard page after login(file:///C:/Users/subul/eclipse-workspace/LMSPhase2Team2/src/test/resources/features/I_attendance.feature:5)
]]>
            </full-stacktrace>
          </exception> <!-- org.openqa.selenium.InvalidArgumentException -->
          <reporter-output>
          </reporter-output>
        </test-method> <!-- runScenario -->
        <test-method signature="runScenario(io.cucumber.testng.PickleWrapper,io.cucumber.testng.FeatureWrapper)[pri:0, instance:com.LMS.testRunner.TestRunner@105b693d]" started-at="2023-09-13T16:56:20 EDT" name="runScenario" description="Runs Cucumber Scenarios" data-provider="scenarios" finished-at="2023-09-13T16:56:21 EDT" duration-ms="246" status="FAIL">
          <params>
            <param index="0">
              <value>
                <![CDATA["Validate whether the Fields are enabled in Manage Attendance Page"]]>
              </value>
            </param>
            <param index="1">
              <value>
                <![CDATA["Attendance Page verification"]]>
              </value>
            </param>
          </params>
          <exception class="org.openqa.selenium.InvalidArgumentException">
            <message>
              <![CDATA[invalid argument
  (Session info: MicrosoftEdge=116.0.1938.76)
Build info: version: '4.10.0', revision: 'c14d967899'
System info: os.name: 'Windows 11', os.arch: 'amd64', os.version: '10.0', java.version: '20.0.2'
Driver info: org.openqa.selenium.edge.EdgeDriver
Command: [49d1b28bfcbbd22870cf5172a66c55de, get {url=LMSsite}]
Capabilities {acceptInsecureCerts: false, browserName: msedge, browserVersion: 116.0.1938.76, fedcm:accounts: true, ms:edgeOptions: {debuggerAddress: localhost:52688}, msedge: {msedgedriverVersion: 116.0.1938.76 (3ea752a1990a..., userDataDir: C:\Users\subul\AppData\Loca...}, networkConnectionEnabled: false, pageLoadStrategy: normal, platformName: windows, proxy: Proxy(), se:cdp: ws://localhost:52688/devtoo..., se:cdpVersion: 116.0.1938.76, setWindowRect: true, strictFileInteractability: false, timeouts: {implicit: 0, pageLoad: 300000, script: 30000}, unhandledPromptBehavior: dismiss and notify, webauthn:extension:credBlob: true, webauthn:extension:largeBlob: true, webauthn:extension:minPinLength: true, webauthn:extension:prf: true, webauthn:virtualAuthenticators: true}
Session ID: 49d1b28bfcbbd22870cf5172a66c55de]]>
            </message>
            <full-stacktrace>
              <![CDATA[org.openqa.selenium.InvalidArgumentException: invalid argument
  (Session info: MicrosoftEdge=116.0.1938.76)
Build info: version: '4.10.0', revision: 'c14d967899'
System info: os.name: 'Windows 11', os.arch: 'amd64', os.version: '10.0', java.version: '20.0.2'
Driver info: org.openqa.selenium.edge.EdgeDriver
Command: [49d1b28bfcbbd22870cf5172a66c55de, get {url=LMSsite}]
Capabilities {acceptInsecureCerts: false, browserName: msedge, browserVersion: 116.0.1938.76, fedcm:accounts: true, ms:edgeOptions: {debuggerAddress: localhost:52688}, msedge: {msedgedriverVersion: 116.0.1938.76 (3ea752a1990a..., userDataDir: C:\Users\subul\AppData\Loca...}, networkConnectionEnabled: false, pageLoadStrategy: normal, platformName: windows, proxy: Proxy(), se:cdp: ws://localhost:52688/devtoo..., se:cdpVersion: 116.0.1938.76, setWindowRect: true, strictFileInteractability: false, timeouts: {implicit: 0, pageLoad: 300000, script: 30000}, unhandledPromptBehavior: dismiss and notify, webauthn:extension:credBlob: true, webauthn:extension:largeBlob: true, webauthn:extension:minPinLength: true, webauthn:extension:prf: true, webauthn:virtualAuthenticators: true}
Session ID: 49d1b28bfcbbd22870cf5172a66c55de
at java.base/jdk.internal.reflect.DirectConstructorHandleAccessor.newInstance(DirectConstructorHandleAccessor.java:67)
at java.base/java.lang.reflect.Constructor.newInstanceWithCaller(Constructor.java:500)
at java.base/java.lang.reflect.Constructor.newInstance(Constructor.java:484)
at org.openqa.selenium.remote.codec.w3c.W3CHttpResponseCodec.createException(W3CHttpResponseCodec.java:199)
at org.openqa.selenium.remote.codec.w3c.W3CHttpResponseCodec.decode(W3CHttpResponseCodec.java:132)
at org.openqa.selenium.remote.codec.w3c.W3CHttpResponseCodec.decode(W3CHttpResponseCodec.java:51)
at org.openqa.selenium.remote.HttpCommandExecutor.execute(HttpCommandExecutor.java:191)
at org.openqa.selenium.remote.service.DriverCommandExecutor.invokeExecute(DriverCommandExecutor.java:196)
at org.openqa.selenium.remote.service.DriverCommandExecutor.execute(DriverCommandExecutor.java:171)
at org.openqa.selenium.remote.RemoteWebDriver.execute(RemoteWebDriver.java:531)
at org.openqa.selenium.remote.RemoteWebDriver.get(RemoteWebDriver.java:295)
at com.LMS.stepDefinitions.AttendanceSteps.admin_is_on_dashboard_page_after_login(AttendanceSteps.java:17)
at ?.Admin is on dashboard page after login(file:///C:/Users/subul/eclipse-workspace/LMSPhase2Team2/src/test/resources/features/I_attendance.feature:26)
]]>
            </full-stacktrace>
          </exception> <!-- org.openqa.selenium.InvalidArgumentException -->
          <reporter-output>
          </reporter-output>
        </test-method> <!-- runScenario -->
        <test-method signature="runScenario(io.cucumber.testng.PickleWrapper,io.cucumber.testng.FeatureWrapper)[pri:0, instance:com.LMS.testRunner.TestRunner@105b693d]" started-at="2023-09-13T16:56:21 EDT" name="runScenario" description="Runs Cucumber Scenarios" data-provider="scenarios" finished-at="2023-09-13T16:56:21 EDT" duration-ms="201" status="FAIL">
          <params>
            <param index="0">
              <value>
                <![CDATA["Validate whether the Fields are enabled in Manage Attendance Page"]]>
              </value>
            </param>
            <param index="1">
              <value>
                <![CDATA["Attendance Page verification"]]>
              </value>
            </param>
          </params>
          <exception class="org.openqa.selenium.InvalidArgumentException">
            <message>
              <![CDATA[invalid argument
  (Session info: MicrosoftEdge=116.0.1938.76)
Build info: version: '4.10.0', revision: 'c14d967899'
System info: os.name: 'Windows 11', os.arch: 'amd64', os.version: '10.0', java.version: '20.0.2'
Driver info: org.openqa.selenium.edge.EdgeDriver
Command: [49d1b28bfcbbd22870cf5172a66c55de, get {url=LMSsite}]
Capabilities {acceptInsecureCerts: false, browserName: msedge, browserVersion: 116.0.1938.76, fedcm:accounts: true, ms:edgeOptions: {debuggerAddress: localhost:52688}, msedge: {msedgedriverVersion: 116.0.1938.76 (3ea752a1990a..., userDataDir: C:\Users\subul\AppData\Loca...}, networkConnectionEnabled: false, pageLoadStrategy: normal, platformName: windows, proxy: Proxy(), se:cdp: ws://localhost:52688/devtoo..., se:cdpVersion: 116.0.1938.76, setWindowRect: true, strictFileInteractability: false, timeouts: {implicit: 0, pageLoad: 300000, script: 30000}, unhandledPromptBehavior: dismiss and notify, webauthn:extension:credBlob: true, webauthn:extension:largeBlob: true, webauthn:extension:minPinLength: true, webauthn:extension:prf: true, webauthn:virtualAuthenticators: true}
Session ID: 49d1b28bfcbbd22870cf5172a66c55de]]>
            </message>
            <full-stacktrace>
              <![CDATA[org.openqa.selenium.InvalidArgumentException: invalid argument
  (Session info: MicrosoftEdge=116.0.1938.76)
Build info: version: '4.10.0', revision: 'c14d967899'
System info: os.name: 'Windows 11', os.arch: 'amd64', os.version: '10.0', java.version: '20.0.2'
Driver info: org.openqa.selenium.edge.EdgeDriver
Command: [49d1b28bfcbbd22870cf5172a66c55de, get {url=LMSsite}]
Capabilities {acceptInsecureCerts: false, browserName: msedge, browserVersion: 116.0.1938.76, fedcm:accounts: true, ms:edgeOptions: {debuggerAddress: localhost:52688}, msedge: {msedgedriverVersion: 116.0.1938.76 (3ea752a1990a..., userDataDir: C:\Users\subul\AppData\Loca...}, networkConnectionEnabled: false, pageLoadStrategy: normal, platformName: windows, proxy: Proxy(), se:cdp: ws://localhost:52688/devtoo..., se:cdpVersion: 116.0.1938.76, setWindowRect: true, strictFileInteractability: false, timeouts: {implicit: 0, pageLoad: 300000, script: 30000}, unhandledPromptBehavior: dismiss and notify, webauthn:extension:credBlob: true, webauthn:extension:largeBlob: true, webauthn:extension:minPinLength: true, webauthn:extension:prf: true, webauthn:virtualAuthenticators: true}
Session ID: 49d1b28bfcbbd22870cf5172a66c55de
at java.base/jdk.internal.reflect.DirectConstructorHandleAccessor.newInstance(DirectConstructorHandleAccessor.java:67)
at java.base/java.lang.reflect.Constructor.newInstanceWithCaller(Constructor.java:500)
at java.base/java.lang.reflect.Constructor.newInstance(Constructor.java:484)
at org.openqa.selenium.remote.codec.w3c.W3CHttpResponseCodec.createException(W3CHttpResponseCodec.java:199)
at org.openqa.selenium.remote.codec.w3c.W3CHttpResponseCodec.decode(W3CHttpResponseCodec.java:132)
at org.openqa.selenium.remote.codec.w3c.W3CHttpResponseCodec.decode(W3CHttpResponseCodec.java:51)
at org.openqa.selenium.remote.HttpCommandExecutor.execute(HttpCommandExecutor.java:191)
at org.openqa.selenium.remote.service.DriverCommandExecutor.invokeExecute(DriverCommandExecutor.java:196)
at org.openqa.selenium.remote.service.DriverCommandExecutor.execute(DriverCommandExecutor.java:171)
at org.openqa.selenium.remote.RemoteWebDriver.execute(RemoteWebDriver.java:531)
at org.openqa.selenium.remote.RemoteWebDriver.get(RemoteWebDriver.java:295)
at com.LMS.stepDefinitions.AttendanceSteps.admin_is_on_dashboard_page_after_login(AttendanceSteps.java:17)
at ?.Admin is on dashboard page after login(file:///C:/Users/subul/eclipse-workspace/LMSPhase2Team2/src/test/resources/features/I_attendance.feature:26)
]]>
            </full-stacktrace>
          </exception> <!-- org.openqa.selenium.InvalidArgumentException -->
          <reporter-output>
          </reporter-output>
        </test-method> <!-- runScenario -->
        <test-method signature="runScenario(io.cucumber.testng.PickleWrapper,io.cucumber.testng.FeatureWrapper)[pri:0, instance:com.LMS.testRunner.TestRunner@105b693d]" started-at="2023-09-13T16:56:21 EDT" name="runScenario" description="Runs Cucumber Scenarios" data-provider="scenarios" finished-at="2023-09-13T16:56:21 EDT" duration-ms="229" status="FAIL">
          <params>
            <param index="0">
              <value>
                <![CDATA["Validate whether the Fields are enabled in Manage Attendance Page"]]>
              </value>
            </param>
            <param index="1">
              <value>
                <![CDATA["Attendance Page verification"]]>
              </value>
            </param>
          </params>
          <exception class="org.openqa.selenium.InvalidArgumentException">
            <message>
              <![CDATA[invalid argument
  (Session info: MicrosoftEdge=116.0.1938.76)
Build info: version: '4.10.0', revision: 'c14d967899'
System info: os.name: 'Windows 11', os.arch: 'amd64', os.version: '10.0', java.version: '20.0.2'
Driver info: org.openqa.selenium.edge.EdgeDriver
Command: [49d1b28bfcbbd22870cf5172a66c55de, get {url=LMSsite}]
Capabilities {acceptInsecureCerts: false, browserName: msedge, browserVersion: 116.0.1938.76, fedcm:accounts: true, ms:edgeOptions: {debuggerAddress: localhost:52688}, msedge: {msedgedriverVersion: 116.0.1938.76 (3ea752a1990a..., userDataDir: C:\Users\subul\AppData\Loca...}, networkConnectionEnabled: false, pageLoadStrategy: normal, platformName: windows, proxy: Proxy(), se:cdp: ws://localhost:52688/devtoo..., se:cdpVersion: 116.0.1938.76, setWindowRect: true, strictFileInteractability: false, timeouts: {implicit: 0, pageLoad: 300000, script: 30000}, unhandledPromptBehavior: dismiss and notify, webauthn:extension:credBlob: true, webauthn:extension:largeBlob: true, webauthn:extension:minPinLength: true, webauthn:extension:prf: true, webauthn:virtualAuthenticators: true}
Session ID: 49d1b28bfcbbd22870cf5172a66c55de]]>
            </message>
            <full-stacktrace>
              <![CDATA[org.openqa.selenium.InvalidArgumentException: invalid argument
  (Session info: MicrosoftEdge=116.0.1938.76)
Build info: version: '4.10.0', revision: 'c14d967899'
System info: os.name: 'Windows 11', os.arch: 'amd64', os.version: '10.0', java.version: '20.0.2'
Driver info: org.openqa.selenium.edge.EdgeDriver
Command: [49d1b28bfcbbd22870cf5172a66c55de, get {url=LMSsite}]
Capabilities {acceptInsecureCerts: false, browserName: msedge, browserVersion: 116.0.1938.76, fedcm:accounts: true, ms:edgeOptions: {debuggerAddress: localhost:52688}, msedge: {msedgedriverVersion: 116.0.1938.76 (3ea752a1990a..., userDataDir: C:\Users\subul\AppData\Loca...}, networkConnectionEnabled: false, pageLoadStrategy: normal, platformName: windows, proxy: Proxy(), se:cdp: ws://localhost:52688/devtoo..., se:cdpVersion: 116.0.1938.76, setWindowRect: true, strictFileInteractability: false, timeouts: {implicit: 0, pageLoad: 300000, script: 30000}, unhandledPromptBehavior: dismiss and notify, webauthn:extension:credBlob: true, webauthn:extension:largeBlob: true, webauthn:extension:minPinLength: true, webauthn:extension:prf: true, webauthn:virtualAuthenticators: true}
Session ID: 49d1b28bfcbbd22870cf5172a66c55de
at java.base/jdk.internal.reflect.DirectConstructorHandleAccessor.newInstance(DirectConstructorHandleAccessor.java:67)
at java.base/java.lang.reflect.Constructor.newInstanceWithCaller(Constructor.java:500)
at java.base/java.lang.reflect.Constructor.newInstance(Constructor.java:484)
at org.openqa.selenium.remote.codec.w3c.W3CHttpResponseCodec.createException(W3CHttpResponseCodec.java:199)
at org.openqa.selenium.remote.codec.w3c.W3CHttpResponseCodec.decode(W3CHttpResponseCodec.java:132)
at org.openqa.selenium.remote.codec.w3c.W3CHttpResponseCodec.decode(W3CHttpResponseCodec.java:51)
at org.openqa.selenium.remote.HttpCommandExecutor.execute(HttpCommandExecutor.java:191)
at org.openqa.selenium.remote.service.DriverCommandExecutor.invokeExecute(DriverCommandExecutor.java:196)
at org.openqa.selenium.remote.service.DriverCommandExecutor.execute(DriverCommandExecutor.java:171)
at org.openqa.selenium.remote.RemoteWebDriver.execute(RemoteWebDriver.java:531)
at org.openqa.selenium.remote.RemoteWebDriver.get(RemoteWebDriver.java:295)
at com.LMS.stepDefinitions.AttendanceSteps.admin_is_on_dashboard_page_after_login(AttendanceSteps.java:17)
at ?.Admin is on dashboard page after login(file:///C:/Users/subul/eclipse-workspace/LMSPhase2Team2/src/test/resources/features/I_attendance.feature:26)
]]>
            </full-stacktrace>
          </exception> <!-- org.openqa.selenium.InvalidArgumentException -->
          <reporter-output>
          </reporter-output>
        </test-method> <!-- runScenario -->
        <test-method signature="runScenario(io.cucumber.testng.PickleWrapper,io.cucumber.testng.FeatureWrapper)[pri:0, instance:com.LMS.testRunner.TestRunner@105b693d]" started-at="2023-09-13T16:56:21 EDT" name="runScenario" description="Runs Cucumber Scenarios" data-provider="scenarios" finished-at="2023-09-13T16:56:21 EDT" duration-ms="244" status="FAIL">
          <params>
            <param index="0">
              <value>
                <![CDATA["Validate whether the Fields are enabled in Manage Attendance Page"]]>
              </value>
            </param>
            <param index="1">
              <value>
                <![CDATA["Attendance Page verification"]]>
              </value>
            </param>
          </params>
          <exception class="org.openqa.selenium.InvalidArgumentException">
            <message>
              <![CDATA[invalid argument
  (Session info: MicrosoftEdge=116.0.1938.76)
Build info: version: '4.10.0', revision: 'c14d967899'
System info: os.name: 'Windows 11', os.arch: 'amd64', os.version: '10.0', java.version: '20.0.2'
Driver info: org.openqa.selenium.edge.EdgeDriver
Command: [49d1b28bfcbbd22870cf5172a66c55de, get {url=LMSsite}]
[...]
at org.openqa.selenium.remote.codec.w3c.W3CHttpResponseCodec.createException(W3CHttpResponseCodec.java:199)
at org.openqa.selenium.remote.codec.w3c.W3CHttpResponseCodec.decode(W3CHttpResponseCodec.java:132)
at org.openqa.selenium.remote.codec.w3c.W3CHttpResponseCodec.decode(W3CHttpResponseCodec.java:51)
at org.openqa.selenium.remote.HttpCommandExecutor.execute(HttpCommandExecutor.java:191)
at org.openqa.selenium.remote.service.DriverCommandExecutor.invokeExecute(DriverCommandExecutor.java:196)
at org.openqa.selenium.remote.service.DriverCommandExecutor.execute(DriverCommandExecutor.java:171)
at org.openqa.selenium.remote.RemoteWebDriver.execute(RemoteWebDriver.java:531)
at org.openqa.selenium.remote.ElementLocation$ElementFinder$2.findElement(ElementLocation.java:165)
at org.openqa.selenium.remote.ElementLocation.findElement(ElementLocation.java:66)
at org.openqa.selenium.remote.RemoteWebDriver.findElement(RemoteWebDriver.java:350)
at org.openqa.selenium.remote.RemoteWebDriver.findElement(RemoteWebDriver.java:344)
at org.openqa.selenium.support.pagefactory.DefaultElementLocator.findElement(DefaultElementLocator.java:68)
at org.openqa.selenium.support.pagefactory.internal.LocatingElementHandler.invoke(LocatingElementHandler.java:38)
at jdk.proxy2/jdk.proxy2.$Proxy44.click(Unknown Source)
at com.LMS.Pages.AttendancePage.clickattendance(AttendancePage.java:62)
at com.LMS.stepDefinitions.AttendanceSteps.admin_is_in_manage_attendance_page(AttendanceSteps.java:204)
at ?.Admin is in Manage Attendance Page(file:///C:/Users/subul/eclipse-workspace/LMSPhase2Team2/src/test/resources/features/I_attendance5.feature:6)
]]>
            </full-stacktrace>
          </exception> <!-- org.openqa.selenium.InvalidSelectorException -->
          <reporter-output>
          </reporter-output>
        </test-method> <!-- runScenario -->
        <test-method signature="runScenario(io.cucumber.testng.PickleWrapper,io.cucumber.testng.FeatureWrapper)[pri:0, instance:com.LMS.testRunner.TestRunner@105b693d]" started-at="2023-09-13T16:56:40 EDT" name="runScenario" description="Runs Cucumber Scenarios" data-provider="scenarios" finished-at="2023-09-13T16:56:40 EDT" duration-ms="286" status="FAIL">
          <params>
            <param index="0">
              <value>
                <![CDATA["Verify admin is able to navigate from manage attendance to student page"]]>
              </value>
            </param>
            <param index="1">
              <value>
                <![CDATA["Navigation function validation from manage attendance page to other pages"]]>
              </value>
            </param>
          </params>
          <exception class="org.openqa.selenium.InvalidSelectorException">
            <message>
              <![CDATA[invalid selector: An invalid or illegal selector was specified
  (Session info: MicrosoftEdge=116.0.1938.76)
For documentation on this error, please visit: https://www.selenium.dev/documentation/webdriver/troubleshooting/errors#invalid-selector-exception
Build info: version: '4.10.0', revision: 'c14d967899'
System info: os.name: 'Windows 11', os.arch: 'amd64', os.version: '10.0', java.version: '20.0.2'
Driver info: org.openqa.selenium.edge.EdgeDriver
Command: [49d1b28bfcbbd22870cf5172a66c55de, findElement {using=id, value=}]
Capabilities {acceptInsecureCerts: false, browserName: msedge, browserVersion: 116.0.1938.76, fedcm:accounts: true, ms:edgeOptions: {debuggerAddress: localhost:52688}, msedge: {msedgedriverVersion: 116.0.1938.76 (3ea752a1990a..., userDataDir: C:\Users\subul\AppData\Loca...}, networkConnectionEnabled: false, pageLoadStrategy: normal, platformName: windows, proxy: Proxy(), se:cdp: ws://localhost:52688/devtoo..., se:cdpVersion: 116.0.1938.76, setWindowRect: true, strictFileInteractability: false, timeouts: {implicit: 0, pageLoad: 300000, script: 30000}, unhandledPromptBehavior: dismiss and notify, webauthn:extension:credBlob: true, webauthn:extension:largeBlob: true, webauthn:extension:minPinLength: true, webauthn:extension:prf: true, webauthn:virtualAuthenticators: true}
Session ID: 49d1b28bfcbbd22870cf5172a66c55de]]>
            </message>
            <full-stacktrace>
              <![CDATA[org.openqa.selenium.InvalidSelectorException: invalid selector: An invalid or illegal selector was specified
  (Session info: MicrosoftEdge=116.0.1938.76)
For documentation on this error, please visit: https://www.selenium.dev/documentation/webdriver/troubleshooting/errors#invalid-selector-exception
Build info: version: '4.10.0', revision: 'c14d967899'
System info: os.name: 'Windows 11', os.arch: 'amd64', os.version: '10.0', java.version: '20.0.2'
Driver info: org.openqa.selenium.edge.EdgeDriver
Command: [49d1b28bfcbbd22870cf5172a66c55de, findElement {using=id, value=}]
Capabilities {acceptInsecureCerts: false, browserName: msedge, browserVersion: 116.0.1938.76, fedcm:accounts: true, ms:edgeOptions: {debuggerAddress: localhost:52688}, msedge: {msedgedriverVersion: 116.0.1938.76 (3ea752a1990a..., userDataDir: C:\Users\subul\AppData\Loca...}, networkConnectionEnabled: false, pageLoadStrategy: normal, platformName: windows, proxy: Proxy(), se:cdp: ws://localhost:52688/devtoo..., se:cdpVersion: 116.0.1938.76, setWindowRect: true, strictFileInteractability: false, timeouts: {implicit: 0, pageLoad: 300000, script: 30000}, unhandledPromptBehavior: dismiss and notify, webauthn:extension:credBlob: true, webauthn:extension:largeBlob: true, webauthn:extension:minPinLength: true, webauthn:extension:prf: true, webauthn:virtualAuthenticators: true}
Session ID: 49d1b28bfcbbd22870cf5172a66c55de
at java.base/jdk.internal.reflect.DirectConstructorHandleAccessor.newInstance(DirectConstructorHandleAccessor.java:67)
at java.base/java.lang.reflect.Constructor.newInstanceWithCaller(Constructor.java:500)
at java.base/java.lang.reflect.Constructor.newInstance(Constructor.java:484)
at org.openqa.selenium.remote.codec.w3c.W3CHttpResponseCodec.createException(W3CHttpResponseCodec.java:199)
at org.openqa.selenium.remote.codec.w3c.W3CHttpResponseCodec.decode(W3CHttpResponseCodec.java:132)
at org.openqa.selenium.remote.codec.w3c.W3CHttpResponseCodec.decode(W3CHttpResponseCodec.java:51)
at org.openqa.selenium.remote.HttpCommandExecutor.execute(HttpCommandExecutor.java:191)
at org.openqa.selenium.remote.service.DriverCommandExecutor.invokeExecute(DriverCommandExecutor.java:196)
at org.openqa.selenium.remote.service.DriverCommandExecutor.execute(DriverCommandExecutor.java:171)
at org.openqa.selenium.remote.RemoteWebDriver.execute(RemoteWebDriver.java:531)
at org.openqa.selenium.remote.ElementLocation$ElementFinder$2.findElement(ElementLocation.java:165)
at org.openqa.selenium.remote.ElementLocation.findElement(ElementLocation.java:66)
at org.openqa.selenium.remote.RemoteWebDriver.findElement(RemoteWebDriver.java:350)
at org.openqa.selenium.remote.RemoteWebDriver.findElement(RemoteWebDriver.java:344)
at org.openqa.selenium.support.pagefactory.DefaultElementLocator.findElement(DefaultElementLocator.java:68)
at org.openqa.selenium.support.pagefactory.internal.LocatingElementHandler.invoke(LocatingElementHandler.java:38)
at jdk.proxy2/jdk.proxy2.$Proxy44.click(Unknown Source)
at com.LMS.Pages.AttendancePage.clickattendance(AttendancePage.java:62)
at com.LMS.stepDefinitions.AttendanceSteps.admin_is_in_manage_attendance_page(AttendanceSteps.java:204)
at ?.Admin is in Manage Attendance Page(file:///C:/Users/subul/eclipse-workspace/LMSPhase2Team2/src/test/resources/features/I_attendance5.feature:6)
]]>
            </full-stacktrace>
          </exception> <!-- org.openqa.selenium.InvalidSelectorException -->
          <reporter-output>
          </reporter-output>
        </test-method> <!-- runScenario -->
        <test-method signature="runScenario(io.cucumber.testng.PickleWrapper,io.cucumber.testng.FeatureWrapper)[pri:0, instance:com.LMS.testRunner.TestRunner@105b693d]" started-at="2023-09-13T16:56:40 EDT" name="runScenario" description="Runs Cucumber Scenarios" data-provider="scenarios" finished-at="2023-09-13T16:56:40 EDT" duration-ms="186" status="FAIL">
          <params>
            <param index="0">
              <value>
                <![CDATA["Verify admin is able to navigate from manage attendance to student page"]]>
              </value>
            </param>
            <param index="1">
              <value>
                <![CDATA["Navigation function validation from manage attendance page to other pages"]]>
              </value>
            </param>
          </params>
          <exception class="org.openqa.selenium.InvalidSelectorException">
            <message>
              <![CDATA[invalid selector: An invalid or illegal selector was specified
  (Session info: MicrosoftEdge=116.0.1938.76)
For documentation on this error, please visit: https://www.selenium.dev/documentation/webdriver/troubleshooting/errors#invalid-selector-exception
Build info: version: '4.10.0', revision: 'c14d967899'
System info: os.name: 'Windows 11', os.arch: 'amd64', os.version: '10.0', java.version: '20.0.2'
Driver info: org.openqa.selenium.edge.EdgeDriver
Command: [49d1b28bfcbbd22870cf5172a66c55de, findElement {using=id, value=}]
Capabilities {acceptInsecureCerts: false, browserName: msedge, browserVersion: 116.0.1938.76, fedcm:accounts: true, ms:edgeOptions: {debuggerAddress: localhost:52688}, msedge: {msedgedriverVersion: 116.0.1938.76 (3ea752a1990a..., userDataDir: C:\Users\subul\AppData\Loca...}, networkConnectionEnabled: false, pageLoadStrategy: normal, platformName: windows, proxy: Proxy(), se:cdp: ws://localhost:52688/devtoo..., se:cdpVersion: 116.0.1938.76, setWindowRect: true, strictFileInteractability: false, timeouts: {implicit: 0, pageLoad: 300000, script: 30000}, unhandledPromptBehavior: dismiss and notify, webauthn:extension:credBlob: true, webauthn:extension:largeBlob: true, webauthn:extension:minPinLength: true, webauthn:extension:prf: true, webauthn:virtualAuthenticators: true}
Session ID: 49d1b28bfcbbd22870cf5172a66c55de]]>
            </message>
            <full-stacktrace>
              <![CDATA[org.openqa.selenium.InvalidSelectorException: invalid selector: An invalid or illegal selector was specified
  (Session info: MicrosoftEdge=116.0.1938.76)
For documentation on this error, please visit: https://www.selenium.dev/documentation/webdriver/troubleshooting/errors#invalid-selector-exception
Build info: version: '4.10.0', revision: 'c14d967899'
System info: os.name: 'Windows 11', os.arch: 'amd64', os.version: '10.0', java.version: '20.0.2'
Driver info: org.openqa.selenium.edge.EdgeDriver
Command: [49d1b28bfcbbd22870cf5172a66c55de, findElement {using=id, value=}]
Capabilities {acceptInsecureCerts: false, browserName: msedge, browserVersion: 116.0.1938.76, fedcm:accounts: true, ms:edgeOptions: {debuggerAddress: localhost:52688}, msedge: {msedgedriverVersion: 116.0.1938.76 (3ea752a1990a..., userDataDir: C:\Users\subul\AppData\Loca...}, networkConnectionEnabled: false, pageLoadStrategy: normal, platformName: windows, proxy: Proxy(), se:cdp: ws://localhost:52688/devtoo..., se:cdpVersion: 116.0.1938.76, setWindowRect: true, strictFileInteractability: false, timeouts: {implicit: 0, pageLoad: 300000, script: 30000}, unhandledPromptBehavior: dismiss and notify, webauthn:extension:credBlob: true, webauthn:extension:largeBlob: true, webauthn:extension:minPinLength: true, webauthn:extension:prf: true, webauthn:virtualAuthenticators: true}
Session ID: 49d1b28bfcbbd22870cf5172a66c55de
at java.base/jdk.internal.reflect.DirectConstructorHandleAccessor.newInstance(DirectConstructorHandleAccessor.java:67)
at java.base/java.lang.reflect.Constructor.newInstanceWithCaller(Constructor.java:500)
at java.base/java.lang.reflect.Constructor.newInstance(Constructor.java:484)
at org.openqa.selenium.remote.codec.w3c.W3CHttpResponseCodec.createException(W3CHttpResponseCodec.java:199)
at org.openqa.selenium.remote.codec.w3c.W3CHttpResponseCodec.decode(W3CHttpResponseCodec.java:132)
at org.openqa.selenium.remote.codec.w3c.W3CHttpResponseCodec.decode(W3CHttpResponseCodec.java:51)
at org.openqa.selenium.remote.HttpCommandExecutor.execute(HttpCommandExecutor.java:191)
at org.openqa.selenium.remote.service.DriverCommandExecutor.invokeExecute(DriverCommandExecutor.java:196)
at org.openqa.selenium.remote.service.DriverCommandExecutor.execute(DriverCommandExecutor.java:171)
at org.openqa.selenium.remote.RemoteWebDriver.execute(RemoteWebDriver.java:531)
at org.openqa.selenium.remote.ElementLocation$ElementFinder$2.findElement(ElementLocation.java:165)
at org.openqa.selenium.remote.ElementLocation.findElement(ElementLocation.java:66)
at org.openqa.selenium.remote.RemoteWebDriver.findElement(RemoteWebDriver.java:350)
at org.openqa.selenium.remote.RemoteWebDriver.findElement(RemoteWebDriver.java:344)
at org.openqa.selenium.support.pagefactory.DefaultElementLocator.findElement(DefaultElementLocator.java:68)
at org.openqa.selenium.support.pagefactory.internal.LocatingElementHandler.invoke(LocatingElementHandler.java:38)
at jdk.proxy2/jdk.proxy2.$Proxy44.click(Unknown Source)
at com.LMS.Pages.AttendancePage.clickattendance(AttendancePage.java:62)
at com.LMS.stepDefinitions.AttendanceSteps.admin_is_in_manage_attendance_page(AttendanceSteps.java:204)
at ?.Admin is in Manage Attendance Page(file:///C:/Users/subul/eclipse-workspace/LMSPhase2Team2/src/test/resources/features/I_attendance5.feature:6)
]]>
            </full-stacktrace>
          </exception> <!-- org.openqa.selenium.InvalidSelectorException -->
          <reporter-output>
          </reporter-output>
        </test-method> <!-- runScenario -->
        <test-method signature="runScenario(io.cucumber.testng.PickleWrapper,io.cucumber.testng.FeatureWrapper)[pri:0, instance:com.LMS.testRunner.TestRunner@105b693d]" started-at="2023-09-13T16:56:40 EDT" name="runScenario" description="Runs Cucumber Scenarios" data-provider="scenarios" finished-at="2023-09-13T16:56:40 EDT" duration-ms="167" status="FAIL">
          <params>
            <param index="0">
              <value>
                <![CDATA["Verify admin is able to navigate from manage attendance to student page"]]>
              </value>
            </param>
            <param index="1">
              <value>
                <![CDATA["Navigation function validation from manage attendance page to other pages"]]>
              </value>
            </param>
          </params>
          <exception class="org.openqa.selenium.InvalidSelectorException">
            <message>
              <![CDATA[invalid selector: An invalid or illegal selector was specified
  (Session info: MicrosoftEdge=116.0.1938.76)
For documentation on this error, please visit: https://www.selenium.dev/documentation/webdriver/troubleshooting/errors#invalid-selector-exception
Build info: version: '4.10.0', revision: 'c14d967899'
System info: os.name: 'Windows 11', os.arch: 'amd64', os.version: '10.0', java.version: '20.0.2'
Driver info: org.openqa.selenium.edge.EdgeDriver
Command: [49d1b28bfcbbd22870cf5172a66c55de, findElement {using=id, value=}]
Capabilities {acceptInsecureCerts: false, browserName: msedge, browserVersion: 116.0.1938.76, fedcm:accounts: true, ms:edgeOptions: {debuggerAddress: localhost:52688}, msedge: {msedgedriverVersion: 116.0.1938.76 (3ea752a1990a..., userDataDir: C:\Users\subul\AppData\Loca...}, networkConnectionEnabled: false, pageLoadStrategy: normal, platformName: windows, proxy: Proxy(), se:cdp: ws://localhost:52688/devtoo..., se:cdpVersion: 116.0.1938.76, setWindowRect: true, strictFileInteractability: false, timeouts: {implicit: 0, pageLoad: 300000, script: 30000}, unhandledPromptBehavior: dismiss and notify, webauthn:extension:credBlob: true, webauthn:extension:largeBlob: true, webauthn:extension:minPinLength: true, webauthn:extension:prf: true, webauthn:virtualAuthenticators: true}
Session ID: 49d1b28bfcbbd22870cf5172a66c55de]]>
            </message>
            <full-stacktrace>
              <![CDATA[org.openqa.selenium.InvalidSelectorException: invalid selector: An invalid or illegal selector was specified
  (Session info: MicrosoftEdge=116.0.1938.76)
For documentation on this error, please visit: https://www.selenium.dev/documentation/webdriver/troubleshooting/errors#invalid-selector-exception
Build info: version: '4.10.0', revision: 'c14d967899'
System info: os.name: 'Windows 11', os.arch: 'amd64', os.version: '10.0', java.version: '20.0.2'
Driver info: org.openqa.selenium.edge.EdgeDriver
Command: [49d1b28bfcbbd22870cf5172a66c55de, findElement {using=id, value=}]
Capabilities {acceptInsecureCerts: false, browserName: msedge, browserVersion: 116.0.1938.76, fedcm:accounts: true, ms:edgeOptions: {debuggerAddress: localhost:52688}, msedge: {msedgedriverVersion: 116.0.1938.76 (3ea752a1990a..., userDataDir: C:\Users\subul\AppData\Loca...}, networkConnectionEnabled: false, pageLoadStrategy: normal, platformName: windows, proxy: Proxy(), se:cdp: ws://localhost:52688/devtoo..., se:cdpVersion: 116.0.1938.76, setWindowRect: true, strictFileInteractability: false, timeouts: {implicit: 0, pageLoad: 300000, script: 30000}, unhandledPromptBehavior: dismiss and notify, webauthn:extension:credBlob: true, webauthn:extension:largeBlob: true, webauthn:extension:minPinLength: true, webauthn:extension:prf: true, webauthn:virtualAuthenticators: true}
Session ID: 49d1b28bfcbbd22870cf5172a66c55de
at java.base/jdk.internal.reflect.DirectConstructorHandleAccessor.newInstance(DirectConstructorHandleAccessor.java:67)
at java.base/java.lang.reflect.Constructor.newInstanceWithCaller(Constructor.java:500)
at java.base/java.lang.reflect.Constructor.newInstance(Constructor.java:484)
at org.openqa.selenium.remote.codec.w3c.W3CHttpResponseCodec.createException(W3CHttpResponseCodec.java:199)
at org.openqa.selenium.remote.codec.w3c.W3CHttpResponseCodec.decode(W3CHttpResponseCodec.java:132)
at org.openqa.selenium.remote.codec.w3c.W3CHttpResponseCodec.decode(W3CHttpResponseCodec.java:51)
at org.openqa.selenium.remote.HttpCommandExecutor.execute(HttpCommandExecutor.java:191)
at org.openqa.selenium.remote.service.DriverCommandExecutor.invokeExecute(DriverCommandExecutor.java:196)
at org.openqa.selenium.remote.service.DriverCommandExecutor.execute(DriverCommandExecutor.java:171)
at org.openqa.selenium.remote.RemoteWebDriver.execute(RemoteWebDriver.java:531)
at org.openqa.selenium.remote.ElementLocation$ElementFinder$2.findElement(ElementLocation.java:165)
at org.openqa.selenium.remote.ElementLocation.findElement(ElementLocation.java:66)
at org.openqa.selenium.remote.RemoteWebDriver.findElement(RemoteWebDriver.java:350)
at org.openqa.selenium.remote.RemoteWebDriver.findElement(RemoteWebDriver.java:344)
at org.openqa.selenium.support.pagefactory.DefaultElementLocator.findElement(DefaultElementLocator.java:68)
at org.openqa.selenium.support.pagefactory.internal.LocatingElementHandler.invoke(LocatingElementHandler.java:38)
at jdk.proxy2/jdk.proxy2.$Proxy44.click(Unknown Source)
at com.LMS.Pages.AttendancePage.clickattendance(AttendancePage.java:62)
at com.LMS.stepDefinitions.AttendanceSteps.admin_is_in_manage_attendance_page(AttendanceSteps.java:204)
at ?.Admin is in Manage Attendance Page(file:///C:/Users/subul/eclipse-workspace/LMSPhase2Team2/src/test/resources/features/I_attendance5.feature:6)
]]>
            </full-stacktrace>
          </exception> <!-- org.openqa.selenium.InvalidSelectorException -->
          <reporter-output>
          </reporter-output>
        </test-method> <!-- runScenario -->
        <test-method is-config="true" signature="tearDownClass()[pri:0, instance:com.LMS.testRunner.TestRunner@105b693d]" started-at="2023-09-13T16:56:40 EDT" name="tearDownClass" finished-at="2023-09-13T16:56:48 EDT" duration-ms="7189" status="PASS">
          <reporter-output>
          </reporter-output>
        </test-method> <!-- tearDownClass -->
      </class> <!-- com.LMS.testRunner.TestRunner -->
    </test> <!-- Default test -->
  </suite> <!-- Default suite -->
</testng-results>
