<?xml version="1.0" encoding="UTF-8"?>
<!-- Generated by org.testng.reporters.JUnitReportReporter -->
<testsuite hostname="LAPTOP-48HCJLNU" failures="0" tests="105" name="com.LMS.testRunner.TestRunner" time="23.602" errors="105" timestamp="2023-09-13T16:56:49 EDT" skipped="0">
  <testcase classname="com.LMS.testRunner.TestRunner" name="runScenario" time="0.223">
    <error message="invalid argument
  (Session info: MicrosoftEdge=116.0.1938.76)
Build info: version: &#039;4.10.0&#039;, revision: &#039;c14d967899&#039;
System info: os.name: &#039;Windows 11&#039;, os.arch: &#039;amd64&#039;, os.version: &#039;10.0&#039;, java.version: &#039;20.0.2&#039;
Driver info: org.openqa.selenium.edge.EdgeDriver
Command: [49d1b28bfcbbd22870cf5172a66c55de, get {url=LMSsite}]
Capabilities {acceptInsecureCerts: false, browserName: msedge, browserVersion: 116.0.1938.76, fedcm:accounts: true, ms:edgeOptions: {debuggerAddress: localhost:52688}, msedge: {msedgedriverVersion: 116.0.1938.76 (3ea752a1990a..., userDataDir: C:\Users\subul\AppData\Loca...}, networkConnectionEnabled: false, pageLoadStrategy: normal, platformName: windows, proxy: Proxy(), se:cdp: ws://localhost:52688/devtoo..., se:cdpVersion: 116.0.1938.76, setWindowRect: true, strictFileInteractability: false, timeouts: {implicit: 0, pageLoad: 300000, script: 30000}, unhandledPromptBehavior: dismiss and notify, webauthn:extension:credBlob: true, webauthn:extension:largeBlob: true, webauthn:extension:minPinLength: true, webauthn:extension:prf: true, webauthn:virtualAuthenticators: true}
Session ID: 49d1b28bfcbbd22870cf5172a66c55de" type="org.openqa.selenium.InvalidArgumentException">
      <![CDATA[org.openqa.selenium.InvalidArgumentException: invalid argument
  (Session info: MicrosoftEdge=116.0.1938.76)
Build info: version: '4.10.0', revision: 'c14d967899'
System info: os.name: 'Windows 11', os.arch: 'amd64', os.version: '10.0', java.version: '20.0.2'
Driver info: org.openqa.selenium.edge.EdgeDriver
Command: [49d1b28bfcbbd22870cf5172a66c55de, get {url=LMSsite}]
Capabilities {acceptInsecureCerts: false, browserName: msedge, browserVersion: 116.0.1938.76, fedcm:accounts: true, ms:edgeOptions: {debuggerAddress: localhost:52688}, msedge: {msedgedriverVersion: 116.0.1938.76 (3ea752a1990a..., userDataDir: C:\Users\subul\AppData\Loca...}, networkConnectionEnabled: false, pageLoadStrategy: normal, platformName: windows, proxy: Proxy(), se:cdp: ws://localhost:52688/devtoo..., se:cdpVersion: 116.0.1938.76, setWindowRect: true, strictFileInteractability: false, timeouts: {implicit: 0, pageLoad: 300000, script: 30000}, unhandledPromptBehavior: dismiss and notify, webauthn:extension:credBlob: true, webauthn:extension:largeBlob: true, webauthn:extension:minPinLength: true, webauthn:extension:prf: true, webauthn:virtualAuthenticators: true}
Session ID: 49d1b28bfcbbd22870cf5172a66c55de
at java.base/jdk.internal.reflect.DirectConstructorHandleAccessor.newInstance(DirectConstructorHandleAccessor.java:67)
at java.base/java.lang.reflect.Constructor.newInstanceWithCaller(Constructor.java:500)
at java.base/java.lang.reflect.Constructor.newInstance(Constructor.java:484)
at org.openqa.selenium.remote.codec.w3c.W3CHttpResponseCodec.createException(W3CHttpResponseCodec.java:199)
at org.openqa.selenium.remote.codec.w3c.W3CHttpResponseCodec.decode(W3CHttpResponseCodec.java:132)
at org.openqa.selenium.remote.codec.w3c.W3CHttpResponseCodec.decode(W3CHttpResponseCodec.java:51)
at org.openqa.selenium.remote.HttpCommandExecutor.execute(HttpCommandExecutor.java:191)
at org.openqa.selenium.remote.service.DriverCommandExecutor.invokeExecute(DriverCommandExecutor.java:196)
at org.openqa.selenium.remote.service.DriverCommandExecutor.execute(DriverCommandExecutor.java:171)
at org.openqa.selenium.remote.RemoteWebDriver.execute(RemoteWebDriver.java:531)
at org.openqa.selenium.remote.RemoteWebDriver.get(RemoteWebDriver.java:295)
at com.LMS.stepDefinitions.AttendanceSteps.admin_is_on_dashboard_page_after_login(AttendanceSteps.java:17)
at ?.Admin is on dashboard page after login(file:///C:/Users/subul/eclipse-workspace/LMSPhase2Team2/src/test/resources/features/I_attendance.feature:5)
]]>
    </error>
  </testcase> <!-- runScenario -->
  <testcase classname="com.LMS.testRunner.TestRunner" name="runScenario" time="0.218">
    <error message="invalid argument
  (Session info: MicrosoftEdge=116.0.1938.76)
Build info: version: &#039;4.10.0&#039;, revision: &#039;c14d967899&#039;
System info: os.name: &#039;Windows 11&#039;, os.arch: &#039;amd64&#039;, os.version: &#039;10.0&#039;, java.version: &#039;20.0.2&#039;
Driver info: org.openqa.selenium.edge.EdgeDriver
Command: [49d1b28bfcbbd22870cf5172a66c55de, get {url=LMSsite}]
Capabilities {acceptInsecureCerts: false, browserName: msedge, browserVersion: 116.0.1938.76, fedcm:accounts: true, ms:edgeOptions: {debuggerAddress: localhost:52688}, msedge: {msedgedriverVersion: 116.0.1938.76 (3ea752a1990a..., userDataDir: C:\Users\subul\AppData\Loca...}, networkConnectionEnabled: false, pageLoadStrategy: normal, platformName: windows, proxy: Proxy(), se:cdp: ws://localhost:52688/devtoo..., se:cdpVersion: 116.0.1938.76, setWindowRect: true, strictFileInteractability: false, timeouts: {implicit: 0, pageLoad: 300000, script: 30000}, unhandledPromptBehavior: dismiss and notify, webauthn:extension:credBlob: true, webauthn:extension:largeBlob: true, webauthn:extension:minPinLength: true, webauthn:extension:prf: true, webauthn:virtualAuthenticators: true}
Session ID: 49d1b28bfcbbd22870cf5172a66c55de" type="org.openqa.selenium.InvalidArgumentException">
      <![CDATA[org.openqa.selenium.InvalidArgumentException: invalid argument
  (Session info: MicrosoftEdge=116.0.1938.76)
Build info: version: '4.10.0', revision: 'c14d967899'
System info: os.name: 'Windows 11', os.arch: 'amd64', os.version: '10.0', java.version: '20.0.2'
Driver info: org.openqa.selenium.edge.EdgeDriver
Command: [49d1b28bfcbbd22870cf5172a66c55de, get {url=LMSsite}]
Capabilities {acceptInsecureCerts: false, browserName: msedge, browserVersion: 116.0.1938.76, fedcm:accounts: true, ms:edgeOptions: {debuggerAddress: localhost:52688}, msedge: {msedgedriverVersion: 116.0.1938.76 (3ea752a1990a..., userDataDir: C:\Users\subul\AppData\Loca...}, networkConnectionEnabled: false, pageLoadStrategy: normal, platformName: windows, proxy: Proxy(), se:cdp: ws://localhost:52688/devtoo..., se:cdpVersion: 116.0.1938.76, setWindowRect: true, strictFileInteractability: false, timeouts: {implicit: 0, pageLoad: 300000, script: 30000}, unhandledPromptBehavior: dismiss and notify, webauthn:extension:credBlob: true, webauthn:extension:largeBlob: true, webauthn:extension:minPinLength: true, webauthn:extension:prf: true, webauthn:virtualAuthenticators: true}
Session ID: 49d1b28bfcbbd22870cf5172a66c55de
at java.base/jdk.internal.reflect.DirectConstructorHandleAccessor.newInstance(DirectConstructorHandleAccessor.java:67)
at java.base/java.lang.reflect.Constructor.newInstanceWithCaller(Constructor.java:500)
at java.base/java.lang.reflect.Constructor.newInstance(Constructor.java:484)
at org.openqa.selenium.remote.codec.w3c.W3CHttpResponseCodec.createException(W3CHttpResponseCodec.java:199)
at org.openqa.selenium.remote.codec.w3c.W3CHttpResponseCodec.decode(W3CHttpResponseCodec.java:132)
at org.openqa.selenium.remote.codec.w3c.W3CHttpResponseCodec.decode(W3CHttpResponseCodec.java:51)
at org.openqa.selenium.remote.HttpCommandExecutor.execute(HttpCommandExecutor.java:191)
at org.openqa.selenium.remote.service.DriverCommandExecutor.invokeExecute(DriverCommandExecutor.java:196)
at org.openqa.selenium.remote.service.DriverCommandExecutor.execute(DriverCommandExecutor.java:171)
at org.openqa.selenium.remote.RemoteWebDriver.execute(RemoteWebDriver.java:531)
at org.openqa.selenium.remote.RemoteWebDriver.get(RemoteWebDriver.java:295)
at com.LMS.stepDefinitions.AttendanceSteps.admin_is_on_dashboard_page_after_login(AttendanceSteps.java:17)
at ?.Admin is on dashboard page after login(file:///C:/Users/subul/eclipse-workspace/LMSPhase2Team2/src/test/resources/features/I_attendance.feature:47)
]]>
    </error>
  </testcase> <!-- runScenario -->
  <testcase classname="com.LMS.testRunner.TestRunner" name="runScenario" time="0.195">
    <error message="invalid argument
  (Session info: MicrosoftEdge=116.0.1938.76)
Build info: version: &#039;4.10.0&#039;, revision: &#039;c14d967899&#039;
System info: os.name: &#039;Windows 11&#039;, os.arch: &#039;amd64&#039;, os.version: &#039;10.0&#039;, java.version: &#039;20.0.2&#039;
Driver info: org.openqa.selenium.edge.EdgeDriver
Command: [49d1b28bfcbbd22870cf5172a66c55de, get {url=LMSsite}]
Capabilities {acceptInsecureCerts: false, browserName: msedge, browserVersion: 116.0.1938.76, fedcm:accounts: true, ms:edgeOptions: {debuggerAddress: localhost:52688}, msedge: {msedgedriverVersion: 116.0.1938.76 (3ea752a1990a..., userDataDir: C:\Users\subul\AppData\Loca...}, networkConnectionEnabled: false, pageLoadStrategy: normal, platformName: windows, proxy: Proxy(), se:cdp: ws://localhost:52688/devtoo..., se:cdpVersion: 116.0.1938.76, setWindowRect: true, strictFileInteractability: false, timeouts: {implicit: 0, pageLoad: 300000, script: 30000}, unhandledPromptBehavior: dismiss and notify, webauthn:extension:credBlob: true, webauthn:extension:largeBlob: true, webauthn:extension:minPinLength: true, webauthn:extension:prf: true, webauthn:virtualAuthenticators: true}
Session ID: 49d1b28bfcbbd22870cf5172a66c55de" type="org.openqa.selenium.InvalidArgumentException">
      <![CDATA[org.openqa.selenium.InvalidArgumentException: invalid argument
  (Session info: MicrosoftEdge=116.0.1938.76)
Build info: version: '4.10.0', revision: 'c14d967899'
System info: os.name: 'Windows 11', os.arch: 'amd64', os.version: '10.0', java.version: '20.0.2'
Driver info: org.openqa.selenium.edge.EdgeDriver
Command: [49d1b28bfcbbd22870cf5172a66c55de, get {url=LMSsite}]
Capabilities {acceptInsecureCerts: false, browserName: msedge, browserVersion: 116.0.1938.76, fedcm:accounts: true, ms:edgeOptions: {debuggerAddress: localhost:52688}, msedge: {msedgedriverVersion: 116.0.1938.76 (3ea752a1990a..., userDataDir: C:\Users\subul\AppData\Loca...}, networkConnectionEnabled: false, pageLoadStrategy: normal, platformName: windows, proxy: Proxy(), se:cdp: ws://localhost:52688/devtoo..., se:cdpVersion: 116.0.1938.76, setWindowRect: true, strictFileInteractability: false, timeouts: {implicit: 0, pageLoad: 300000, script: 30000}, unhandledPromptBehavior: dismiss and notify, webauthn:extension:credBlob: true, webauthn:extension:largeBlob: true, webauthn:extension:minPinLength: true, webauthn:extension:prf: true, webauthn:virtualAuthenticators: true}
Session ID: 49d1b28bfcbbd22870cf5172a66c55de
at java.base/jdk.internal.reflect.DirectConstructorHandleAccessor.newInstance(DirectConstructorHandleAccessor.java:67)
at java.base/java.lang.reflect.Constructor.newInstanceWithCaller(Constructor.java:500)
at java.base/java.lang.reflect.Constructor.newInstance(Constructor.java:484)
at org.openqa.selenium.remote.codec.w3c.W3CHttpResponseCodec.createException(W3CHttpResponseCodec.java:199)
at org.openqa.selenium.remote.codec.w3c.W3CHttpResponseCodec.decode(W3CHttpResponseCodec.java:132)
at org.openqa.selenium.remote.codec.w3c.W3CHttpResponseCodec.decode(W3CHttpResponseCodec.java:51)
at org.openqa.selenium.remote.HttpCommandExecutor.execute(HttpCommandExecutor.java:191)
at org.openqa.selenium.remote.service.DriverCommandExecutor.invokeExecute(DriverCommandExecutor.java:196)
at org.openqa.selenium.remote.service.DriverCommandExecutor.execute(DriverCommandExecutor.java:171)
at org.openqa.selenium.remote.RemoteWebDriver.execute(RemoteWebDriver.java:531)
at org.openqa.selenium.remote.RemoteWebDriver.get(RemoteWebDriver.java:295)
at com.LMS.stepDefinitions.AttendanceSteps.admin_is_on_dashboard_page_after_login(AttendanceSteps.java:17)
at ?.Admin is on dashboard page after login(file:///C:/Users/subul/eclipse-workspace/LMSPhase2Team2/src/test/resources/features/I_attendance.feature:47)
]]>
    </error>
  </testcase> <!-- runScenario -->
  <testcase classname="com.LMS.testRunner.TestRunner" name="runScenario" time="0.214">
    <error message="invalid argument
  (Session info: MicrosoftEdge=116.0.1938.76)
Build info: version: &#039;4.10.0&#039;, revision: &#039;c14d967899&#039;
System info: os.name: &#039;Windows 11&#039;, os.arch: &#039;amd64&#039;, os.version: &#039;10.0&#039;, java.version: &#039;20.0.2&#039;
Driver info: org.openqa.selenium.edge.EdgeDriver
Command: [49d1b28bfcbbd22870cf5172a66c55de, get {url=LMSsite}]
Capabilities {acceptInsecureCerts: false, browserName: msedge, browserVersion: 116.0.1938.76, fedcm:accounts: true, ms:edgeOptions: {debuggerAddress: localhost:52688}, msedge: {msedgedriverVersion: 116.0.1938.76 (3ea752a1990a..., userDataDir: C:\Users\subul\AppData\Loca...}, networkConnectionEnabled: false, pageLoadStrategy: normal, platformName: windows, proxy: Proxy(), se:cdp: ws://localhost:52688/devtoo..., se:cdpVersion: 116.0.1938.76, setWindowRect: true, strictFileInteractability: false, timeouts: {implicit: 0, pageLoad: 300000, script: 30000}, unhandledPromptBehavior: dismiss and notify, webauthn:extension:credBlob: true, webauthn:extension:largeBlob: true, webauthn:extension:minPinLength: true, webauthn:extension:prf: true, webauthn:virtualAuthenticators: true}
Session ID: 49d1b28bfcbbd22870cf5172a66c55de" type="org.openqa.selenium.InvalidArgumentException">
      <![CDATA[org.openqa.selenium.InvalidArgumentException: invalid argument
  (Session info: MicrosoftEdge=116.0.1938.76)
Build info: version: '4.10.0', revision: 'c14d967899'
System info: os.name: 'Windows 11', os.arch: 'amd64', os.version: '10.0', java.version: '20.0.2'
Driver info: org.openqa.selenium.edge.EdgeDriver
Command: [49d1b28bfcbbd22870cf5172a66c55de, get {url=LMSsite}]
Capabilities {acceptInsecureCerts: false, browserName: msedge, browserVersion: 116.0.1938.76, fedcm:accounts: true, ms:edgeOptions: {debuggerAddress: localhost:52688}, msedge: {msedgedriverVersion: 116.0.1938.76 (3ea752a1990a..., userDataDir: C:\Users\subul\AppData\Loca...}, networkConnectionEnabled: false, pageLoadStrategy: normal, platformName: windows, proxy: Proxy(), se:cdp: ws://localhost:52688/devtoo..., se:cdpVersion: 116.0.1938.76, setWindowRect: true, strictFileInteractability: false, timeouts: {implicit: 0, pageLoad: 300000, script: 30000}, unhandledPromptBehavior: dismiss and notify, webauthn:extension:credBlob: true, webauthn:extension:largeBlob: true, webauthn:extension:minPinLength: true, webauthn:extension:prf: true, webauthn:virtualAuthenticators: true}
Session ID: 49d1b28bfcbbd22870cf5172a66c55de
at java.base/jdk.internal.reflect.DirectConstructorHandleAccessor.newInstance(DirectConstructorHandleAccessor.java:67)
at java.base/java.lang.reflect.Constructor.newInstanceWithCaller(Constructor.java:500)
at java.base/java.lang.reflect.Constructor.newInstance(Constructor.java:484)
at org.openqa.selenium.remote.codec.w3c.W3CHttpResponseCodec.createException(W3CHttpResponseCodec.java:199)
at org.openqa.selenium.remote.codec.w3c.W3CHttpResponseCodec.decode(W3CHttpResponseCodec.java:132)
at org.openqa.selenium.remote.codec.w3c.W3CHttpResponseCodec.decode(W3CHttpResponseCodec.java:51)
at org.openqa.selenium.remote.HttpCommandExecutor.execute(HttpCommandExecutor.java:191)
at org.openqa.selenium.remote.service.DriverCommandExecutor.invokeExecute(DriverCommandExecutor.java:196)
at org.openqa.selenium.remote.service.DriverCommandExecutor.execute(DriverCommandExecutor.java:171)
at org.openqa.selenium.remote.RemoteWebDriver.execute(RemoteWebDriver.java:531)
at org.openqa.selenium.remote.RemoteWebDriver.get(RemoteWebDriver.java:295)
at com.LMS.stepDefinitions.AttendanceSteps.admin_is_on_dashboard_page_after_login(AttendanceSteps.java:17)
at ?.Admin is on dashboard page after login(file:///C:/Users/subul/eclipse-workspace/LMSPhase2Team2/src/test/resources/features/I_attendance.feature:5)
]]>
    </error>
  </testcase> <!-- runScenario -->
  <testcase classname="com.LMS.testRunner.TestRunner" name="runScenario" time="0.222">
    <error message="invalid argument
  (Session info: MicrosoftEdge=116.0.1938.76)
Build info: version: &#039;4.10.0&#039;, revision: &#039;c14d967899&#039;
System info: os.name: &#039;Windows 11&#039;, os.arch: &#039;amd64&#039;, os.version: &#039;10.0&#039;, java.version: &#039;20.0.2&#039;
Driver info: org.openqa.selenium.edge.EdgeDriver
Command: [49d1b28bfcbbd22870cf5172a66c55de, get {url=LMSsite}]
Capabilities {acceptInsecureCerts: false, browserName: msedge, browserVersion: 116.0.1938.76, fedcm:accounts: true, ms:edgeOptions: {debuggerAddress: localhost:52688}, msedge: {msedgedriverVersion: 116.0.1938.76 (3ea752a1990a..., userDataDir: C:\Users\subul\AppData\Loca...}, networkConnectionEnabled: false, pageLoadStrategy: normal, platformName: windows, proxy: Proxy(), se:cdp: ws://localhost:52688/devtoo..., se:cdpVersion: 116.0.1938.76, setWindowRect: true, strictFileInteractability: false, timeouts: {implicit: 0, pageLoad: 300000, script: 30000}, unhandledPromptBehavior: dismiss and notify, webauthn:extension:credBlob: true, webauthn:extension:largeBlob: true, webauthn:extension:minPinLength: true, webauthn:extension:prf: true, webauthn:virtualAuthenticators: true}
Session ID: 49d1b28bfcbbd22870cf5172a66c55de" type="org.openqa.selenium.InvalidArgumentException">
      <![CDATA[org.openqa.selenium.InvalidArgumentException: invalid argument
  (Session info: MicrosoftEdge=116.0.1938.76)
Build info: version: '4.10.0', revision: 'c14d967899'
System info: os.name: 'Windows 11', os.arch: 'amd64', os.version: '10.0', java.version: '20.0.2'
Driver info: org.openqa.selenium.edge.EdgeDriver
Command: [49d1b28bfcbbd22870cf5172a66c55de, get {url=LMSsite}]
Capabilities {acceptInsecureCerts: false, browserName: msedge, browserVersion: 116.0.1938.76, fedcm:accounts: true, ms:edgeOptions: {debuggerAddress: localhost:52688}, msedge: {msedgedriverVersion: 116.0.1938.76 (3ea752a1990a..., userDataDir: C:\Users\subul\AppData\Loca...}, networkConnectionEnabled: false, pageLoadStrategy: normal, platformName: windows, proxy: Proxy(), se:cdp: ws://localhost:52688/devtoo..., se:cdpVersion: 116.0.1938.76, setWindowRect: true, strictFileInteractability: false, timeouts: {implicit: 0, pageLoad: 300000, script: 30000}, unhandledPromptBehavior: dismiss and notify, webauthn:extension:credBlob: true, webauthn:extension:largeBlob: true, webauthn:extension:minPinLength: true, webauthn:extension:prf: true, webauthn:virtualAuthenticators: true}
Session ID: 49d1b28bfcbbd22870cf5172a66c55de
at java.base/jdk.internal.reflect.DirectConstructorHandleAccessor.newInstance(DirectConstructorHandleAccessor.java:67)
at java.base/java.lang.reflect.Constructor.newInstanceWithCaller(Constructor.java:500)
at java.base/java.lang.reflect.Constructor.newInstance(Constructor.java:484)
at org.openqa.selenium.remote.codec.w3c.W3CHttpResponseCodec.createException(W3CHttpResponseCodec.java:199)
at org.openqa.selenium.remote.codec.w3c.W3CHttpResponseCodec.decode(W3CHttpResponseCodec.java:132)
at org.openqa.selenium.remote.codec.w3c.W3CHttpResponseCodec.decode(W3CHttpResponseCodec.java:51)
at org.openqa.selenium.remote.HttpCommandExecutor.execute(HttpCommandExecutor.java:191)
at org.openqa.selenium.remote.service.DriverCommandExecutor.invokeExecute(DriverCommandExecutor.java:196)
at org.openqa.selenium.remote.service.DriverCommandExecutor.execute(DriverCommandExecutor.java:171)
at org.openqa.selenium.remote.RemoteWebDriver.execute(RemoteWebDriver.java:531)
at org.openqa.selenium.remote.RemoteWebDriver.get(RemoteWebDriver.java:295)
at com.LMS.stepDefinitions.AttendanceSteps.admin_is_on_dashboard_page_after_login(AttendanceSteps.java:17)
at ?.Admin is on dashboard page after login(file:///C:/Users/subul/eclipse-workspace/LMSPhase2Team2/src/test/resources/features/I_attendance.feature:5)
]]>
    </error>
  </testcase> <!-- runScenario -->
  <testcase classname="com.LMS.testRunner.TestRunner" name="runScenario" time="0.230">
    <error message="invalid argument
  (Session info: MicrosoftEdge=116.0.1938.76)
Build info: version: &#039;4.10.0&#039;, revision: &#039;c14d967899&#039;
System info: os.name: &#039;Windows 11&#039;, os.arch: &#039;amd64&#039;, os.version: &#039;10.0&#039;, java.version: &#039;20.0.2&#039;
Driver info: org.openqa.selenium.edge.EdgeDriver
Command: [49d1b28bfcbbd22870cf5172a66c55de, get {url=LMSsite}]
Capabilities {acceptInsecureCerts: false, browserName: msedge, browserVersion: 116.0.1938.76, fedcm:accounts: true, ms:edgeOptions: {debuggerAddress: localhost:52688}, msedge: {msedgedriverVersion: 116.0.1938.76 (3ea752a1990a..., userDataDir: C:\Users\subul\AppData\Loca...}, networkConnectionEnabled: false, pageLoadStrategy: normal, platformName: windows, proxy: Proxy(), se:cdp: ws://localhost:52688/devtoo..., se:cdpVersion: 116.0.1938.76, setWindowRect: true, strictFileInteractability: false, timeouts: {implicit: 0, pageLoad: 300000, script: 30000}, unhandledPromptBehavior: dismiss and notify, webauthn:extension:credBlob: true, webauthn:extension:largeBlob: true, webauthn:extension:minPinLength: true, webauthn:extension:prf: true, webauthn:virtualAuthenticators: true}
Session ID: 49d1b28bfcbbd22870cf5172a66c55de" type="org.openqa.selenium.InvalidArgumentException">
      <![CDATA[org.openqa.selenium.InvalidArgumentException: invalid argument
  (Session info: MicrosoftEdge=116.0.1938.76)
Build info: version: '4.10.0', revision: 'c14d967899'
System info: os.name: 'Windows 11', os.arch: 'amd64', os.version: '10.0', java.version: '20.0.2'
Driver info: org.openqa.selenium.edge.EdgeDriver
Command: [49d1b28bfcbbd22870cf5172a66c55de, get {url=LMSsite}]
Capabilities {acceptInsecureCerts: false, browserName: msedge, browserVersion: 116.0.1938.76, fedcm:accounts: true, ms:edgeOptions: {debuggerAddress: localhost:52688}, msedge: {msedgedriverVersion: 116.0.1938.76 (3ea752a1990a..., userDataDir: C:\Users\subul\AppData\Loca...}, networkConnectionEnabled: false, pageLoadStrategy: normal, platformName: windows, proxy: Proxy(), se:cdp: ws://localhost:52688/devtoo..., se:cdpVersion: 116.0.1938.76, setWindowRect: true, strictFileInteractability: false, timeouts: {implicit: 0, pageLoad: 300000, script: 30000}, unhandledPromptBehavior: dismiss and notify, webauthn:extension:credBlob: true, webauthn:extension:largeBlob: true, webauthn:extension:minPinLength: true, webauthn:extension:prf: true, webauthn:virtualAuthenticators: true}
Session ID: 49d1b28bfcbbd22870cf5172a66c55de
at java.base/jdk.internal.reflect.DirectConstructorHandleAccessor.newInstance(DirectConstructorHandleAccessor.java:67)
at java.base/java.lang.reflect.Constructor.newInstanceWithCaller(Constructor.java:500)
at java.base/java.lang.reflect.Constructor.newInstance(Constructor.java:484)
at org.openqa.selenium.remote.codec.w3c.W3CHttpResponseCodec.createException(W3CHttpResponseCodec.java:199)
at org.openqa.selenium.remote.codec.w3c.W3CHttpResponseCodec.decode(W3CHttpResponseCodec.java:132)
at org.openqa.selenium.remote.codec.w3c.W3CHttpResponseCodec.decode(W3CHttpResponseCodec.java:51)
at org.openqa.selenium.remote.HttpCommandExecutor.execute(HttpCommandExecutor.java:191)
at org.openqa.selenium.remote.service.DriverCommandExecutor.invokeExecute(DriverCommandExecutor.java:196)
at org.openqa.selenium.remote.service.DriverCommandExecutor.execute(DriverCommandExecutor.java:171)
at org.openqa.selenium.remote.RemoteWebDriver.execute(RemoteWebDriver.java:531)
at org.openqa.selenium.remote.RemoteWebDriver.get(RemoteWebDriver.java:295)
at com.LMS.stepDefinitions.AttendanceSteps.admin_is_on_dashboard_page_after_login(AttendanceSteps.java:17)
at ?.Admin is on dashboard page after login(file:///C:/Users/subul/eclipse-workspace/LMSPhase2Team2/src/test/resources/features/I_attendance.feature:5)
]]>
    </error>
  </testcase> <!-- runScenario -->
  <testcase classname="com.LMS.testRunner.TestRunner" name="runScenario" time="0.376">
    <error message="invalid argument
  (Session info: MicrosoftEdge=116.0.1938.76)
Build info: version: &#039;4.10.0&#039;, revision: &#039;c14d967899&#039;
System info: os.name: &#039;Windows 11&#039;, os.arch: &#039;amd64&#039;, os.version: &#039;10.0&#039;, java.version: &#039;20.0.2&#039;
Driver info: org.openqa.selenium.edge.EdgeDriver
Command: [49d1b28bfcbbd22870cf5172a66c55de, get {url=LMSsite}]
Capabilities {acceptInsecureCerts: false, browserName: msedge, browserVersion: 116.0.1938.76, fedcm:accounts: true, ms:edgeOptions: {debuggerAddress: localhost:52688}, msedge: {msedgedriverVersion: 116.0.1938.76 (3ea752a1990a..., userDataDir: C:\Users\subul\AppData\Loca...}, networkConnectionEnabled: false, pageLoadStrategy: normal, platformName: windows, proxy: Proxy(), se:cdp: ws://localhost:52688/devtoo..., se:cdpVersion: 116.0.1938.76, setWindowRect: true, strictFileInteractability: false, timeouts: {implicit: 0, pageLoad: 300000, script: 30000}, unhandledPromptBehavior: dismiss and notify, webauthn:extension:credBlob: true, webauthn:extension:largeBlob: true, webauthn:extension:minPinLength: true, webauthn:extension:prf: true, webauthn:virtualAuthenticators: true}
Session ID: 49d1b28bfcbbd22870cf5172a66c55de" type="org.openqa.selenium.InvalidArgumentException">
      <![CDATA[org.openqa.selenium.InvalidArgumentException: invalid argument
  (Session info: MicrosoftEdge=116.0.1938.76)
Build info: version: '4.10.0', revision: 'c14d967899'
System info: os.name: 'Windows 11', os.arch: 'amd64', os.version: '10.0', java.version: '20.0.2'
Driver info: org.openqa.selenium.edge.EdgeDriver
Command: [49d1b28bfcbbd22870cf5172a66c55de, get {url=LMSsite}]
Capabilities {acceptInsecureCerts: false, browserName: msedge, browserVersion: 116.0.1938.76, fedcm:accounts: true, ms:edgeOptions: {debuggerAddress: localhost:52688}, msedge: {msedgedriverVersion: 116.0.1938.76 (3ea752a1990a..., userDataDir: C:\Users\subul\AppData\Loca...}, networkConnectionEnabled: false, pageLoadStrategy: normal, platformName: windows, proxy: Proxy(), se:cdp: ws://localhost:52688/devtoo..., se:cdpVersion: 116.0.1938.76, setWindowRect: true, strictFileInteractability: false, timeouts: {implicit: 0, pageLoad: 300000, script: 30000}, unhandledPromptBehavior: dismiss and notify, webauthn:extension:credBlob: true, webauthn:extension:largeBlob: true, webauthn:extension:minPinLength: true, webauthn:extension:prf: true, webauthn:virtualAuthenticators: true}
Session ID: 49d1b28bfcbbd22870cf5172a66c55de
at java.base/jdk.internal.reflect.DirectConstructorHandleAccessor.newInstance(DirectConstructorHandleAccessor.java:67)
at java.base/java.lang.reflect.Constructor.newInstanceWithCaller(Constructor.java:500)
at java.base/java.lang.reflect.Constructor.newInstance(Constructor.java:484)
at org.openqa.selenium.remote.codec.w3c.W3CHttpResponseCodec.createException(W3CHttpResponseCodec.java:199)
at org.openqa.selenium.remote.codec.w3c.W3CHttpResponseCodec.decode(W3CHttpResponseCodec.java:132)
at org.openqa.selenium.remote.codec.w3c.W3CHttpResponseCodec.decode(W3CHttpResponseCodec.java:51)
at org.openqa.selenium.remote.HttpCommandExecutor.execute(HttpCommandExecutor.java:191)
at org.openqa.selenium.remote.service.DriverCommandExecutor.invokeExecute(DriverCommandExecutor.java:196)
at org.openqa.selenium.remote.service.DriverCommandExecutor.execute(DriverCommandExecutor.java:171)
at org.openqa.selenium.remote.RemoteWebDriver.execute(RemoteWebDriver.java:531)
at org.openqa.selenium.remote.RemoteWebDriver.get(RemoteWebDriver.java:295)
at com.LMS.stepDefinitions.AttendanceSteps.admin_is_on_dashboard_page_after_login(AttendanceSteps.java:17)
at ?.Admin is on dashboard page after login(file:///C:/Users/subul/eclipse-workspace/LMSPhase2Team2/src/test/resources/features/I_attendance.feature:5)
]]>
    </error>
  </testcase> <!-- runScenario -->
  <testcase classname="com.LMS.testRunner.TestRunner" name="runScenario" time="0.163">
    <error message="invalid selector: An invalid or illegal selector was specified
  (Session info: MicrosoftEdge=116.0.1938.76)
For documentation on this error, please visit: https://www.selenium.dev/documentation/webdriver/troubleshooting/errors#invalid-selector-exception
Build info: version: &#039;4.10.0&#039;, revision: &#039;c14d967899&#039;
System info: os.name: &#039;Windows 11&#039;, os.arch: &#039;amd64&#039;, os.version: &#039;10.0&#039;, java.version: &#039;20.0.2&#039;
Driver info: org.openqa.selenium.edge.EdgeDriver
Command: [49d1b28bfcbbd22870cf5172a66c55de, findElement {using=id, value=}]
Capabilities {acceptInsecureCerts: false, browserName: msedge, browserVersion: 116.0.1938.76, fedcm:accounts: true, ms:edgeOptions: {debuggerAddress: localhost:52688}, msedge: {msedgedriverVersion: 116.0.1938.76 (3ea752a1990a..., userDataDir: C:\Users\subul\AppData\Loca...}, networkConnectionEnabled: false, pageLoadStrategy: normal, platformName: windows, proxy: Proxy(), se:cdp: ws://localhost:52688/devtoo..., se:cdpVersion: 116.0.1938.76, setWindowRect: true, strictFileInteractability: false, timeouts: {implicit: 0, pageLoad: 300000, script: 30000}, unhandledPromptBehavior: dismiss and notify, webauthn:extension:credBlob: true, webauthn:extension:largeBlob: true, webauthn:extension:minPinLength: true, webauthn:extension:prf: true, webauthn:virtualAuthenticators: true}
Session ID: 49d1b28bfcbbd22870cf5172a66c55de" type="org.openqa.selenium.InvalidSelectorException">
      <![CDATA[org.openqa.selenium.InvalidSelectorException: invalid selector: An invalid or illegal selector was specified
  (Session info: MicrosoftEdge=116.0.1938.76)
For documentation on this error, please visit: https://www.selenium.dev/documentation/webdriver/troubleshooting/errors#invalid-selector-exception
Build info: version: '4.10.0', revision: 'c14d967899'
System info: os.name: 'Windows 11', os.arch: 'amd64', os.version: '10.0', java.version: '20.0.2'
Driver info: org.openqa.selenium.edge.EdgeDriver
Command: [49d1b28bfcbbd22870cf5172a66c55de, findElement {using=id, value=}]
Capabilities {acceptInsecureCerts: false, browserName: msedge, browserVersion: 116.0.1938.76, fedcm:accounts: true, ms:edgeOptions: {debuggerAddress: localhost:52688}, msedge: {msedgedriverVersion: 116.0.1938.76 (3ea752a1990a..., userDataDir: C:\Users\subul\AppData\Loca...}, networkConnectionEnabled: false, pageLoadStrategy: normal, platformName: windows, proxy: Proxy(), se:cdp: ws://localhost:52688/devtoo..., se:cdpVersion: 116.0.1938.76, setWindowRect: true, strictFileInteractability: false, timeouts: {implicit: 0, pageLoad: 300000, script: 30000}, unhandledPromptBehavior: dismiss and notify, webauthn:extension:credBlob: true, webauthn:extension:largeBlob: true, webauthn:extension:minPinLength: true, webauthn:extension:prf: true, webauthn:virtualAuthenticators: true}
Session ID: 49d1b28bfcbbd22870cf5172a66c55de
at java.base/jdk.internal.reflect.DirectConstructorHandleAccessor.newInstance(DirectConstructorHandleAccessor.java:67)
at java.base/java.lang.reflect.Constructor.newInstanceWithCaller(Constructor.java:500)
at java.base/java.lang.reflect.Constructor.newInstance(Constructor.java:484)
at org.openqa.selenium.remote.codec.w3c.W3CHttpResponseCodec.createException(W3CHttpResponseCodec.java:199)
at org.openqa.selenium.remote.codec.w3c.W3CHttpResponseCodec.decode(W3CHttpResponseCodec.java:132)
at org.openqa.selenium.remote.codec.w3c.W3CHttpResponseCodec.decode(W3CHttpResponseCodec.java:51)
at org.openqa.selenium.remote.HttpCommandExecutor.execute(HttpCommandExecutor.java:191)
at org.openqa.selenium.remote.service.DriverCommandExecutor.invokeExecute(DriverCommandExecutor.java:196)
at org.openqa.selenium.remote.service.DriverCommandExecutor.execute(DriverCommandExecutor.java:171)
at org.openqa.selenium.remote.RemoteWebDriver.execute(RemoteWebDriver.java:531)
at org.openqa.selenium.remote.ElementLocation$ElementFinder$2.findElement(ElementLocation.java:165)
at org.openqa.selenium.remote.ElementLocation.findElement(ElementLocation.java:66)
at org.openqa.selenium.remote.RemoteWebDriver.findElement(RemoteWebDriver.java:350)
at org.openqa.selenium.remote.RemoteWebDriver.findElement(RemoteWebDriver.java:344)
at org.openqa.selenium.support.pagefactory.DefaultElementLocator.findElement(DefaultElementLocator.java:68)
at org.openqa.selenium.support.pagefactory.internal.LocatingElementHandler.invoke(LocatingElementHandler.java:38)
at jdk.proxy2/jdk.proxy2.$Proxy44.click(Unknown Source)
at com.LMS.Pages.AttendancePage.clickattendance(AttendancePage.java:62)
at com.LMS.stepDefinitions.AttendanceSteps.admin_is_in_manage_attendance_page(AttendanceSteps.java:204)
at ?.Admin is in Manage Attendance Page(file:///C:/Users/subul/eclipse-workspace/LMSPhase2Team2/src/test/resources/features/I_attendance5.feature:6)
]]>
    </error>
  </testcase> <!-- runScenario -->
  <testcase classname="com.LMS.testRunner.TestRunner" name="runScenario" time="0.234">
    <error message="invalid selector: An invalid or illegal selector was specified
  (Session info: MicrosoftEdge=116.0.1938.76)
For documentation on this error, please visit: https://www.selenium.dev/documentation/webdriver/troubleshooting/errors#invalid-selector-exception
Build info: version: &#039;4.10.0&#039;, revision: &#039;c14d967899&#039;
System info: os.name: &#039;Windows 11&#039;, os.arch: &#039;amd64&#039;, os.version: &#039;10.0&#039;, java.version: &#039;20.0.2&#039;
Driver info: org.openqa.selenium.edge.EdgeDriver
Command: [49d1b28bfcbbd22870cf5172a66c55de, findElement {using=id, value=}]
Capabilities {acceptInsecureCerts: false, browserName: msedge, browserVersion: 116.0.1938.76, fedcm:accounts: true, ms:edgeOptions: {debuggerAddress: localhost:52688}, msedge: {msedgedriverVersion: 116.0.1938.76 (3ea752a1990a..., userDataDir: C:\Users\subul\AppData\Loca...}, networkConnectionEnabled: false, pageLoadStrategy: normal, platformName: windows, proxy: Proxy(), se:cdp: ws://localhost:52688/devtoo..., se:cdpVersion: 116.0.1938.76, setWindowRect: true, strictFileInteractability: false, timeouts: {implicit: 0, pageLoad: 300000, script: 30000}, unhandledPromptBehavior: dismiss and notify, webauthn:extension:credBlob: true, webauthn:extension:largeBlob: true, webauthn:extension:minPinLength: true, webauthn:extension:prf: true, webauthn:virtualAuthenticators: true}
Session ID: 49d1b28bfcbbd22870cf5172a66c55de" type="org.openqa.selenium.InvalidSelectorException">
      <![CDATA[org.openqa.selenium.InvalidSelectorException: invalid selector: An invalid or illegal selector was specified
  (Session info: MicrosoftEdge=116.0.1938.76)
For documentation on this error, please visit: https://www.selenium.dev/documentation/webdriver/troubleshooting/errors#invalid-selector-exception
Build info: version: '4.10.0', revision: 'c14d967899'
System info: os.name: 'Windows 11', os.arch: 'amd64', os.version: '10.0', java.version: '20.0.2'
Driver info: org.openqa.selenium.edge.EdgeDriver
Command: [49d1b28bfcbbd22870cf5172a66c55de, findElement {using=id, value=}]
Capabilities {acceptInsecureCerts: false, browserName: msedge, browserVersion: 116.0.1938.76, fedcm:accounts: true, ms:edgeOptions: {debuggerAddress: localhost:52688}, msedge: {msedgedriverVersion: 116.0.1938.76 (3ea752a1990a..., userDataDir: C:\Users\subul\AppData\Loca...}, networkConnectionEnabled: false, pageLoadStrategy: normal, platformName: windows, proxy: Proxy(), se:cdp: ws://localhost:52688/devtoo..., se:cdpVersion: 116.0.1938.76, setWindowRect: true, strictFileInteractability: false, timeouts: {implicit: 0, pageLoad: 300000, script: 30000}, unhandledPromptBehavior: dismiss and notify, webauthn:extension:credBlob: true, webauthn:extension:largeBlob: true, webauthn:extension:minPinLength: true, webauthn:extension:prf: true, webauthn:virtualAuthenticators: true}
Session ID: 49d1b28bfcbbd22870cf5172a66c55de
at java.base/jdk.internal.reflect.DirectConstructorHandleAccessor.newInstance(DirectConstructorHandleAccessor.java:67)
at java.base/java.lang.reflect.Constructor.newInstanceWithCaller(Constructor.java:500)
at java.base/java.lang.reflect.Constructor.newInstance(Constructor.java:484)
at org.openqa.selenium.remote.codec.w3c.W3CHttpResponseCodec.createException(W3CHttpResponseCodec.java:199)
at org.openqa.selenium.remote.codec.w3c.W3CHttpResponseCodec.decode(W3CHttpResponseCodec.java:132)
at org.openqa.selenium.remote.codec.w3c.W3CHttpResponseCodec.decode(W3CHttpResponseCodec.java:51)
at org.openqa.selenium.remote.HttpCommandExecutor.execute(HttpCommandExecutor.java:191)
at org.openqa.selenium.remote.service.DriverCommandExecutor.invokeExecute(DriverCommandExecutor.java:196)
at org.openqa.selenium.remote.service.DriverCommandExecutor.execute(DriverCommandExecutor.java:171)
at org.openqa.selenium.remote.RemoteWebDriver.execute(RemoteWebDriver.java:531)
at org.openqa.selenium.remote.ElementLocation$ElementFinder$2.findElement(ElementLocation.java:165)
at org.openqa.selenium.remote.ElementLocation.findElement(ElementLocation.java:66)
at org.openqa.selenium.remote.RemoteWebDriver.findElement(RemoteWebDriver.java:350)
at org.openqa.selenium.remote.RemoteWebDriver.findElement(RemoteWebDriver.java:344)
at org.openqa.selenium.support.pagefactory.DefaultElementLocator.findElement(DefaultElementLocator.java:68)
at org.openqa.selenium.support.pagefactory.internal.LocatingElementHandler.invoke(LocatingElementHandler.java:38)
at jdk.proxy2/jdk.proxy2.$Proxy44.click(Unknown Source)
at com.LMS.Pages.AttendancePage.clickattendance(AttendancePage.java:62)
at com.LMS.stepDefinitions.AttendanceSteps.admin_is_in_manage_attendance_page(AttendanceSteps.java:204)
at ?.Admin is in Manage Attendance Page(file:///C:/Users/subul/eclipse-workspace/LMSPhase2Team2/src/test/resources/features/I_attendance3.feature:31)
]]>
    </error>
  </testcase> <!-- runScenario -->
  <testcase classname="com.LMS.testRunner.TestRunner" name="runScenario" time="0.206">
    <error message="invalid selector: An invalid or illegal selector was specified
  (Session info: MicrosoftEdge=116.0.1938.76)
For documentation on this error, please visit: https://www.selenium.dev/documentation/webdriver/troubleshooting/errors#invalid-selector-exception
Build info: version: &#039;4.10.0&#039;, revision: &#039;c14d967899&#039;
System info: os.name: &#039;Windows 11&#039;, os.arch: &#039;amd64&#039;, os.version: &#039;10.0&#039;, java.version: &#039;20.0.2&#039;
Driver info: org.openqa.selenium.edge.EdgeDriver
Command: [49d1b28bfcbbd22870cf5172a66c55de, findElement {using=id, value=}]
Capabilities {acceptInsecureCerts: false, browserName: msedge, browserVersion: 116.0.1938.76, fedcm:accounts: true, ms:edgeOptions: {debuggerAddress: localhost:52688}, msedge: {msedgedriverVersion: 116.0.1938.76 (3ea752a1990a..., userDataDir: C:\Users\subul\AppData\Loca...}, networkConnectionEnabled: false, pageLoadStrategy: normal, platformName: windows, proxy: Proxy(), se:cdp: ws://localhost:52688/devtoo..., se:cdpVersion: 116.0.1938.76, setWindowRect: true, strictFileInteractability: false, timeouts: {implicit: 0, pageLoad: 300000, script: 30000}, unhandledPromptBehavior: dismiss and notify, webauthn:extension:credBlob: true, webauthn:extension:largeBlob: true, webauthn:extension:minPinLength: true, webauthn:extension:prf: true, webauthn:virtualAuthenticators: true}
Session ID: 49d1b28bfcbbd22870cf5172a66c55de" type="org.openqa.selenium.InvalidSelectorException">
      <![CDATA[org.openqa.selenium.InvalidSelectorException: invalid selector: An invalid or illegal selector was specified
  (Session info: MicrosoftEdge=116.0.1938.76)
For documentation on this error, please visit: https://www.selenium.dev/documentation/webdriver/troubleshooting/errors#invalid-selector-exception
Build info: version: '4.10.0', revision: 'c14d967899'
System info: os.name: 'Windows 11', os.arch: 'amd64', os.version: '10.0', java.version: '20.0.2'
Driver info: org.openqa.selenium.edge.EdgeDriver
Command: [49d1b28bfcbbd22870cf5172a66c55de, findElement {using=id, value=}]
Capabilities {acceptInsecureCerts: false, browserName: msedge, browserVersion: 116.0.1938.76, fedcm:accounts: true, ms:edgeOptions: {debuggerAddress: localhost:52688}, msedge: {msedgedriverVersion: 116.0.1938.76 (3ea752a1990a..., userDataDir: C:\Users\subul\AppData\Loca...}, networkConnectionEnabled: false, pageLoadStrategy: normal, platformName: windows, proxy: Proxy(), se:cdp: ws://localhost:52688/devtoo..., se:cdpVersion: 116.0.1938.76, setWindowRect: true, strictFileInteractability: false, timeouts: {implicit: 0, pageLoad: 300000, script: 30000}, unhandledPromptBehavior: dismiss and notify, webauthn:extension:credBlob: true, webauthn:extension:largeBlob: true, webauthn:extension:minPinLength: true, webauthn:extension:prf: true, webauthn:virtualAuthenticators: true}
Session ID: 49d1b28bfcbbd22870cf5172a66c55de
at java.base/jdk.internal.reflect.DirectConstructorHandleAccessor.newInstance(DirectConstructorHandleAccessor.java:67)
at java.base/java.lang.reflect.Constructor.newInstanceWithCaller(Constructor.java:500)
at java.base/java.lang.reflect.Constructor.newInstance(Constructor.java:484)
at org.openqa.selenium.remote.codec.w3c.W3CHttpResponseCodec.createException(W3CHttpResponseCodec.java:199)
at org.openqa.selenium.remote.codec.w3c.W3CHttpResponseCodec.decode(W3CHttpResponseCodec.java:132)
at org.openqa.selenium.remote.codec.w3c.W3CHttpResponseCodec.decode(W3CHttpResponseCodec.java:51)
at org.openqa.selenium.remote.HttpCommandExecutor.execute(HttpCommandExecutor.java:191)
at org.openqa.selenium.remote.service.DriverCommandExecutor.invokeExecute(DriverCommandExecutor.java:196)
at org.openqa.selenium.remote.service.DriverCommandExecutor.execute(DriverCommandExecutor.java:171)
at org.openqa.selenium.remote.RemoteWebDriver.execute(RemoteWebDriver.java:531)
at org.openqa.selenium.remote.ElementLocation$ElementFinder$2.findElement(ElementLocation.java:165)
at org.openqa.selenium.remote.ElementLocation.findElement(ElementLocation.java:66)
at org.openqa.selenium.remote.RemoteWebDriver.findElement(RemoteWebDriver.java:350)
at org.openqa.selenium.remote.RemoteWebDriver.findElement(RemoteWebDriver.java:344)
at org.openqa.selenium.support.pagefactory.DefaultElementLocator.findElement(DefaultElementLocator.java:68)
at org.openqa.selenium.support.pagefactory.internal.LocatingElementHandler.invoke(LocatingElementHandler.java:38)
at jdk.proxy2/jdk.proxy2.$Proxy44.click(Unknown Source)
at com.LMS.Pages.AttendancePage.clickanewattendance(AttendancePage.java:93)
at com.LMS.stepDefinitions.AttendanceSteps.admin_ciicks_on_the_manage_attendance_details_page(AttendanceSteps.java:51)
at ?.Admin ciicks "x" on the Manage Attendance Details Page(file:///C:/Users/subul/eclipse-workspace/LMSPhase2Team2/src/test/resources/features/I_attendance.feature:85)
]]>
    </error>
  </testcase> <!-- runScenario -->
  <testcase classname="com.LMS.testRunner.TestRunner" name="runScenario" time="0.179">
    <error message="invalid selector: An invalid or illegal selector was specified
  (Session info: MicrosoftEdge=116.0.1938.76)
For documentation on this error, please visit: https://www.selenium.dev/documentation/webdriver/troubleshooting/errors#invalid-selector-exception
Build info: version: &#039;4.10.0&#039;, revision: &#039;c14d967899&#039;
System info: os.name: &#039;Windows 11&#039;, os.arch: &#039;amd64&#039;, os.version: &#039;10.0&#039;, java.version: &#039;20.0.2&#039;
Driver info: org.openqa.selenium.edge.EdgeDriver
Command: [49d1b28bfcbbd22870cf5172a66c55de, findElement {using=id, value=}]
Capabilities {acceptInsecureCerts: false, browserName: msedge, browserVersion: 116.0.1938.76, fedcm:accounts: true, ms:edgeOptions: {debuggerAddress: localhost:52688}, msedge: {msedgedriverVersion: 116.0.1938.76 (3ea752a1990a..., userDataDir: C:\Users\subul\AppData\Loca...}, networkConnectionEnabled: false, pageLoadStrategy: normal, platformName: windows, proxy: Proxy(), se:cdp: ws://localhost:52688/devtoo..., se:cdpVersion: 116.0.1938.76, setWindowRect: true, strictFileInteractability: false, timeouts: {implicit: 0, pageLoad: 300000, script: 30000}, unhandledPromptBehavior: dismiss and notify, webauthn:extension:credBlob: true, webauthn:extension:largeBlob: true, webauthn:extension:minPinLength: true, webauthn:extension:prf: true, webauthn:virtualAuthenticators: true}
Session ID: 49d1b28bfcbbd22870cf5172a66c55de" type="org.openqa.selenium.InvalidSelectorException">
      <![CDATA[org.openqa.selenium.InvalidSelectorException: invalid selector: An invalid or illegal selector was specified
  (Session info: MicrosoftEdge=116.0.1938.76)
For documentation on this error, please visit: https://www.selenium.dev/documentation/webdriver/troubleshooting/errors#invalid-selector-exception
Build info: version: '4.10.0', revision: 'c14d967899'
System info: os.name: 'Windows 11', os.arch: 'amd64', os.version: '10.0', java.version: '20.0.2'
Driver info: org.openqa.selenium.edge.EdgeDriver
Command: [49d1b28bfcbbd22870cf5172a66c55de, findElement {using=id, value=}]
Capabilities {acceptInsecureCerts: false, browserName: msedge, browserVersion: 116.0.1938.76, fedcm:accounts: true, ms:edgeOptions: {debuggerAddress: localhost:52688}, msedge: {msedgedriverVersion: 116.0.1938.76 (3ea752a1990a..., userDataDir: C:\Users\subul\AppData\Loca...}, networkConnectionEnabled: false, pageLoadStrategy: normal, platformName: windows, proxy: Proxy(), se:cdp: ws://localhost:52688/devtoo..., se:cdpVersion: 116.0.1938.76, setWindowRect: true, strictFileInteractability: false, timeouts: {implicit: 0, pageLoad: 300000, script: 30000}, unhandledPromptBehavior: dismiss and notify, webauthn:extension:credBlob: true, webauthn:extension:largeBlob: true, webauthn:extension:minPinLength: true, webauthn:extension:prf: true, webauthn:virtualAuthenticators: true}
Session ID: 49d1b28bfcbbd22870cf5172a66c55de
at java.base/jdk.internal.reflect.DirectConstructorHandleAccessor.newInstance(DirectConstructorHandleAccessor.java:67)
at java.base/java.lang.reflect.Constructor.newInstanceWithCaller(Constructor.java:500)
at java.base/java.lang.reflect.Constructor.newInstance(Constructor.java:484)
at org.openqa.selenium.remote.codec.w3c.W3CHttpResponseCodec.createException(W3CHttpResponseCodec.java:199)
at org.openqa.selenium.remote.codec.w3c.W3CHttpResponseCodec.decode(W3CHttpResponseCodec.java:132)
at org.openqa.selenium.remote.codec.w3c.W3CHttpResponseCodec.decode(W3CHttpResponseCodec.java:51)
at org.openqa.selenium.remote.HttpCommandExecutor.execute(HttpCommandExecutor.java:191)
at org.openqa.selenium.remote.service.DriverCommandExecutor.invokeExecute(DriverCommandExecutor.java:196)
at org.openqa.selenium.remote.service.DriverCommandExecutor.execute(DriverCommandExecutor.java:171)
at org.openqa.selenium.remote.RemoteWebDriver.execute(RemoteWebDriver.java:531)
at org.openqa.selenium.remote.ElementLocation$ElementFinder$2.findElement(ElementLocation.java:165)
at org.openqa.selenium.remote.ElementLocation.findElement(ElementLocation.java:66)
at org.openqa.selenium.remote.RemoteWebDriver.findElement(RemoteWebDriver.java:350)
at org.openqa.selenium.remote.RemoteWebDriver.findElement(RemoteWebDriver.java:344)
at org.openqa.selenium.support.pagefactory.DefaultElementLocator.findElement(DefaultElementLocator.java:68)
at org.openqa.selenium.support.pagefactory.internal.LocatingElementHandler.invoke(LocatingElementHandler.java:38)
at jdk.proxy2/jdk.proxy2.$Proxy44.click(Unknown Source)
at com.LMS.Pages.AttendancePage.clickattendance(AttendancePage.java:62)
at com.LMS.stepDefinitions.AttendanceSteps.admin_is_in_manage_attendance_page(AttendanceSteps.java:204)
at ?.Admin is in Manage Attendance Page(file:///C:/Users/subul/eclipse-workspace/LMSPhase2Team2/src/test/resources/features/I_attendance2.feature:6)
]]>
    </error>
  </testcase> <!-- runScenario -->
  <testcase classname="com.LMS.testRunner.TestRunner" name="runScenario" time="0.262">
    <error message="invalid selector: An invalid or illegal selector was specified
  (Session info: MicrosoftEdge=116.0.1938.76)
For documentation on this error, please visit: https://www.selenium.dev/documentation/webdriver/troubleshooting/errors#invalid-selector-exception
Build info: version: &#039;4.10.0&#039;, revision: &#039;c14d967899&#039;
System info: os.name: &#039;Windows 11&#039;, os.arch: &#039;amd64&#039;, os.version: &#039;10.0&#039;, java.version: &#039;20.0.2&#039;
Driver info: org.openqa.selenium.edge.EdgeDriver
Command: [49d1b28bfcbbd22870cf5172a66c55de, findElement {using=id, value=}]
Capabilities {acceptInsecureCerts: false, browserName: msedge, browserVersion: 116.0.1938.76, fedcm:accounts: true, ms:edgeOptions: {debuggerAddress: localhost:52688}, msedge: {msedgedriverVersion: 116.0.1938.76 (3ea752a1990a..., userDataDir: C:\Users\subul\AppData\Loca...}, networkConnectionEnabled: false, pageLoadStrategy: normal, platformName: windows, proxy: Proxy(), se:cdp: ws://localhost:52688/devtoo..., se:cdpVersion: 116.0.1938.76, setWindowRect: true, strictFileInteractability: false, timeouts: {implicit: 0, pageLoad: 300000, script: 30000}, unhandledPromptBehavior: dismiss and notify, webauthn:extension:credBlob: true, webauthn:extension:largeBlob: true, webauthn:extension:minPinLength: true, webauthn:extension:prf: true, webauthn:virtualAuthenticators: true}
Session ID: 49d1b28bfcbbd22870cf5172a66c55de" type="org.openqa.selenium.InvalidSelectorException">
      <![CDATA[org.openqa.selenium.InvalidSelectorException: invalid selector: An invalid or illegal selector was specified
  (Session info: MicrosoftEdge=116.0.1938.76)
For documentation on this error, please visit: https://www.selenium.dev/documentation/webdriver/troubleshooting/errors#invalid-selector-exception
Build info: version: '4.10.0', revision: 'c14d967899'
System info: os.name: 'Windows 11', os.arch: 'amd64', os.version: '10.0', java.version: '20.0.2'
Driver info: org.openqa.selenium.edge.EdgeDriver
Command: [49d1b28bfcbbd22870cf5172a66c55de, findElement {using=id, value=}]
Capabilities {acceptInsecureCerts: false, browserName: msedge, browserVersion: 116.0.1938.76, fedcm:accounts: true, ms:edgeOptions: {debuggerAddress: localhost:52688}, msedge: {msedgedriverVersion: 116.0.1938.76 (3ea752a1990a..., userDataDir: C:\Users\subul\AppData\Loca...}, networkConnectionEnabled: false, pageLoadStrategy: normal, platformName: windows, proxy: Proxy(), se:cdp: ws://localhost:52688/devtoo..., se:cdpVersion: 116.0.1938.76, setWindowRect: true, strictFileInteractability: false, timeouts: {implicit: 0, pageLoad: 300000, script: 30000}, unhandledPromptBehavior: dismiss and notify, webauthn:extension:credBlob: true, webauthn:extension:largeBlob: true, webauthn:extension:minPinLength: true, webauthn:extension:prf: true, webauthn:virtualAuthenticators: true}
Session ID: 49d1b28bfcbbd22870cf5172a66c55de
at java.base/jdk.internal.reflect.DirectConstructorHandleAccessor.newInstance(DirectConstructorHandleAccessor.java:67)
at java.base/java.lang.reflect.Constructor.newInstanceWithCaller(Constructor.java:500)
at java.base/java.lang.reflect.Constructor.newInstance(Constructor.java:484)
at org.openqa.selenium.remote.codec.w3c.W3CHttpResponseCodec.createException(W3CHttpResponseCodec.java:199)
at org.openqa.selenium.remote.codec.w3c.W3CHttpResponseCodec.decode(W3CHttpResponseCodec.java:132)
at org.openqa.selenium.remote.codec.w3c.W3CHttpResponseCodec.decode(W3CHttpResponseCodec.java:51)
at org.openqa.selenium.remote.HttpCommandExecutor.execute(HttpCommandExecutor.java:191)
at org.openqa.selenium.remote.service.DriverCommandExecutor.invokeExecute(DriverCommandExecutor.java:196)
at org.openqa.selenium.remote.service.DriverCommandExecutor.execute(DriverCommandExecutor.java:171)
at org.openqa.selenium.remote.RemoteWebDriver.execute(RemoteWebDriver.java:531)
at org.openqa.selenium.remote.ElementLocation$ElementFinder$2.findElement(ElementLocation.java:165)
at org.openqa.selenium.remote.ElementLocation.findElement(ElementLocation.java:66)
at org.openqa.selenium.remote.RemoteWebDriver.findElement(RemoteWebDriver.java:350)
at org.openqa.selenium.remote.RemoteWebDriver.findElement(RemoteWebDriver.java:344)
at org.openqa.selenium.support.pagefactory.DefaultElementLocator.findElement(DefaultElementLocator.java:68)
at org.openqa.selenium.support.pagefactory.internal.LocatingElementHandler.invoke(LocatingElementHandler.java:38)
at jdk.proxy2/jdk.proxy2.$Proxy44.click(Unknown Source)
at com.LMS.Pages.AttendancePage.clickDelete(AttendancePage.java:239)
at com.LMS.stepDefinitions.AttendanceSteps.admin_is_in_delete_alert(AttendanceSteps.java:354)
at ?.Admin is in delete alert(file:///C:/Users/subul/eclipse-workspace/LMSPhase2Team2/src/test/resources/features/I_attendance3.feature:21)
]]>
    </error>
  </testcase> <!-- runScenario -->
  <testcase classname="com.LMS.testRunner.TestRunner" name="runScenario" time="0.176">
    <error message="invalid argument
  (Session info: MicrosoftEdge=116.0.1938.76)
Build info: version: &#039;4.10.0&#039;, revision: &#039;c14d967899&#039;
System info: os.name: &#039;Windows 11&#039;, os.arch: &#039;amd64&#039;, os.version: &#039;10.0&#039;, java.version: &#039;20.0.2&#039;
Driver info: org.openqa.selenium.edge.EdgeDriver
Command: [49d1b28bfcbbd22870cf5172a66c55de, get {url=LMSsite}]
Capabilities {acceptInsecureCerts: false, browserName: msedge, browserVersion: 116.0.1938.76, fedcm:accounts: true, ms:edgeOptions: {debuggerAddress: localhost:52688}, msedge: {msedgedriverVersion: 116.0.1938.76 (3ea752a1990a..., userDataDir: C:\Users\subul\AppData\Loca...}, networkConnectionEnabled: false, pageLoadStrategy: normal, platformName: windows, proxy: Proxy(), se:cdp: ws://localhost:52688/devtoo..., se:cdpVersion: 116.0.1938.76, setWindowRect: true, strictFileInteractability: false, timeouts: {implicit: 0, pageLoad: 300000, script: 30000}, unhandledPromptBehavior: dismiss and notify, webauthn:extension:credBlob: true, webauthn:extension:largeBlob: true, webauthn:extension:minPinLength: true, webauthn:extension:prf: true, webauthn:virtualAuthenticators: true}
Session ID: 49d1b28bfcbbd22870cf5172a66c55de" type="org.openqa.selenium.InvalidArgumentException">
      <![CDATA[org.openqa.selenium.InvalidArgumentException: invalid argument
  (Session info: MicrosoftEdge=116.0.1938.76)
Build info: version: '4.10.0', revision: 'c14d967899'
System info: os.name: 'Windows 11', os.arch: 'amd64', os.version: '10.0', java.version: '20.0.2'
Driver info: org.openqa.selenium.edge.EdgeDriver
Command: [49d1b28bfcbbd22870cf5172a66c55de, get {url=LMSsite}]
Capabilities {acceptInsecureCerts: false, browserName: msedge, browserVersion: 116.0.1938.76, fedcm:accounts: true, ms:edgeOptions: {debuggerAddress: localhost:52688}, msedge: {msedgedriverVersion: 116.0.1938.76 (3ea752a1990a..., userDataDir: C:\Users\subul\AppData\Loca...}, networkConnectionEnabled: false, pageLoadStrategy: normal, platformName: windows, proxy: Proxy(), se:cdp: ws://localhost:52688/devtoo..., se:cdpVersion: 116.0.1938.76, setWindowRect: true, strictFileInteractability: false, timeouts: {implicit: 0, pageLoad: 300000, script: 30000}, unhandledPromptBehavior: dismiss and notify, webauthn:extension:credBlob: true, webauthn:extension:largeBlob: true, webauthn:extension:minPinLength: true, webauthn:extension:prf: true, webauthn:virtualAuthenticators: true}
Session ID: 49d1b28bfcbbd22870cf5172a66c55de
at java.base/jdk.internal.reflect.DirectConstructorHandleAccessor.newInstance(DirectConstructorHandleAccessor.java:67)
at java.base/java.lang.reflect.Constructor.newInstanceWithCaller(Constructor.java:500)
at java.base/java.lang.reflect.Constructor.newInstance(Constructor.java:484)
at org.openqa.selenium.remote.codec.w3c.W3CHttpResponseCodec.createException(W3CHttpResponseCodec.java:199)
at org.openqa.selenium.remote.codec.w3c.W3CHttpResponseCodec.decode(W3CHttpResponseCodec.java:132)
at org.openqa.selenium.remote.codec.w3c.W3CHttpResponseCodec.decode(W3CHttpResponseCodec.java:51)
at org.openqa.selenium.remote.HttpCommandExecutor.execute(HttpCommandExecutor.java:191)
at org.openqa.selenium.remote.service.DriverCommandExecutor.invokeExecute(DriverCommandExecutor.java:196)
at org.openqa.selenium.remote.service.DriverCommandExecutor.execute(DriverCommandExecutor.java:171)
at org.openqa.selenium.remote.RemoteWebDriver.execute(RemoteWebDriver.java:531)
at org.openqa.selenium.remote.RemoteWebDriver.get(RemoteWebDriver.java:295)
at com.LMS.stepDefinitions.AttendanceSteps.admin_is_on_dashboard_page_after_login(AttendanceSteps.java:17)
at ?.Admin is on dashboard page after login(file:///C:/Users/subul/eclipse-workspace/LMSPhase2Team2/src/test/resources/features/I_attendance.feature:47)
]]>
    </error>
  </testcase> <!-- runScenario -->
  <testcase classname="com.LMS.testRunner.TestRunner" name="runScenario" time="0.253">
    <error message="invalid selector: An invalid or illegal selector was specified
  (Session info: MicrosoftEdge=116.0.1938.76)
For documentation on this error, please visit: https://www.selenium.dev/documentation/webdriver/troubleshooting/errors#invalid-selector-exception
Build info: version: &#039;4.10.0&#039;, revision: &#039;c14d967899&#039;
System info: os.name: &#039;Windows 11&#039;, os.arch: &#039;amd64&#039;, os.version: &#039;10.0&#039;, java.version: &#039;20.0.2&#039;
Driver info: org.openqa.selenium.edge.EdgeDriver
Command: [49d1b28bfcbbd22870cf5172a66c55de, findElement {using=id, value=}]
Capabilities {acceptInsecureCerts: false, browserName: msedge, browserVersion: 116.0.1938.76, fedcm:accounts: true, ms:edgeOptions: {debuggerAddress: localhost:52688}, msedge: {msedgedriverVersion: 116.0.1938.76 (3ea752a1990a..., userDataDir: C:\Users\subul\AppData\Loca...}, networkConnectionEnabled: false, pageLoadStrategy: normal, platformName: windows, proxy: Proxy(), se:cdp: ws://localhost:52688/devtoo..., se:cdpVersion: 116.0.1938.76, setWindowRect: true, strictFileInteractability: false, timeouts: {implicit: 0, pageLoad: 300000, script: 30000}, unhandledPromptBehavior: dismiss and notify, webauthn:extension:credBlob: true, webauthn:extension:largeBlob: true, webauthn:extension:minPinLength: true, webauthn:extension:prf: true, webauthn:virtualAuthenticators: true}
Session ID: 49d1b28bfcbbd22870cf5172a66c55de" type="org.openqa.selenium.InvalidSelectorException">
      <![CDATA[org.openqa.selenium.InvalidSelectorException: invalid selector: An invalid or illegal selector was specified
  (Session info: MicrosoftEdge=116.0.1938.76)
For documentation on this error, please visit: https://www.selenium.dev/documentation/webdriver/troubleshooting/errors#invalid-selector-exception
Build info: version: '4.10.0', revision: 'c14d967899'
System info: os.name: 'Windows 11', os.arch: 'amd64', os.version: '10.0', java.version: '20.0.2'
Driver info: org.openqa.selenium.edge.EdgeDriver
Command: [49d1b28bfcbbd22870cf5172a66c55de, findElement {using=id, value=}]
Capabilities {acceptInsecureCerts: false, browserName: msedge, browserVersion: 116.0.1938.76, fedcm:accounts: true, ms:edgeOptions: {debuggerAddress: localhost:52688}, msedge: {msedgedriverVersion: 116.0.1938.76 (3ea752a1990a..., userDataDir: C:\Users\subul\AppData\Loca...}, networkConnectionEnabled: false, pageLoadStrategy: normal, platformName: windows, proxy: Proxy(), se:cdp: ws://localhost:52688/devtoo..., se:cdpVersion: 116.0.1938.76, setWindowRect: true, strictFileInteractability: false, timeouts: {implicit: 0, pageLoad: 300000, script: 30000}, unhandledPromptBehavior: dismiss and notify, webauthn:extension:credBlob: true, webauthn:extension:largeBlob: true, webauthn:extension:minPinLength: true, webauthn:extension:prf: true, webauthn:virtualAuthenticators: true}
Session ID: 49d1b28bfcbbd22870cf5172a66c55de
at java.base/jdk.internal.reflect.DirectConstructorHandleAccessor.newInstance(DirectConstructorHandleAccessor.java:67)
at java.base/java.lang.reflect.Constructor.newInstanceWithCaller(Constructor.java:500)
at java.base/java.lang.reflect.Constructor.newInstance(Constructor.java:484)
at org.openqa.selenium.remote.codec.w3c.W3CHttpResponseCodec.createException(W3CHttpResponseCodec.java:199)
at org.openqa.selenium.remote.codec.w3c.W3CHttpResponseCodec.decode(W3CHttpResponseCodec.java:132)
at org.openqa.selenium.remote.codec.w3c.W3CHttpResponseCodec.decode(W3CHttpResponseCodec.java:51)
at org.openqa.selenium.remote.HttpCommandExecutor.execute(HttpCommandExecutor.java:191)
at org.openqa.selenium.remote.service.DriverCommandExecutor.invokeExecute(DriverCommandExecutor.java:196)
at org.openqa.selenium.remote.service.DriverCommandExecutor.execute(DriverCommandExecutor.java:171)
at org.openqa.selenium.remote.RemoteWebDriver.execute(RemoteWebDriver.java:531)
at org.openqa.selenium.remote.ElementLocation$ElementFinder$2.findElement(ElementLocation.java:165)
at org.openqa.selenium.remote.ElementLocation.findElement(ElementLocation.java:66)
at org.openqa.selenium.remote.RemoteWebDriver.findElement(RemoteWebDriver.java:350)
at org.openqa.selenium.remote.RemoteWebDriver.findElement(RemoteWebDriver.java:344)
at org.openqa.selenium.support.pagefactory.DefaultElementLocator.findElement(DefaultElementLocator.java:68)
at org.openqa.selenium.support.pagefactory.internal.LocatingElementHandler.invoke(LocatingElementHandler.java:38)
at jdk.proxy2/jdk.proxy2.$Proxy44.click(Unknown Source)
at com.LMS.Pages.AttendancePage.clickDelete(AttendancePage.java:239)
at com.LMS.stepDefinitions.AttendanceSteps.admin_is_in_delete_alert(AttendanceSteps.java:354)
at ?.Admin is in delete alert(file:///C:/Users/subul/eclipse-workspace/LMSPhase2Team2/src/test/resources/features/I_attendance3.feature:41)
]]>
    </error>
  </testcase> <!-- runScenario -->
  <testcase classname="com.LMS.testRunner.TestRunner" name="runScenario" time="0.215">
    <error message="invalid argument
  (Session info: MicrosoftEdge=116.0.1938.76)
Build info: version: &#039;4.10.0&#039;, revision: &#039;c14d967899&#039;
System info: os.name: &#039;Windows 11&#039;, os.arch: &#039;amd64&#039;, os.version: &#039;10.0&#039;, java.version: &#039;20.0.2&#039;
Driver info: org.openqa.selenium.edge.EdgeDriver
Command: [49d1b28bfcbbd22870cf5172a66c55de, get {url=LMSsite}]
Capabilities {acceptInsecureCerts: false, browserName: msedge, browserVersion: 116.0.1938.76, fedcm:accounts: true, ms:edgeOptions: {debuggerAddress: localhost:52688}, msedge: {msedgedriverVersion: 116.0.1938.76 (3ea752a1990a..., userDataDir: C:\Users\subul\AppData\Loca...}, networkConnectionEnabled: false, pageLoadStrategy: normal, platformName: windows, proxy: Proxy(), se:cdp: ws://localhost:52688/devtoo..., se:cdpVersion: 116.0.1938.76, setWindowRect: true, strictFileInteractability: false, timeouts: {implicit: 0, pageLoad: 300000, script: 30000}, unhandledPromptBehavior: dismiss and notify, webauthn:extension:credBlob: true, webauthn:extension:largeBlob: true, webauthn:extension:minPinLength: true, webauthn:extension:prf: true, webauthn:virtualAuthenticators: true}
Session ID: 49d1b28bfcbbd22870cf5172a66c55de" type="org.openqa.selenium.InvalidArgumentException">
      <![CDATA[org.openqa.selenium.InvalidArgumentException: invalid argument
  (Session info: MicrosoftEdge=116.0.1938.76)
Build info: version: '4.10.0', revision: 'c14d967899'
System info: os.name: 'Windows 11', os.arch: 'amd64', os.version: '10.0', java.version: '20.0.2'
Driver info: org.openqa.selenium.edge.EdgeDriver
Command: [49d1b28bfcbbd22870cf5172a66c55de, get {url=LMSsite}]
Capabilities {acceptInsecureCerts: false, browserName: msedge, browserVersion: 116.0.1938.76, fedcm:accounts: true, ms:edgeOptions: {debuggerAddress: localhost:52688}, msedge: {msedgedriverVersion: 116.0.1938.76 (3ea752a1990a..., userDataDir: C:\Users\subul\AppData\Loca...}, networkConnectionEnabled: false, pageLoadStrategy: normal, platformName: windows, proxy: Proxy(), se:cdp: ws://localhost:52688/devtoo..., se:cdpVersion: 116.0.1938.76, setWindowRect: true, strictFileInteractability: false, timeouts: {implicit: 0, pageLoad: 300000, script: 30000}, unhandledPromptBehavior: dismiss and notify, webauthn:extension:credBlob: true, webauthn:extension:largeBlob: true, webauthn:extension:minPinLength: true, webauthn:extension:prf: true, webauthn:virtualAuthenticators: true}
Session ID: 49d1b28bfcbbd22870cf5172a66c55de
at java.base/jdk.internal.reflect.DirectConstructorHandleAccessor.newInstance(DirectConstructorHandleAccessor.java:67)
at java.base/java.lang.reflect.Constructor.newInstanceWithCaller(Constructor.java:500)
at java.base/java.lang.reflect.Constructor.newInstance(Constructor.java:484)
at org.openqa.selenium.remote.codec.w3c.W3CHttpResponseCodec.createException(W3CHttpResponseCodec.java:199)
at org.openqa.selenium.remote.codec.w3c.W3CHttpResponseCodec.decode(W3CHttpResponseCodec.java:132)
at org.openqa.selenium.remote.codec.w3c.W3CHttpResponseCodec.decode(W3CHttpResponseCodec.java:51)
at org.openqa.selenium.remote.HttpCommandExecutor.execute(HttpCommandExecutor.java:191)
at org.openqa.selenium.remote.service.DriverCommandExecutor.invokeExecute(DriverCommandExecutor.java:196)
at org.openqa.selenium.remote.service.DriverCommandExecutor.execute(DriverCommandExecutor.java:171)
at org.openqa.selenium.remote.RemoteWebDriver.execute(RemoteWebDriver.java:531)
at org.openqa.selenium.remote.RemoteWebDriver.get(RemoteWebDriver.java:295)
at com.LMS.stepDefinitions.AttendanceSteps.admin_is_on_dashboard_page_after_login(AttendanceSteps.java:17)
at ?.Admin is on dashboard page after login(file:///C:/Users/subul/eclipse-workspace/LMSPhase2Team2/src/test/resources/features/I_attendance.feature:47)
]]>
    </error>
  </testcase> <!-- runScenario -->
  <testcase classname="com.LMS.testRunner.TestRunner" name="runScenario" time="0.343">
    <error message="invalid selector: An invalid or illegal selector was specified
  (Session info: MicrosoftEdge=116.0.1938.76)
For documentation on this error, please visit: https://www.selenium.dev/documentation/webdriver/troubleshooting/errors#invalid-selector-exception
Build info: version: &#039;4.10.0&#039;, revision: &#039;c14d967899&#039;
System info: os.name: &#039;Windows 11&#039;, os.arch: &#039;amd64&#039;, os.version: &#039;10.0&#039;, java.version: &#039;20.0.2&#039;
Driver info: org.openqa.selenium.edge.EdgeDriver
Command: [49d1b28bfcbbd22870cf5172a66c55de, findElement {using=id, value=}]
Capabilities {acceptInsecureCerts: false, browserName: msedge, browserVersion: 116.0.1938.76, fedcm:accounts: true, ms:edgeOptions: {debuggerAddress: localhost:52688}, msedge: {msedgedriverVersion: 116.0.1938.76 (3ea752a1990a..., userDataDir: C:\Users\subul\AppData\Loca...}, networkConnectionEnabled: false, pageLoadStrategy: normal, platformName: windows, proxy: Proxy(), se:cdp: ws://localhost:52688/devtoo..., se:cdpVersion: 116.0.1938.76, setWindowRect: true, strictFileInteractability: false, timeouts: {implicit: 0, pageLoad: 300000, script: 30000}, unhandledPromptBehavior: dismiss and notify, webauthn:extension:credBlob: true, webauthn:extension:largeBlob: true, webauthn:extension:minPinLength: true, webauthn:extension:prf: true, webauthn:virtualAuthenticators: true}
Session ID: 49d1b28bfcbbd22870cf5172a66c55de" type="org.openqa.selenium.InvalidSelectorException">
      <![CDATA[org.openqa.selenium.InvalidSelectorException: invalid selector: An invalid or illegal selector was specified
  (Session info: MicrosoftEdge=116.0.1938.76)
For documentation on this error, please visit: https://www.selenium.dev/documentation/webdriver/troubleshooting/errors#invalid-selector-exception
Build info: version: '4.10.0', revision: 'c14d967899'
System info: os.name: 'Windows 11', os.arch: 'amd64', os.version: '10.0', java.version: '20.0.2'
Driver info: org.openqa.selenium.edge.EdgeDriver
Command: [49d1b28bfcbbd22870cf5172a66c55de, findElement {using=id, value=}]
Capabilities {acceptInsecureCerts: false, browserName: msedge, browserVersion: 116.0.1938.76, fedcm:accounts: true, ms:edgeOptions: {debuggerAddress: localhost:52688}, msedge: {msedgedriverVersion: 116.0.1938.76 (3ea752a1990a..., userDataDir: C:\Users\subul\AppData\Loca...}, networkConnectionEnabled: false, pageLoadStrategy: normal, platformName: windows, proxy: Proxy(), se:cdp: ws://localhost:52688/devtoo..., se:cdpVersion: 116.0.1938.76, setWindowRect: true, strictFileInteractability: false, timeouts: {implicit: 0, pageLoad: 300000, script: 30000}, unhandledPromptBehavior: dismiss and notify, webauthn:extension:credBlob: true, webauthn:extension:largeBlob: true, webauthn:extension:minPinLength: true, webauthn:extension:prf: true, webauthn:virtualAuthenticators: true}
Session ID: 49d1b28bfcbbd22870cf5172a66c55de
at java.base/jdk.internal.reflect.DirectConstructorHandleAccessor.newInstance(DirectConstructorHandleAccessor.java:67)
at java.base/java.lang.reflect.Constructor.newInstanceWithCaller(Constructor.java:500)
at java.base/java.lang.reflect.Constructor.newInstance(Constructor.java:484)
at org.openqa.selenium.remote.codec.w3c.W3CHttpResponseCodec.createException(W3CHttpResponseCodec.java:199)
at org.openqa.selenium.remote.codec.w3c.W3CHttpResponseCodec.decode(W3CHttpResponseCodec.java:132)
at org.openqa.selenium.remote.codec.w3c.W3CHttpResponseCodec.decode(W3CHttpResponseCodec.java:51)
at org.openqa.selenium.remote.HttpCommandExecutor.execute(HttpCommandExecutor.java:191)
at org.openqa.selenium.remote.service.DriverCommandExecutor.invokeExecute(DriverCommandExecutor.java:196)
at org.openqa.selenium.remote.service.DriverCommandExecutor.execute(DriverCommandExecutor.java:171)
at org.openqa.selenium.remote.RemoteWebDriver.execute(RemoteWebDriver.java:531)
at org.openqa.selenium.remote.ElementLocation$ElementFinder$2.findElement(ElementLocation.java:165)
at org.openqa.selenium.remote.ElementLocation.findElement(ElementLocation.java:66)
at org.openqa.selenium.remote.RemoteWebDriver.findElement(RemoteWebDriver.java:350)
at org.openqa.selenium.remote.RemoteWebDriver.findElement(RemoteWebDriver.java:344)
at org.openqa.selenium.support.pagefactory.DefaultElementLocator.findElement(DefaultElementLocator.java:68)
at org.openqa.selenium.support.pagefactory.internal.LocatingElementHandler.invoke(LocatingElementHandler.java:38)
at jdk.proxy2/jdk.proxy2.$Proxy44.click(Unknown Source)
at com.LMS.Pages.AttendancePage.clickattendance(AttendancePage.java:62)
at com.LMS.stepDefinitions.AttendanceSteps.admin_is_in_manage_attendance_page(AttendanceSteps.java:204)
at ?.Admin is in Manage Attendance Page(file:///C:/Users/subul/eclipse-workspace/LMSPhase2Team2/src/test/resources/features/I_attendance2.feature:6)
]]>
    </error>
  </testcase> <!-- runScenario -->
  <testcase classname="com.LMS.testRunner.TestRunner" name="runScenario" time="1.269">
    <error message="invalid argument
  (Session info: MicrosoftEdge=116.0.1938.76)
Build info: version: &#039;4.10.0&#039;, revision: &#039;c14d967899&#039;
System info: os.name: &#039;Windows 11&#039;, os.arch: &#039;amd64&#039;, os.version: &#039;10.0&#039;, java.version: &#039;20.0.2&#039;
Driver info: org.openqa.selenium.edge.EdgeDriver
Command: [49d1b28bfcbbd22870cf5172a66c55de, get {url=LMSsite}]
Capabilities {acceptInsecureCerts: false, browserName: msedge, browserVersion: 116.0.1938.76, fedcm:accounts: true, ms:edgeOptions: {debuggerAddress: localhost:52688}, msedge: {msedgedriverVersion: 116.0.1938.76 (3ea752a1990a..., userDataDir: C:\Users\subul\AppData\Loca...}, networkConnectionEnabled: false, pageLoadStrategy: normal, platformName: windows, proxy: Proxy(), se:cdp: ws://localhost:52688/devtoo..., se:cdpVersion: 116.0.1938.76, setWindowRect: true, strictFileInteractability: false, timeouts: {implicit: 0, pageLoad: 300000, script: 30000}, unhandledPromptBehavior: dismiss and notify, webauthn:extension:credBlob: true, webauthn:extension:largeBlob: true, webauthn:extension:minPinLength: true, webauthn:extension:prf: true, webauthn:virtualAuthenticators: true}
Session ID: 49d1b28bfcbbd22870cf5172a66c55de" type="org.openqa.selenium.InvalidArgumentException">
      <![CDATA[org.openqa.selenium.InvalidArgumentException: invalid argument
  (Session info: MicrosoftEdge=116.0.1938.76)
Build info: version: '4.10.0', revision: 'c14d967899'
System info: os.name: 'Windows 11', os.arch: 'amd64', os.version: '10.0', java.version: '20.0.2'
Driver info: org.openqa.selenium.edge.EdgeDriver
Command: [49d1b28bfcbbd22870cf5172a66c55de, get {url=LMSsite}]
Capabilities {acceptInsecureCerts: false, browserName: msedge, browserVersion: 116.0.1938.76, fedcm:accounts: true, ms:edgeOptions: {debuggerAddress: localhost:52688}, msedge: {msedgedriverVersion: 116.0.1938.76 (3ea752a1990a..., userDataDir: C:\Users\subul\AppData\Loca...}, networkConnectionEnabled: false, pageLoadStrategy: normal, platformName: windows, proxy: Proxy(), se:cdp: ws://localhost:52688/devtoo..., se:cdpVersion: 116.0.1938.76, setWindowRect: true, strictFileInteractability: false, timeouts: {implicit: 0, pageLoad: 300000, script: 30000}, unhandledPromptBehavior: dismiss and notify, webauthn:extension:credBlob: true, webauthn:extension:largeBlob: true, webauthn:extension:minPinLength: true, webauthn:extension:prf: true, webauthn:virtualAuthenticators: true}
Session ID: 49d1b28bfcbbd22870cf5172a66c55de
at java.base/jdk.internal.reflect.DirectConstructorHandleAccessor.newInstance(DirectConstructorHandleAccessor.java:67)
at java.base/java.lang.reflect.Constructor.newInstanceWithCaller(Constructor.java:500)
at java.base/java.lang.reflect.Constructor.newInstance(Constructor.java:484)
at org.openqa.selenium.remote.codec.w3c.W3CHttpResponseCodec.createException(W3CHttpResponseCodec.java:199)
at org.openqa.selenium.remote.codec.w3c.W3CHttpResponseCodec.decode(W3CHttpResponseCodec.java:132)
at org.openqa.selenium.remote.codec.w3c.W3CHttpResponseCodec.decode(W3CHttpResponseCodec.java:51)
at org.openqa.selenium.remote.HttpCommandExecutor.execute(HttpCommandExecutor.java:191)
at org.openqa.selenium.remote.service.DriverCommandExecutor.invokeExecute(DriverCommandExecutor.java:196)
at org.openqa.selenium.remote.service.DriverCommandExecutor.execute(DriverCommandExecutor.java:171)
at org.openqa.selenium.remote.RemoteWebDriver.execute(RemoteWebDriver.java:531)
at org.openqa.selenium.remote.RemoteWebDriver.get(RemoteWebDriver.java:295)
at com.LMS.stepDefinitions.AttendanceSteps.admin_is_on_dashboard_page_after_login(AttendanceSteps.java:17)
at ?.Admin is on dashboard page after login(file:///C:/Users/subul/eclipse-workspace/LMSPhase2Team2/src/test/resources/features/I_attendance.feature:5)
]]>
    </error>
  </testcase> <!-- runScenario -->
  <testcase classname="com.LMS.testRunner.TestRunner" name="runScenario" time="0.228">
    <error message="invalid argument
  (Session info: MicrosoftEdge=116.0.1938.76)
Build info: version: &#039;4.10.0&#039;, revision: &#039;c14d967899&#039;
System info: os.name: &#039;Windows 11&#039;, os.arch: &#039;amd64&#039;, os.version: &#039;10.0&#039;, java.version: &#039;20.0.2&#039;
Driver info: org.openqa.selenium.edge.EdgeDriver
Command: [49d1b28bfcbbd22870cf5172a66c55de, get {url=LMSsite}]
Capabilities {acceptInsecureCerts: false, browserName: msedge, browserVersion: 116.0.1938.76, fedcm:accounts: true, ms:edgeOptions: {debuggerAddress: localhost:52688}, msedge: {msedgedriverVersion: 116.0.1938.76 (3ea752a1990a..., userDataDir: C:\Users\subul\AppData\Loca...}, networkConnectionEnabled: false, pageLoadStrategy: normal, platformName: windows, proxy: Proxy(), se:cdp: ws://localhost:52688/devtoo..., se:cdpVersion: 116.0.1938.76, setWindowRect: true, strictFileInteractability: false, timeouts: {implicit: 0, pageLoad: 300000, script: 30000}, unhandledPromptBehavior: dismiss and notify, webauthn:extension:credBlob: true, webauthn:extension:largeBlob: true, webauthn:extension:minPinLength: true, webauthn:extension:prf: true, webauthn:virtualAuthenticators: true}
Session ID: 49d1b28bfcbbd22870cf5172a66c55de" type="org.openqa.selenium.InvalidArgumentException">
      <![CDATA[org.openqa.selenium.InvalidArgumentException: invalid argument
  (Session info: MicrosoftEdge=116.0.1938.76)
Build info: version: '4.10.0', revision: 'c14d967899'
System info: os.name: 'Windows 11', os.arch: 'amd64', os.version: '10.0', java.version: '20.0.2'
Driver info: org.openqa.selenium.edge.EdgeDriver
Command: [49d1b28bfcbbd22870cf5172a66c55de, get {url=LMSsite}]
Capabilities {acceptInsecureCerts: false, browserName: msedge, browserVersion: 116.0.1938.76, fedcm:accounts: true, ms:edgeOptions: {debuggerAddress: localhost:52688}, msedge: {msedgedriverVersion: 116.0.1938.76 (3ea752a1990a..., userDataDir: C:\Users\subul\AppData\Loca...}, networkConnectionEnabled: false, pageLoadStrategy: normal, platformName: windows, proxy: Proxy(), se:cdp: ws://localhost:52688/devtoo..., se:cdpVersion: 116.0.1938.76, setWindowRect: true, strictFileInteractability: false, timeouts: {implicit: 0, pageLoad: 300000, script: 30000}, unhandledPromptBehavior: dismiss and notify, webauthn:extension:credBlob: true, webauthn:extension:largeBlob: true, webauthn:extension:minPinLength: true, webauthn:extension:prf: true, webauthn:virtualAuthenticators: true}
Session ID: 49d1b28bfcbbd22870cf5172a66c55de
at java.base/jdk.internal.reflect.DirectConstructorHandleAccessor.newInstance(DirectConstructorHandleAccessor.java:67)
at java.base/java.lang.reflect.Constructor.newInstanceWithCaller(Constructor.java:500)
at java.base/java.lang.reflect.Constructor.newInstance(Constructor.java:484)
at org.openqa.selenium.remote.codec.w3c.W3CHttpResponseCodec.createException(W3CHttpResponseCodec.java:199)
at org.openqa.selenium.remote.codec.w3c.W3CHttpResponseCodec.decode(W3CHttpResponseCodec.java:132)
at org.openqa.selenium.remote.codec.w3c.W3CHttpResponseCodec.decode(W3CHttpResponseCodec.java:51)
at org.openqa.selenium.remote.HttpCommandExecutor.execute(HttpCommandExecutor.java:191)
at org.openqa.selenium.remote.service.DriverCommandExecutor.invokeExecute(DriverCommandExecutor.java:196)
at org.openqa.selenium.remote.service.DriverCommandExecutor.execute(DriverCommandExecutor.java:171)
at org.openqa.selenium.remote.RemoteWebDriver.execute(RemoteWebDriver.java:531)
at org.openqa.selenium.remote.RemoteWebDriver.get(RemoteWebDriver.java:295)
at com.LMS.stepDefinitions.AttendanceSteps.admin_is_on_dashboard_page_after_login(AttendanceSteps.java:17)
at ?.Admin is on dashboard page after login(file:///C:/Users/subul/eclipse-workspace/LMSPhase2Team2/src/test/resources/features/I_attendance.feature:26)
]]>
    </error>
  </testcase> <!-- runScenario -->
  <testcase classname="com.LMS.testRunner.TestRunner" name="runScenario" time="0.203">
    <error message="invalid selector: An invalid or illegal selector was specified
  (Session info: MicrosoftEdge=116.0.1938.76)
For documentation on this error, please visit: https://www.selenium.dev/documentation/webdriver/troubleshooting/errors#invalid-selector-exception
Build info: version: &#039;4.10.0&#039;, revision: &#039;c14d967899&#039;
System info: os.name: &#039;Windows 11&#039;, os.arch: &#039;amd64&#039;, os.version: &#039;10.0&#039;, java.version: &#039;20.0.2&#039;
Driver info: org.openqa.selenium.edge.EdgeDriver
Command: [49d1b28bfcbbd22870cf5172a66c55de, findElement {using=id, value=}]
Capabilities {acceptInsecureCerts: false, browserName: msedge, browserVersion: 116.0.1938.76, fedcm:accounts: true, ms:edgeOptions: {debuggerAddress: localhost:52688}, msedge: {msedgedriverVersion: 116.0.1938.76 (3ea752a1990a..., userDataDir: C:\Users\subul\AppData\Loca...}, networkConnectionEnabled: false, pageLoadStrategy: normal, platformName: windows, proxy: Proxy(), se:cdp: ws://localhost:52688/devtoo..., se:cdpVersion: 116.0.1938.76, setWindowRect: true, strictFileInteractability: false, timeouts: {implicit: 0, pageLoad: 300000, script: 30000}, unhandledPromptBehavior: dismiss and notify, webauthn:extension:credBlob: true, webauthn:extension:largeBlob: true, webauthn:extension:minPinLength: true, webauthn:extension:prf: true, webauthn:virtualAuthenticators: true}
Session ID: 49d1b28bfcbbd22870cf5172a66c55de" type="org.openqa.selenium.InvalidSelectorException">
      <![CDATA[org.openqa.selenium.InvalidSelectorException: invalid selector: An invalid or illegal selector was specified
[...]
Session ID: 49d1b28bfcbbd22870cf5172a66c55de
at java.base/jdk.internal.reflect.DirectConstructorHandleAccessor.newInstance(DirectConstructorHandleAccessor.java:67)
at java.base/java.lang.reflect.Constructor.newInstanceWithCaller(Constructor.java:500)
at java.base/java.lang.reflect.Constructor.newInstance(Constructor.java:484)
at org.openqa.selenium.remote.codec.w3c.W3CHttpResponseCodec.createException(W3CHttpResponseCodec.java:199)
at org.openqa.selenium.remote.codec.w3c.W3CHttpResponseCodec.decode(W3CHttpResponseCodec.java:132)
at org.openqa.selenium.remote.codec.w3c.W3CHttpResponseCodec.decode(W3CHttpResponseCodec.java:51)
at org.openqa.selenium.remote.HttpCommandExecutor.execute(HttpCommandExecutor.java:191)
at org.openqa.selenium.remote.service.DriverCommandExecutor.invokeExecute(DriverCommandExecutor.java:196)
at org.openqa.selenium.remote.service.DriverCommandExecutor.execute(DriverCommandExecutor.java:171)
at org.openqa.selenium.remote.RemoteWebDriver.execute(RemoteWebDriver.java:531)
at org.openqa.selenium.remote.ElementLocation$ElementFinder$2.findElement(ElementLocation.java:165)
at org.openqa.selenium.remote.ElementLocation.findElement(ElementLocation.java:66)
at org.openqa.selenium.remote.RemoteWebDriver.findElement(RemoteWebDriver.java:350)
at org.openqa.selenium.remote.RemoteWebDriver.findElement(RemoteWebDriver.java:344)
at org.openqa.selenium.support.pagefactory.DefaultElementLocator.findElement(DefaultElementLocator.java:68)
at org.openqa.selenium.support.pagefactory.internal.LocatingElementHandler.invoke(LocatingElementHandler.java:38)
at jdk.proxy2/jdk.proxy2.$Proxy44.click(Unknown Source)
at com.LMS.Pages.AttendancePage.clickanewattendance(AttendancePage.java:93)
at com.LMS.stepDefinitions.AttendanceSteps.admin_ciicks_on_the_manage_attendance_details_page(AttendanceSteps.java:51)
at ?.Admin ciicks "Select Students" on the Manage Attendance Details Page(file:///C:/Users/subul/eclipse-workspace/LMSPhase2Team2/src/test/resources/features/I_attendance.feature:85)
]]>
    </error>
  </testcase> <!-- runScenario -->
  <testcase classname="com.LMS.testRunner.TestRunner" name="runScenario" time="0.946">
    <error message="invalid argument
  (Session info: MicrosoftEdge=116.0.1938.76)
Build info: version: &#039;4.10.0&#039;, revision: &#039;c14d967899&#039;
System info: os.name: &#039;Windows 11&#039;, os.arch: &#039;amd64&#039;, os.version: &#039;10.0&#039;, java.version: &#039;20.0.2&#039;
Driver info: org.openqa.selenium.edge.EdgeDriver
Command: [49d1b28bfcbbd22870cf5172a66c55de, get {url=LMSsite}]
Capabilities {acceptInsecureCerts: false, browserName: msedge, browserVersion: 116.0.1938.76, fedcm:accounts: true, ms:edgeOptions: {debuggerAddress: localhost:52688}, msedge: {msedgedriverVersion: 116.0.1938.76 (3ea752a1990a..., userDataDir: C:\Users\subul\AppData\Loca...}, networkConnectionEnabled: false, pageLoadStrategy: normal, platformName: windows, proxy: Proxy(), se:cdp: ws://localhost:52688/devtoo..., se:cdpVersion: 116.0.1938.76, setWindowRect: true, strictFileInteractability: false, timeouts: {implicit: 0, pageLoad: 300000, script: 30000}, unhandledPromptBehavior: dismiss and notify, webauthn:extension:credBlob: true, webauthn:extension:largeBlob: true, webauthn:extension:minPinLength: true, webauthn:extension:prf: true, webauthn:virtualAuthenticators: true}
Session ID: 49d1b28bfcbbd22870cf5172a66c55de" type="org.openqa.selenium.InvalidArgumentException">
      <![CDATA[org.openqa.selenium.InvalidArgumentException: invalid argument
  (Session info: MicrosoftEdge=116.0.1938.76)
Build info: version: '4.10.0', revision: 'c14d967899'
System info: os.name: 'Windows 11', os.arch: 'amd64', os.version: '10.0', java.version: '20.0.2'
Driver info: org.openqa.selenium.edge.EdgeDriver
Command: [49d1b28bfcbbd22870cf5172a66c55de, get {url=LMSsite}]
Capabilities {acceptInsecureCerts: false, browserName: msedge, browserVersion: 116.0.1938.76, fedcm:accounts: true, ms:edgeOptions: {debuggerAddress: localhost:52688}, msedge: {msedgedriverVersion: 116.0.1938.76 (3ea752a1990a..., userDataDir: C:\Users\subul\AppData\Loca...}, networkConnectionEnabled: false, pageLoadStrategy: normal, platformName: windows, proxy: Proxy(), se:cdp: ws://localhost:52688/devtoo..., se:cdpVersion: 116.0.1938.76, setWindowRect: true, strictFileInteractability: false, timeouts: {implicit: 0, pageLoad: 300000, script: 30000}, unhandledPromptBehavior: dismiss and notify, webauthn:extension:credBlob: true, webauthn:extension:largeBlob: true, webauthn:extension:minPinLength: true, webauthn:extension:prf: true, webauthn:virtualAuthenticators: true}
Session ID: 49d1b28bfcbbd22870cf5172a66c55de
at java.base/jdk.internal.reflect.DirectConstructorHandleAccessor.newInstance(DirectConstructorHandleAccessor.java:67)
at java.base/java.lang.reflect.Constructor.newInstanceWithCaller(Constructor.java:500)
at java.base/java.lang.reflect.Constructor.newInstance(Constructor.java:484)
at org.openqa.selenium.remote.codec.w3c.W3CHttpResponseCodec.createException(W3CHttpResponseCodec.java:199)
at org.openqa.selenium.remote.codec.w3c.W3CHttpResponseCodec.decode(W3CHttpResponseCodec.java:132)
at org.openqa.selenium.remote.codec.w3c.W3CHttpResponseCodec.decode(W3CHttpResponseCodec.java:51)
at org.openqa.selenium.remote.HttpCommandExecutor.execute(HttpCommandExecutor.java:191)
at org.openqa.selenium.remote.service.DriverCommandExecutor.invokeExecute(DriverCommandExecutor.java:196)
at org.openqa.selenium.remote.service.DriverCommandExecutor.execute(DriverCommandExecutor.java:171)
at org.openqa.selenium.remote.RemoteWebDriver.execute(RemoteWebDriver.java:531)
at org.openqa.selenium.remote.RemoteWebDriver.get(RemoteWebDriver.java:295)
at com.LMS.stepDefinitions.AttendanceSteps.admin_is_on_dashboard_page_after_login(AttendanceSteps.java:17)
at ?.Admin is on dashboard page after login(file:///C:/Users/subul/eclipse-workspace/LMSPhase2Team2/src/test/resources/features/I_attendance.feature:5)
]]>
    </error>
  </testcase> <!-- runScenario -->
  <testcase classname="com.LMS.testRunner.TestRunner" name="runScenario" time="0.286">
    <error message="invalid selector: An invalid or illegal selector was specified
  (Session info: MicrosoftEdge=116.0.1938.76)
For documentation on this error, please visit: https://www.selenium.dev/documentation/webdriver/troubleshooting/errors#invalid-selector-exception
Build info: version: &#039;4.10.0&#039;, revision: &#039;c14d967899&#039;
System info: os.name: &#039;Windows 11&#039;, os.arch: &#039;amd64&#039;, os.version: &#039;10.0&#039;, java.version: &#039;20.0.2&#039;
Driver info: org.openqa.selenium.edge.EdgeDriver
Command: [49d1b28bfcbbd22870cf5172a66c55de, findElement {using=id, value=}]
Capabilities {acceptInsecureCerts: false, browserName: msedge, browserVersion: 116.0.1938.76, fedcm:accounts: true, ms:edgeOptions: {debuggerAddress: localhost:52688}, msedge: {msedgedriverVersion: 116.0.1938.76 (3ea752a1990a..., userDataDir: C:\Users\subul\AppData\Loca...}, networkConnectionEnabled: false, pageLoadStrategy: normal, platformName: windows, proxy: Proxy(), se:cdp: ws://localhost:52688/devtoo..., se:cdpVersion: 116.0.1938.76, setWindowRect: true, strictFileInteractability: false, timeouts: {implicit: 0, pageLoad: 300000, script: 30000}, unhandledPromptBehavior: dismiss and notify, webauthn:extension:credBlob: true, webauthn:extension:largeBlob: true, webauthn:extension:minPinLength: true, webauthn:extension:prf: true, webauthn:virtualAuthenticators: true}
Session ID: 49d1b28bfcbbd22870cf5172a66c55de" type="org.openqa.selenium.InvalidSelectorException">
      <![CDATA[org.openqa.selenium.InvalidSelectorException: invalid selector: An invalid or illegal selector was specified
  (Session info: MicrosoftEdge=116.0.1938.76)
For documentation on this error, please visit: https://www.selenium.dev/documentation/webdriver/troubleshooting/errors#invalid-selector-exception
Build info: version: '4.10.0', revision: 'c14d967899'
System info: os.name: 'Windows 11', os.arch: 'amd64', os.version: '10.0', java.version: '20.0.2'
Driver info: org.openqa.selenium.edge.EdgeDriver
Command: [49d1b28bfcbbd22870cf5172a66c55de, findElement {using=id, value=}]
Capabilities {acceptInsecureCerts: false, browserName: msedge, browserVersion: 116.0.1938.76, fedcm:accounts: true, ms:edgeOptions: {debuggerAddress: localhost:52688}, msedge: {msedgedriverVersion: 116.0.1938.76 (3ea752a1990a..., userDataDir: C:\Users\subul\AppData\Loca...}, networkConnectionEnabled: false, pageLoadStrategy: normal, platformName: windows, proxy: Proxy(), se:cdp: ws://localhost:52688/devtoo..., se:cdpVersion: 116.0.1938.76, setWindowRect: true, strictFileInteractability: false, timeouts: {implicit: 0, pageLoad: 300000, script: 30000}, unhandledPromptBehavior: dismiss and notify, webauthn:extension:credBlob: true, webauthn:extension:largeBlob: true, webauthn:extension:minPinLength: true, webauthn:extension:prf: true, webauthn:virtualAuthenticators: true}
Session ID: 49d1b28bfcbbd22870cf5172a66c55de
at java.base/jdk.internal.reflect.DirectConstructorHandleAccessor.newInstance(DirectConstructorHandleAccessor.java:67)
at java.base/java.lang.reflect.Constructor.newInstanceWithCaller(Constructor.java:500)
at java.base/java.lang.reflect.Constructor.newInstance(Constructor.java:484)
at org.openqa.selenium.remote.codec.w3c.W3CHttpResponseCodec.createException(W3CHttpResponseCodec.java:199)
at org.openqa.selenium.remote.codec.w3c.W3CHttpResponseCodec.decode(W3CHttpResponseCodec.java:132)
at org.openqa.selenium.remote.codec.w3c.W3CHttpResponseCodec.decode(W3CHttpResponseCodec.java:51)
at org.openqa.selenium.remote.HttpCommandExecutor.execute(HttpCommandExecutor.java:191)
at org.openqa.selenium.remote.service.DriverCommandExecutor.invokeExecute(DriverCommandExecutor.java:196)
at org.openqa.selenium.remote.service.DriverCommandExecutor.execute(DriverCommandExecutor.java:171)
at org.openqa.selenium.remote.RemoteWebDriver.execute(RemoteWebDriver.java:531)
at org.openqa.selenium.remote.ElementLocation$ElementFinder$2.findElement(ElementLocation.java:165)
at org.openqa.selenium.remote.ElementLocation.findElement(ElementLocation.java:66)
at org.openqa.selenium.remote.RemoteWebDriver.findElement(RemoteWebDriver.java:350)
at org.openqa.selenium.remote.RemoteWebDriver.findElement(RemoteWebDriver.java:344)
at org.openqa.selenium.support.pagefactory.DefaultElementLocator.findElement(DefaultElementLocator.java:68)
at org.openqa.selenium.support.pagefactory.internal.LocatingElementHandler.invoke(LocatingElementHandler.java:38)
at jdk.proxy2/jdk.proxy2.$Proxy44.click(Unknown Source)
at com.LMS.Pages.AttendancePage.clickattendance(AttendancePage.java:62)
at com.LMS.stepDefinitions.AttendanceSteps.admin_is_in_manage_attendance_page(AttendanceSteps.java:204)
at ?.Admin is in Manage Attendance Page(file:///C:/Users/subul/eclipse-workspace/LMSPhase2Team2/src/test/resources/features/I_attendance5.feature:6)
]]>
    </error>
  </testcase> <!-- runScenario -->
  <testcase classname="com.LMS.testRunner.TestRunner" name="runScenario" time="0.211">
    <error message="invalid argument
  (Session info: MicrosoftEdge=116.0.1938.76)
Build info: version: &#039;4.10.0&#039;, revision: &#039;c14d967899&#039;
System info: os.name: &#039;Windows 11&#039;, os.arch: &#039;amd64&#039;, os.version: &#039;10.0&#039;, java.version: &#039;20.0.2&#039;
Driver info: org.openqa.selenium.edge.EdgeDriver
Command: [49d1b28bfcbbd22870cf5172a66c55de, get {url=LMSsite}]
Capabilities {acceptInsecureCerts: false, browserName: msedge, browserVersion: 116.0.1938.76, fedcm:accounts: true, ms:edgeOptions: {debuggerAddress: localhost:52688}, msedge: {msedgedriverVersion: 116.0.1938.76 (3ea752a1990a..., userDataDir: C:\Users\subul\AppData\Loca...}, networkConnectionEnabled: false, pageLoadStrategy: normal, platformName: windows, proxy: Proxy(), se:cdp: ws://localhost:52688/devtoo..., se:cdpVersion: 116.0.1938.76, setWindowRect: true, strictFileInteractability: false, timeouts: {implicit: 0, pageLoad: 300000, script: 30000}, unhandledPromptBehavior: dismiss and notify, webauthn:extension:credBlob: true, webauthn:extension:largeBlob: true, webauthn:extension:minPinLength: true, webauthn:extension:prf: true, webauthn:virtualAuthenticators: true}
Session ID: 49d1b28bfcbbd22870cf5172a66c55de" type="org.openqa.selenium.InvalidArgumentException">
      <![CDATA[org.openqa.selenium.InvalidArgumentException: invalid argument
  (Session info: MicrosoftEdge=116.0.1938.76)
Build info: version: '4.10.0', revision: 'c14d967899'
System info: os.name: 'Windows 11', os.arch: 'amd64', os.version: '10.0', java.version: '20.0.2'
Driver info: org.openqa.selenium.edge.EdgeDriver
Command: [49d1b28bfcbbd22870cf5172a66c55de, get {url=LMSsite}]
Capabilities {acceptInsecureCerts: false, browserName: msedge, browserVersion: 116.0.1938.76, fedcm:accounts: true, ms:edgeOptions: {debuggerAddress: localhost:52688}, msedge: {msedgedriverVersion: 116.0.1938.76 (3ea752a1990a..., userDataDir: C:\Users\subul\AppData\Loca...}, networkConnectionEnabled: false, pageLoadStrategy: normal, platformName: windows, proxy: Proxy(), se:cdp: ws://localhost:52688/devtoo..., se:cdpVersion: 116.0.1938.76, setWindowRect: true, strictFileInteractability: false, timeouts: {implicit: 0, pageLoad: 300000, script: 30000}, unhandledPromptBehavior: dismiss and notify, webauthn:extension:credBlob: true, webauthn:extension:largeBlob: true, webauthn:extension:minPinLength: true, webauthn:extension:prf: true, webauthn:virtualAuthenticators: true}
Session ID: 49d1b28bfcbbd22870cf5172a66c55de
at java.base/jdk.internal.reflect.DirectConstructorHandleAccessor.newInstance(DirectConstructorHandleAccessor.java:67)
at java.base/java.lang.reflect.Constructor.newInstanceWithCaller(Constructor.java:500)
at java.base/java.lang.reflect.Constructor.newInstance(Constructor.java:484)
at org.openqa.selenium.remote.codec.w3c.W3CHttpResponseCodec.createException(W3CHttpResponseCodec.java:199)
at org.openqa.selenium.remote.codec.w3c.W3CHttpResponseCodec.decode(W3CHttpResponseCodec.java:132)
at org.openqa.selenium.remote.codec.w3c.W3CHttpResponseCodec.decode(W3CHttpResponseCodec.java:51)
at org.openqa.selenium.remote.HttpCommandExecutor.execute(HttpCommandExecutor.java:191)
at org.openqa.selenium.remote.service.DriverCommandExecutor.invokeExecute(DriverCommandExecutor.java:196)
at org.openqa.selenium.remote.service.DriverCommandExecutor.execute(DriverCommandExecutor.java:171)
at org.openqa.selenium.remote.RemoteWebDriver.execute(RemoteWebDriver.java:531)
at org.openqa.selenium.remote.RemoteWebDriver.get(RemoteWebDriver.java:295)
at com.LMS.stepDefinitions.AttendanceSteps.admin_is_on_dashboard_page_after_login(AttendanceSteps.java:17)
at ?.Admin is on dashboard page after login(file:///C:/Users/subul/eclipse-workspace/LMSPhase2Team2/src/test/resources/features/I_attendance.feature:26)
]]>
    </error>
  </testcase> <!-- runScenario -->
  <testcase classname="com.LMS.testRunner.TestRunner" name="runScenario" time="0.189">
    <error message="invalid selector: An invalid or illegal selector was specified
  (Session info: MicrosoftEdge=116.0.1938.76)
For documentation on this error, please visit: https://www.selenium.dev/documentation/webdriver/troubleshooting/errors#invalid-selector-exception
Build info: version: &#039;4.10.0&#039;, revision: &#039;c14d967899&#039;
System info: os.name: &#039;Windows 11&#039;, os.arch: &#039;amd64&#039;, os.version: &#039;10.0&#039;, java.version: &#039;20.0.2&#039;
Driver info: org.openqa.selenium.edge.EdgeDriver
Command: [49d1b28bfcbbd22870cf5172a66c55de, findElement {using=id, value=}]
Capabilities {acceptInsecureCerts: false, browserName: msedge, browserVersion: 116.0.1938.76, fedcm:accounts: true, ms:edgeOptions: {debuggerAddress: localhost:52688}, msedge: {msedgedriverVersion: 116.0.1938.76 (3ea752a1990a..., userDataDir: C:\Users\subul\AppData\Loca...}, networkConnectionEnabled: false, pageLoadStrategy: normal, platformName: windows, proxy: Proxy(), se:cdp: ws://localhost:52688/devtoo..., se:cdpVersion: 116.0.1938.76, setWindowRect: true, strictFileInteractability: false, timeouts: {implicit: 0, pageLoad: 300000, script: 30000}, unhandledPromptBehavior: dismiss and notify, webauthn:extension:credBlob: true, webauthn:extension:largeBlob: true, webauthn:extension:minPinLength: true, webauthn:extension:prf: true, webauthn:virtualAuthenticators: true}
Session ID: 49d1b28bfcbbd22870cf5172a66c55de" type="org.openqa.selenium.InvalidSelectorException">
      <![CDATA[org.openqa.selenium.InvalidSelectorException: invalid selector: An invalid or illegal selector was specified
  (Session info: MicrosoftEdge=116.0.1938.76)
For documentation on this error, please visit: https://www.selenium.dev/documentation/webdriver/troubleshooting/errors#invalid-selector-exception
Build info: version: '4.10.0', revision: 'c14d967899'
System info: os.name: 'Windows 11', os.arch: 'amd64', os.version: '10.0', java.version: '20.0.2'
Driver info: org.openqa.selenium.edge.EdgeDriver
Command: [49d1b28bfcbbd22870cf5172a66c55de, findElement {using=id, value=}]
Capabilities {acceptInsecureCerts: false, browserName: msedge, browserVersion: 116.0.1938.76, fedcm:accounts: true, ms:edgeOptions: {debuggerAddress: localhost:52688}, msedge: {msedgedriverVersion: 116.0.1938.76 (3ea752a1990a..., userDataDir: C:\Users\subul\AppData\Loca...}, networkConnectionEnabled: false, pageLoadStrategy: normal, platformName: windows, proxy: Proxy(), se:cdp: ws://localhost:52688/devtoo..., se:cdpVersion: 116.0.1938.76, setWindowRect: true, strictFileInteractability: false, timeouts: {implicit: 0, pageLoad: 300000, script: 30000}, unhandledPromptBehavior: dismiss and notify, webauthn:extension:credBlob: true, webauthn:extension:largeBlob: true, webauthn:extension:minPinLength: true, webauthn:extension:prf: true, webauthn:virtualAuthenticators: true}
Session ID: 49d1b28bfcbbd22870cf5172a66c55de
at java.base/jdk.internal.reflect.DirectConstructorHandleAccessor.newInstance(DirectConstructorHandleAccessor.java:67)
at java.base/java.lang.reflect.Constructor.newInstanceWithCaller(Constructor.java:500)
at java.base/java.lang.reflect.Constructor.newInstance(Constructor.java:484)
at org.openqa.selenium.remote.codec.w3c.W3CHttpResponseCodec.createException(W3CHttpResponseCodec.java:199)
at org.openqa.selenium.remote.codec.w3c.W3CHttpResponseCodec.decode(W3CHttpResponseCodec.java:132)
at org.openqa.selenium.remote.codec.w3c.W3CHttpResponseCodec.decode(W3CHttpResponseCodec.java:51)
at org.openqa.selenium.remote.HttpCommandExecutor.execute(HttpCommandExecutor.java:191)
at org.openqa.selenium.remote.service.DriverCommandExecutor.invokeExecute(DriverCommandExecutor.java:196)
at org.openqa.selenium.remote.service.DriverCommandExecutor.execute(DriverCommandExecutor.java:171)
at org.openqa.selenium.remote.RemoteWebDriver.execute(RemoteWebDriver.java:531)
at org.openqa.selenium.remote.ElementLocation$ElementFinder$2.findElement(ElementLocation.java:165)
at org.openqa.selenium.remote.ElementLocation.findElement(ElementLocation.java:66)
at org.openqa.selenium.remote.RemoteWebDriver.findElement(RemoteWebDriver.java:350)
at org.openqa.selenium.remote.RemoteWebDriver.findElement(RemoteWebDriver.java:344)
at org.openqa.selenium.support.pagefactory.DefaultElementLocator.findElement(DefaultElementLocator.java:68)
at org.openqa.selenium.support.pagefactory.internal.LocatingElementHandler.invoke(LocatingElementHandler.java:38)
at jdk.proxy2/jdk.proxy2.$Proxy44.click(Unknown Source)
at com.LMS.Pages.AttendancePage.clickanewattendance(AttendancePage.java:93)
at com.LMS.stepDefinitions.AttendanceSteps.admin_is_in_add_attendance_details_popup_window(AttendanceSteps.java:471)
at ?.Admin is in add attendance details popup window(file:///C:/Users/subul/eclipse-workspace/LMSPhase2Team2/src/test/resources/features/I_attendance4.feature:46)
]]>
    </error>
  </testcase> <!-- runScenario -->
</testsuite> <!-- com.LMS.testRunner.TestRunner -->
